<?xml version="1.0" encoding="UTF-8"?>
<coverage generated="1612017346337" clover="3.2.0">
  <project timestamp="1612017346337" name="All files">
    <metrics statements="555" coveredstatements="250" conditionals="334" coveredconditionals="90" methods="129" coveredmethods="65" elements="1018" coveredelements="405" complexity="0" loc="555" ncloc="555" packages="4" files="18" classes="18"/>
    <package name="lib">
      <metrics statements="379" coveredstatements="115" conditionals="263" coveredconditionals="44" methods="70" coveredmethods="25"/>
      <file name="SchemaForm.tsx" path="/Users/wangy/IT/vue/vue3-json-schema-form/lib/SchemaForm.tsx">
        <metrics statements="48" coveredstatements="27" conditionals="18" coveredconditionals="6" methods="14" coveredmethods="8"/>
        <line num="13" count="3" type="stmt"/>
        <line num="14" count="3" type="stmt"/>
        <line num="16" count="3" type="stmt"/>
        <line num="17" count="3" type="stmt"/>
        <line num="31" count="3" type="stmt"/>
        <line num="35" count="3" type="stmt"/>
        <line num="67" count="7" type="stmt"/>
        <line num="68" count="5" type="stmt"/>
        <line num="71" count="7" type="stmt"/>
        <line num="72" count="7" type="stmt"/>
        <line num="73" count="7" type="stmt"/>
        <line num="74" count="7" type="stmt"/>
        <line num="79" count="7" type="cond" truecount="1" falsecount="1"/>
        <line num="80" count="0" type="stmt"/>
        <line num="83" count="0" type="stmt"/>
        <line num="84" count="0" type="stmt"/>
        <line num="88" count="7" type="stmt"/>
        <line num="89" count="7" type="stmt"/>
        <line num="92" count="0" type="stmt"/>
        <line num="93" count="0" type="stmt"/>
        <line num="100" count="0" type="cond" truecount="0" falsecount="2"/>
        <line num="101" count="0" type="stmt"/>
        <line num="103" count="0" type="stmt"/>
        <line num="105" count="0" type="stmt"/>
        <line num="106" count="0" type="stmt"/>
        <line num="108" count="7" type="stmt"/>
        <line num="109" count="8" type="stmt"/>
        <line num="111" count="1" type="cond" truecount="1" falsecount="1"/>
        <line num="112" count="0" type="stmt"/>
        <line num="117" count="7" type="stmt"/>
        <line num="118" count="7" type="stmt"/>
        <line num="120" count="7" type="cond" truecount="1" falsecount="1"/>
        <line num="121" count="0" type="stmt"/>
        <line num="122" count="0" type="stmt"/>
        <line num="124" count="0" type="stmt"/>
        <line num="125" count="0" type="stmt"/>
        <line num="126" count="0" type="stmt"/>
        <line num="137" count="7" type="stmt"/>
        <line num="139" count="0" type="cond" truecount="0" falsecount="2"/>
        <line num="140" count="0" type="stmt"/>
        <line num="143" count="0" type="stmt"/>
        <line num="144" count="0" type="stmt"/>
        <line num="145" count="0" type="stmt"/>
        <line num="149" count="7" type="stmt"/>
        <line num="153" count="7" type="stmt"/>
        <line num="154" count="7" type="stmt"/>
        <line num="155" count="7" type="stmt"/>
        <line num="156" count="7" type="stmt"/>
      </file>
      <file name="SchemaItem.tsx" path="/Users/wangy/IT/vue/vue3-json-schema-form/lib/SchemaItem.tsx">
        <metrics statements="23" coveredstatements="23" conditionals="4" coveredconditionals="4" methods="3" coveredmethods="3"/>
        <line num="2" count="3" type="stmt"/>
        <line num="3" count="3" type="stmt"/>
        <line num="4" count="3" type="stmt"/>
        <line num="5" count="3" type="stmt"/>
        <line num="6" count="3" type="stmt"/>
        <line num="7" count="3" type="stmt"/>
        <line num="8" count="3" type="stmt"/>
        <line num="13" count="17" type="stmt"/>
        <line num="14" count="19" type="stmt"/>
        <line num="15" count="19" type="stmt"/>
        <line num="17" count="17" type="stmt"/>
        <line num="18" count="19" type="stmt"/>
        <line num="19" count="19" type="stmt"/>
        <line num="20" count="19" type="stmt"/>
        <line num="22" count="19" type="stmt"/>
        <line num="24" count="7" type="stmt"/>
        <line num="25" count="7" type="stmt"/>
        <line num="28" count="6" type="stmt"/>
        <line num="29" count="6" type="stmt"/>
        <line num="32" count="3" type="stmt"/>
        <line num="33" count="3" type="stmt"/>
        <line num="36" count="3" type="stmt"/>
        <line num="39" count="19" type="stmt"/>
      </file>
      <file name="ThemeProvider.tsx" path="/Users/wangy/IT/vue/vue3-json-schema-form/lib/ThemeProvider.tsx">
        <metrics statements="20" coveredstatements="16" conditionals="16" coveredconditionals="10" methods="5" coveredmethods="5"/>
        <line num="18" count="3" type="stmt"/>
        <line num="19" count="3" type="stmt"/>
        <line num="20" count="3" type="stmt"/>
        <line num="21" count="3" type="stmt"/>
        <line num="30" count="7" type="stmt"/>
        <line num="31" count="7" type="stmt"/>
        <line num="32" count="7" type="stmt"/>
        <line num="33" count="7" type="cond" truecount="2" falsecount="0"/>
        <line num="43" count="15" type="stmt"/>
        <line num="44" count="15" type="cond" truecount="2" falsecount="0"/>
        <line num="45" count="7" type="stmt"/>
        <line num="46" count="7" type="cond" truecount="1" falsecount="1"/>
        <line num="47" count="0" type="cond" truecount="0" falsecount="2"/>
        <line num="48" count="0" type="stmt"/>
        <line num="51" count="7" type="cond" truecount="4" falsecount="2"/>
        <line num="52" count="0" type="stmt"/>
        <line num="56" count="15" type="stmt"/>
        <line num="59" count="15" type="cond" truecount="1" falsecount="1"/>
        <line num="60" count="0" type="stmt"/>
        <line num="62" count="15" type="stmt"/>
      </file>
      <file name="context.ts" path="/Users/wangy/IT/vue/vue3-json-schema-form/lib/context.ts">
        <metrics statements="6" coveredstatements="5" conditionals="5" coveredconditionals="4" methods="1" coveredmethods="1"/>
        <line num="2" count="3" type="stmt"/>
        <line num="3" count="3" type="stmt"/>
        <line num="11" count="21" type="stmt"/>
        <line num="12" count="21" type="cond" truecount="4" falsecount="1"/>
        <line num="13" count="0" type="stmt"/>
        <line num="15" count="21" type="stmt"/>
      </file>
      <file name="index.ts" path="/Users/wangy/IT/vue/vue3-json-schema-form/lib/index.ts">
        <metrics statements="7" coveredstatements="7" conditionals="2" coveredconditionals="2" methods="1" coveredmethods="1"/>
        <line num="1" count="3" type="stmt"/>
        <line num="2" count="3" type="stmt"/>
        <line num="3" count="3" type="stmt"/>
        <line num="4" count="3" type="stmt"/>
        <line num="5" count="3" type="stmt"/>
        <line num="6" count="78" type="cond" truecount="2" falsecount="0"/>
        <line num="7" count="3" type="stmt"/>
      </file>
      <file name="types.ts" path="/Users/wangy/IT/vue/vue3-json-schema-form/lib/types.ts">
        <metrics statements="15" coveredstatements="15" conditionals="6" coveredconditionals="6" methods="3" coveredmethods="3"/>
        <line num="4" count="3" type="cond" truecount="2" falsecount="0"/>
        <line num="5" count="3" type="stmt"/>
        <line num="6" count="3" type="stmt"/>
        <line num="7" count="3" type="stmt"/>
        <line num="8" count="3" type="stmt"/>
        <line num="9" count="3" type="stmt"/>
        <line num="10" count="3" type="stmt"/>
        <line num="38" count="3" type="stmt"/>
        <line num="66" count="3" type="stmt"/>
        <line num="86" count="3" type="stmt"/>
        <line num="105" count="3" type="cond" truecount="2" falsecount="0"/>
        <line num="106" count="3" type="stmt"/>
        <line num="109" count="3" type="cond" truecount="2" falsecount="0"/>
        <line num="110" count="3" type="stmt"/>
        <line num="111" count="3" type="stmt"/>
      </file>
      <file name="utils.ts" path="/Users/wangy/IT/vue/vue3-json-schema-form/lib/utils.ts">
        <metrics statements="192" coveredstatements="19" conditionals="169" coveredconditionals="12" methods="33" coveredmethods="4"/>
        <line num="1" count="3" type="stmt"/>
        <line num="5" count="3" type="stmt"/>
        <line num="6" count="3" type="stmt"/>
        <line num="7" count="3" type="stmt"/>
        <line num="10" count="27" type="cond" truecount="3" falsecount="0"/>
        <line num="14" count="0" type="cond" truecount="0" falsecount="2"/>
        <line num="22" count="57" type="stmt"/>
        <line num="29" count="3" type="stmt"/>
        <line num="31" count="0" type="stmt"/>
        <line num="32" count="0" type="stmt"/>
        <line num="40" count="19" type="cond" truecount="1" falsecount="1"/>
        <line num="41" count="0" type="stmt"/>
        <line num="42" count="19" type="cond" truecount="1" falsecount="1"/>
        <line num="43" count="0" type="stmt"/>
        <line num="44" count="0" type="stmt"/>
        <line num="45" count="19" type="cond" truecount="2" falsecount="2"/>
        <line num="46" count="0" type="stmt"/>
        <line num="49" count="0" type="stmt"/>
        <line num="54" count="19" type="stmt"/>
        <line num="63" count="19" type="cond" truecount="1" falsecount="1"/>
        <line num="64" count="0" type="stmt"/>
        <line num="66" count="19" type="stmt"/>
        <line num="69" count="19" type="cond" truecount="1" falsecount="1"/>
        <line num="70" count="0" type="stmt"/>
        <line num="71" count="0" type="stmt"/>
        <line num="77" count="0" type="stmt"/>
        <line num="78" count="0" type="stmt"/>
        <line num="79" count="0" type="stmt"/>
        <line num="83" count="19" type="cond" truecount="1" falsecount="1"/>
        <line num="85" count="19" type="cond" truecount="1" falsecount="1"/>
        <line num="87" count="0" type="stmt"/>
        <line num="93" count="19" type="stmt"/>
        <line num="96" count="3" type="stmt"/>
        <line num="104" count="0" type="stmt"/>
        <line num="109" count="0" type="stmt"/>
        <line num="110" count="0" type="cond" truecount="0" falsecount="2"/>
        <line num="112" count="0" type="stmt"/>
        <line num="116" count="0" type="cond" truecount="0" falsecount="2"/>
        <line num="117" count="0" type="stmt"/>
        <line num="122" count="0" type="cond" truecount="0" falsecount="2"/>
        <line num="123" count="0" type="stmt"/>
        <line num="125" count="0" type="stmt"/>
        <line num="129" count="0" type="stmt"/>
        <line num="131" count="0" type="stmt"/>
        <line num="134" count="0" type="stmt"/>
        <line num="152" count="0" type="stmt"/>
        <line num="154" count="0" type="stmt"/>
        <line num="156" count="0" type="stmt"/>
        <line num="160" count="0" type="stmt"/>
        <line num="161" count="0" type="cond" truecount="0" falsecount="2"/>
        <line num="163" count="0" type="stmt"/>
        <line num="165" count="0" type="stmt"/>
        <line num="167" count="0" type="stmt"/>
        <line num="168" count="0" type="cond" truecount="0" falsecount="2"/>
        <line num="169" count="0" type="stmt"/>
        <line num="171" count="0" type="cond" truecount="0" falsecount="2"/>
        <line num="173" count="0" type="stmt"/>
        <line num="175" count="0" type="stmt"/>
        <line num="184" count="0" type="cond" truecount="0" falsecount="1"/>
        <line num="185" count="0" type="cond" truecount="0" falsecount="2"/>
        <line num="186" count="0" type="stmt"/>
        <line num="190" count="0" type="cond" truecount="0" falsecount="2"/>
        <line num="191" count="0" type="stmt"/>
        <line num="196" count="0" type="stmt"/>
        <line num="205" count="0" type="stmt"/>
        <line num="207" count="0" type="cond" truecount="0" falsecount="2"/>
        <line num="208" count="0" type="stmt"/>
        <line num="211" count="0" type="cond" truecount="0" falsecount="2"/>
        <line num="215" count="0" type="stmt"/>
        <line num="220" count="0" type="stmt"/>
        <line num="221" count="0" type="cond" truecount="0" falsecount="2"/>
        <line num="222" count="0" type="stmt"/>
        <line num="223" count="0" type="cond" truecount="0" falsecount="2"/>
        <line num="224" count="0" type="stmt"/>
        <line num="232" count="0" type="stmt"/>
        <line num="239" count="0" type="stmt"/>
        <line num="243" count="0" type="cond" truecount="0" falsecount="2"/>
        <line num="244" count="0" type="stmt"/>
        <line num="246" count="0" type="stmt"/>
        <line num="249" count="0" type="stmt"/>
        <line num="260" count="0" type="stmt"/>
        <line num="265" count="0" type="stmt"/>
        <line num="267" count="0" type="cond" truecount="0" falsecount="2"/>
        <line num="268" count="0" type="stmt"/>
        <line num="269" count="0" type="cond" truecount="0" falsecount="2"/>
        <line num="270" count="0" type="stmt"/>
        <line num="273" count="0" type="stmt"/>
        <line num="274" count="0" type="stmt"/>
        <line num="278" count="0" type="stmt"/>
        <line num="294" count="0" type="stmt"/>
        <line num="295" count="0" type="cond" truecount="0" falsecount="2"/>
        <line num="296" count="0" type="stmt"/>
        <line num="298" count="0" type="stmt"/>
        <line num="299" count="0" type="cond" truecount="0" falsecount="2"/>
        <line num="300" count="0" type="stmt"/>
        <line num="307" count="0" type="stmt"/>
        <line num="308" count="0" type="cond" truecount="0" falsecount="2"/>
        <line num="311" count="0" type="cond" truecount="0" falsecount="2"/>
        <line num="312" count="0" type="stmt"/>
        <line num="315" count="0" type="stmt"/>
        <line num="318" count="0" type="stmt"/>
        <line num="322" count="0" type="stmt"/>
        <line num="323" count="0" type="stmt"/>
        <line num="324" count="0" type="stmt"/>
        <line num="337" count="0" type="stmt"/>
        <line num="338" count="0" type="stmt"/>
        <line num="339" count="0" type="cond" truecount="0" falsecount="2"/>
        <line num="340" count="0" type="stmt"/>
        <line num="341" count="0" type="cond" truecount="0" falsecount="5"/>
        <line num="342" count="0" type="stmt"/>
        <line num="343" count="0" type="cond" truecount="0" falsecount="2"/>
        <line num="353" count="0" type="stmt"/>
        <line num="355" count="0" type="stmt"/>
        <line num="357" count="0" type="stmt"/>
        <line num="371" count="0" type="stmt"/>
        <line num="373" count="0" type="cond" truecount="0" falsecount="4"/>
        <line num="374" count="0" type="stmt"/>
        <line num="377" count="0" type="cond" truecount="0" falsecount="4"/>
        <line num="378" count="0" type="stmt"/>
        <line num="381" count="0" type="cond" truecount="0" falsecount="5"/>
        <line num="382" count="0" type="stmt"/>
        <line num="385" count="0" type="stmt"/>
        <line num="386" count="0" type="cond" truecount="0" falsecount="5"/>
        <line num="387" count="0" type="stmt"/>
        <line num="390" count="0" type="stmt"/>
        <line num="419" count="3" type="stmt"/>
        <line num="420" count="0" type="cond" truecount="0" falsecount="2"/>
        <line num="421" count="0" type="stmt"/>
        <line num="422" count="0" type="cond" truecount="0" falsecount="2"/>
        <line num="423" count="0" type="stmt"/>
        <line num="424" count="0" type="cond" truecount="0" falsecount="2"/>
        <line num="425" count="0" type="stmt"/>
        <line num="426" count="0" type="cond" truecount="0" falsecount="2"/>
        <line num="427" count="0" type="stmt"/>
        <line num="428" count="0" type="cond" truecount="0" falsecount="2"/>
        <line num="429" count="0" type="stmt"/>
        <line num="430" count="0" type="cond" truecount="0" falsecount="2"/>
        <line num="431" count="0" type="stmt"/>
        <line num="434" count="0" type="stmt"/>
        <line num="438" count="0" type="stmt"/>
        <line num="445" count="0" type="stmt"/>
        <line num="446" count="0" type="cond" truecount="0" falsecount="2"/>
        <line num="447" count="0" type="cond" truecount="0" falsecount="2"/>
        <line num="448" count="0" type="stmt"/>
        <line num="449" count="0" type="cond" truecount="0" falsecount="2"/>
        <line num="450" count="0" type="stmt"/>
        <line num="452" count="0" type="stmt"/>
        <line num="456" count="0" type="cond" truecount="0" falsecount="4"/>
        <line num="457" count="0" type="stmt"/>
        <line num="459" count="0" type="stmt"/>
        <line num="468" count="0" type="stmt"/>
        <line num="469" count="0" type="stmt"/>
        <line num="478" count="0" type="cond" truecount="0" falsecount="2"/>
        <line num="481" count="0" type="stmt"/>
        <line num="482" count="0" type="stmt"/>
        <line num="490" count="0" type="cond" truecount="0" falsecount="2"/>
        <line num="492" count="0" type="stmt"/>
        <line num="494" count="0" type="cond" truecount="0" falsecount="2"/>
        <line num="495" count="0" type="stmt"/>
        <line num="498" count="0" type="stmt"/>
        <line num="501" count="0" type="stmt"/>
        <line num="503" count="0" type="stmt"/>
        <line num="505" count="0" type="stmt"/>
        <line num="510" count="0" type="stmt"/>
        <line num="512" count="0" type="cond" truecount="0" falsecount="2"/>
        <line num="513" count="0" type="stmt"/>
        <line num="515" count="0" type="cond" truecount="0" falsecount="2"/>
        <line num="516" count="0" type="stmt"/>
        <line num="519" count="0" type="stmt"/>
        <line num="523" count="0" type="cond" truecount="0" falsecount="2"/>
        <line num="524" count="0" type="cond" truecount="0" falsecount="2"/>
        <line num="525" count="0" type="stmt"/>
        <line num="527" count="0" type="stmt"/>
        <line num="528" count="0" type="cond" truecount="0" falsecount="2"/>
        <line num="529" count="0" type="stmt"/>
        <line num="531" count="0" type="stmt"/>
        <line num="533" count="0" type="cond" truecount="0" falsecount="2"/>
        <line num="534" count="0" type="stmt"/>
        <line num="535" count="0" type="stmt"/>
        <line num="536" count="0" type="stmt"/>
        <line num="540" count="0" type="stmt"/>
        <line num="543" count="0" type="stmt"/>
        <line num="553" count="0" type="cond" truecount="0" falsecount="2"/>
        <line num="554" count="0" type="stmt"/>
        <line num="557" count="0" type="stmt"/>
        <line num="566" count="0" type="cond" truecount="0" falsecount="2"/>
        <line num="568" count="0" type="stmt"/>
        <line num="570" count="0" type="cond" truecount="0" falsecount="4"/>
        <line num="571" count="0" type="stmt"/>
        <line num="573" count="0" type="cond" truecount="0" falsecount="5"/>
        <line num="574" count="0" type="stmt"/>
        <line num="576" count="0" type="cond" truecount="0" falsecount="2"/>
      </file>
      <file name="validator.ts" path="/Users/wangy/IT/vue/vue3-json-schema-form/lib/validator.ts">
        <metrics statements="68" coveredstatements="3" conditionals="43" coveredconditionals="0" methods="10" coveredmethods="0"/>
        <line num="3" count="3" type="stmt"/>
        <line num="4" count="3" type="stmt"/>
        <line num="6" count="3" type="stmt"/>
        <line num="18" count="0" type="cond" truecount="0" falsecount="4"/>
        <line num="19" count="0" type="stmt"/>
        <line num="20" count="0" type="stmt"/>
        <line num="37" count="0" type="stmt"/>
        <line num="38" count="0" type="stmt"/>
        <line num="39" count="0" type="stmt"/>
        <line num="40" count="0" type="stmt"/>
        <line num="42" count="0" type="stmt"/>
        <line num="43" count="0" type="stmt"/>
        <line num="45" count="0" type="stmt"/>
        <line num="46" count="0" type="stmt"/>
        <line num="47" count="0" type="stmt"/>
        <line num="48" count="0" type="stmt"/>
        <line num="49" count="0" type="cond" truecount="0" falsecount="2"/>
        <line num="50" count="0" type="stmt"/>
        <line num="57" count="0" type="stmt"/>
        <line num="58" count="0" type="stmt"/>
        <line num="59" count="0" type="stmt"/>
        <line num="60" count="0" type="cond" truecount="0" falsecount="2"/>
        <line num="61" count="0" type="stmt"/>
        <line num="67" count="0" type="stmt"/>
        <line num="68" count="0" type="stmt"/>
        <line num="69" count="0" type="stmt"/>
        <line num="70" count="0" type="stmt"/>
        <line num="79" count="0" type="stmt"/>
        <line num="80" count="0" type="stmt"/>
        <line num="82" count="0" type="cond" truecount="0" falsecount="2"/>
        <line num="83" count="0" type="stmt"/>
        <line num="84" count="0" type="stmt"/>
        <line num="85" count="0" type="cond" truecount="0" falsecount="4"/>
        <line num="86" count="0" type="stmt"/>
        <line num="88" count="0" type="stmt"/>
        <line num="92" count="0" type="stmt"/>
        <line num="93" count="0" type="cond" truecount="0" falsecount="2"/>
        <line num="94" count="0" type="stmt"/>
        <line num="95" count="0" type="stmt"/>
        <line num="96" count="0" type="stmt"/>
        <line num="98" count="0" type="stmt"/>
        <line num="106" count="0" type="stmt"/>
        <line num="107" count="0" type="stmt"/>
        <line num="108" count="0" type="cond" truecount="0" falsecount="2"/>
        <line num="109" count="0" type="stmt"/>
        <line num="110" count="0" type="cond" truecount="0" falsecount="5"/>
        <line num="111" count="0" type="stmt"/>
        <line num="112" count="0" type="cond" truecount="0" falsecount="5"/>
        <line num="113" count="0" type="stmt"/>
        <line num="115" count="0" type="stmt"/>
        <line num="117" count="0" type="stmt"/>
        <line num="129" count="0" type="cond" truecount="0" falsecount="2"/>
        <line num="130" count="0" type="stmt"/>
        <line num="131" count="0" type="stmt"/>
        <line num="132" count="0" type="stmt"/>
        <line num="133" count="0" type="stmt"/>
        <line num="134" count="0" type="cond" truecount="0" falsecount="4"/>
        <line num="135" count="0" type="stmt"/>
        <line num="137" count="0" type="stmt"/>
        <line num="138" count="0" type="cond" truecount="0" falsecount="2"/>
        <line num="139" count="0" type="stmt"/>
        <line num="141" count="0" type="stmt"/>
        <line num="144" count="0" type="cond" truecount="0" falsecount="2"/>
        <line num="145" count="0" type="cond" truecount="0" falsecount="2"/>
        <line num="147" count="0" type="stmt"/>
        <line num="148" count="0" type="cond" truecount="0" falsecount="2"/>
        <line num="149" count="0" type="stmt"/>
        <line num="152" count="0" type="stmt"/>
      </file>
    </package>
    <package name="lib.fileds">
      <metrics statements="113" coveredstatements="80" conditionals="60" coveredconditionals="35" methods="32" coveredmethods="20"/>
      <file name="ArrayField.tsx" path="/Users/wangy/IT/vue/vue3-json-schema-form/lib/fileds/ArrayField.tsx">
        <metrics statements="66" coveredstatements="35" conditionals="40" coveredconditionals="20" methods="19" coveredmethods="8"/>
        <line num="2" count="3" type="stmt"/>
        <line num="3" count="3" type="stmt"/>
        <line num="4" count="3" type="stmt"/>
        <line num="5" count="3" type="stmt"/>
        <line num="7" count="3" type="stmt"/>
        <line num="27" count="3" type="stmt"/>
        <line num="52" count="2" type="stmt"/>
        <line num="53" count="2" type="stmt"/>
        <line num="54" count="2" type="stmt"/>
        <line num="55" count="2" type="stmt"/>
        <line num="60" count="0" type="stmt"/>
        <line num="66" count="0" type="stmt"/>
        <line num="72" count="0" type="stmt"/>
        <line num="78" count="0" type="stmt"/>
        <line num="90" count="3" type="stmt"/>
        <line num="94" count="3" type="stmt"/>
        <line num="96" count="0" type="stmt"/>
        <line num="97" count="0" type="cond" truecount="0" falsecount="2"/>
        <line num="98" count="0" type="stmt"/>
        <line num="99" count="0" type="stmt"/>
        <line num="103" count="0" type="stmt"/>
        <line num="104" count="0" type="cond" truecount="0" falsecount="2"/>
        <line num="105" count="0" type="stmt"/>
        <line num="106" count="0" type="stmt"/>
        <line num="110" count="0" type="stmt"/>
        <line num="111" count="0" type="cond" truecount="0" falsecount="2"/>
        <line num="112" count="0" type="stmt"/>
        <line num="113" count="0" type="stmt"/>
        <line num="117" count="0" type="cond" truecount="0" falsecount="2"/>
        <line num="118" count="0" type="stmt"/>
        <line num="119" count="0" type="cond" truecount="0" falsecount="2"/>
        <line num="120" count="0" type="stmt"/>
        <line num="121" count="0" type="stmt"/>
        <line num="122" count="0" type="stmt"/>
        <line num="126" count="0" type="stmt"/>
        <line num="127" count="0" type="cond" truecount="0" falsecount="2"/>
        <line num="128" count="0" type="cond" truecount="0" falsecount="2"/>
        <line num="129" count="0" type="stmt"/>
        <line num="130" count="0" type="stmt"/>
        <line num="131" count="0" type="stmt"/>
        <line num="133" count="3" type="stmt"/>
        <line num="134" count="3" type="stmt"/>
        <line num="135" count="3" type="stmt"/>
        <line num="136" count="3" type="stmt"/>
        <line num="137" count="3" type="stmt"/>
        <line num="138" count="3" type="stmt"/>
        <line num="139" count="3" type="cond" truecount="2" falsecount="0"/>
        <line num="140" count="3" type="cond" truecount="2" falsecount="0"/>
        <line num="141" count="1" type="cond" truecount="1" falsecount="1"/>
        <line num="142" count="0" type="stmt"/>
        <line num="144" count="1" type="stmt"/>
        <line num="145" count="1" type="cond" truecount="1" falsecount="1"/>
        <line num="146" count="1" type="stmt"/>
        <line num="147" count="2" type="stmt"/>
        <line num="148" count="2" type="stmt"/>
        <line num="151" count="2" type="stmt"/>
        <line num="159" count="0" type="stmt"/>
        <line num="163" count="2" type="cond" truecount="2" falsecount="0"/>
        <line num="164" count="1" type="cond" truecount="1" falsecount="1"/>
        <line num="165" count="1" type="stmt"/>
        <line num="166" count="4" type="stmt"/>
        <line num="181" count="0" type="stmt"/>
        <line num="187" count="1" type="stmt"/>
        <line num="188" count="1" type="stmt"/>
        <line num="189" count="2" type="stmt"/>
        <line num="194" count="1" type="stmt"/>
      </file>
      <file name="NumberField.tsx" path="/Users/wangy/IT/vue/vue3-json-schema-form/lib/fileds/NumberField.tsx">
        <metrics statements="14" coveredstatements="13" conditionals="4" coveredconditionals="3" methods="3" coveredmethods="3"/>
        <line num="2" count="3" type="stmt"/>
        <line num="3" count="3" type="stmt"/>
        <line num="4" count="3" type="stmt"/>
        <line num="8" count="5" type="stmt"/>
        <line num="9" count="1" type="stmt"/>
        <line num="10" count="1" type="stmt"/>
        <line num="11" count="1" type="cond" truecount="1" falsecount="1"/>
        <line num="12" count="0" type="stmt"/>
        <line num="14" count="1" type="stmt"/>
        <line num="17" count="5" type="stmt"/>
        <line num="18" count="5" type="stmt"/>
        <line num="19" count="6" type="stmt"/>
        <line num="20" count="6" type="stmt"/>
        <line num="21" count="6" type="stmt"/>
      </file>
      <file name="ObjectField.tsx" path="/Users/wangy/IT/vue/vue3-json-schema-form/lib/fileds/ObjectField.tsx">
        <metrics statements="18" coveredstatements="18" conditionals="14" coveredconditionals="10" methods="5" coveredmethods="5"/>
        <line num="2" count="3" type="stmt"/>
        <line num="3" count="3" type="stmt"/>
        <line num="4" count="3" type="stmt"/>
        <line num="6" count="3" type="stmt"/>
        <line num="10" count="3" type="stmt"/>
        <line num="12" count="4" type="cond" truecount="2" falsecount="0"/>
        <line num="13" count="4" type="cond" truecount="2" falsecount="0"/>
        <line num="14" count="2" type="stmt"/>
        <line num="16" count="2" type="stmt"/>
        <line num="18" count="4" type="stmt"/>
        <line num="20" count="3" type="stmt"/>
        <line num="21" count="4" type="stmt"/>
        <line num="22" count="4" type="stmt"/>
        <line num="23" count="4" type="cond" truecount="1" falsecount="1"/>
        <line num="24" count="4" type="cond" truecount="2" falsecount="0"/>
        <line num="25" count="4" type="stmt"/>
        <line num="26" count="8" type="stmt"/>
        <line num="34" count="4" type="stmt"/>
      </file>
      <file name="StringField.tsx" path="/Users/wangy/IT/vue/vue3-json-schema-form/lib/fileds/StringField.tsx">
        <metrics statements="15" coveredstatements="14" conditionals="2" coveredconditionals="2" methods="5" coveredmethods="4"/>
        <line num="2" count="3" type="stmt"/>
        <line num="3" count="3" type="stmt"/>
        <line num="4" count="3" type="stmt"/>
        <line num="8" count="6" type="stmt"/>
        <line num="9" count="7" type="stmt"/>
        <line num="10" count="7" type="stmt"/>
        <line num="12" count="6" type="stmt"/>
        <line num="13" count="0" type="stmt"/>
        <line num="15" count="6" type="stmt"/>
        <line num="16" count="7" type="stmt"/>
        <line num="17" count="7" type="stmt"/>
        <line num="19" count="6" type="stmt"/>
        <line num="20" count="7" type="stmt"/>
        <line num="21" count="7" type="stmt"/>
        <line num="22" count="7" type="stmt"/>
      </file>
    </package>
    <package name="lib.theme-default">
      <metrics statements="56" coveredstatements="48" conditionals="9" coveredconditionals="9" methods="23" coveredmethods="16"/>
      <file name="NumberWidget.tsx" path="/Users/wangy/IT/vue/vue3-json-schema-form/lib/theme-default/NumberWidget.tsx">
        <metrics statements="9" coveredstatements="9" conditionals="0" coveredconditionals="0" methods="3" coveredmethods="3"/>
        <line num="2" count="3" type="stmt"/>
        <line num="3" count="3" type="stmt"/>
        <line num="5" count="3" type="stmt"/>
        <line num="10" count="5" type="stmt"/>
        <line num="11" count="1" type="stmt"/>
        <line num="12" count="1" type="stmt"/>
        <line num="13" count="1" type="stmt"/>
        <line num="15" count="6" type="stmt"/>
        <line num="26" count="3" type="stmt"/>
      </file>
      <file name="SelectionWidget.tsx" path="/Users/wangy/IT/vue/vue3-json-schema-form/lib/theme-default/SelectionWidget.tsx">
        <metrics statements="14" coveredstatements="11" conditionals="0" coveredconditionals="0" methods="7" coveredmethods="4"/>
        <line num="2" count="3" type="stmt"/>
        <line num="3" count="3" type="stmt"/>
        <line num="4" count="3" type="stmt"/>
        <line num="8" count="1" type="stmt"/>
        <line num="10" count="1" type="stmt"/>
        <line num="11" count="0" type="stmt"/>
        <line num="14" count="1" type="stmt"/>
        <line num="15" count="1" type="stmt"/>
        <line num="17" count="0" type="stmt"/>
        <line num="20" count="1" type="stmt"/>
        <line num="21" count="1" type="stmt"/>
        <line num="22" count="0" type="stmt"/>
        <line num="24" count="2" type="stmt"/>
        <line num="33" count="3" type="stmt"/>
      </file>
      <file name="TextWidget.tsx" path="/Users/wangy/IT/vue/vue3-json-schema-form/lib/theme-default/TextWidget.tsx">
        <metrics statements="12" coveredstatements="9" conditionals="3" coveredconditionals="3" methods="4" coveredmethods="3"/>
        <line num="2" count="3" type="stmt"/>
        <line num="3" count="3" type="stmt"/>
        <line num="4" count="3" type="stmt"/>
        <line num="9" count="6" type="stmt"/>
        <line num="10" count="0" type="stmt"/>
        <line num="11" count="0" type="stmt"/>
        <line num="12" count="0" type="stmt"/>
        <line num="14" count="6" type="stmt"/>
        <line num="15" count="7" type="cond" truecount="3" falsecount="0"/>
        <line num="17" count="6" type="stmt"/>
        <line num="18" count="7" type="stmt"/>
        <line num="32" count="3" type="stmt"/>
      </file>
      <file name="formItem.tsx" path="/Users/wangy/IT/vue/vue3-json-schema-form/lib/theme-default/formItem.tsx">
        <metrics statements="13" coveredstatements="12" conditionals="6" coveredconditionals="6" methods="7" coveredmethods="6"/>
        <line num="2" count="3" type="stmt"/>
        <line num="3" count="3" type="stmt"/>
        <line num="4" count="3" type="stmt"/>
        <line num="8" count="12" type="stmt"/>
        <line num="22" count="12" type="stmt"/>
        <line num="23" count="12" type="stmt"/>
        <line num="24" count="14" type="stmt"/>
        <line num="25" count="14" type="cond" truecount="2" falsecount="0"/>
        <line num="32" count="0" type="stmt"/>
        <line num="41" count="3" type="stmt"/>
        <line num="43" count="9" type="stmt"/>
        <line num="47" count="12" type="stmt"/>
        <line num="48" count="28" type="stmt"/>
      </file>
      <file name="index.tsx" path="/Users/wangy/IT/vue/vue3-json-schema-form/lib/theme-default/index.tsx">
        <metrics statements="8" coveredstatements="7" conditionals="0" coveredconditionals="0" methods="2" coveredmethods="0"/>
        <line num="1" count="3" type="stmt"/>
        <line num="2" count="3" type="stmt"/>
        <line num="3" count="3" type="stmt"/>
        <line num="4" count="3" type="stmt"/>
        <line num="5" count="3" type="stmt"/>
        <line num="6" count="3" type="stmt"/>
        <line num="10" count="0" type="stmt"/>
        <line num="13" count="3" type="stmt"/>
      </file>
    </package>
    <package name="tests.unit.utils">
      <metrics statements="7" coveredstatements="7" conditionals="2" coveredconditionals="2" methods="4" coveredmethods="4"/>
      <file name="TestComponent.tsx" path="/Users/wangy/IT/vue/vue3-json-schema-form/tests/unit/utils/TestComponent.tsx">
        <metrics statements="7" coveredstatements="7" conditionals="2" coveredconditionals="2" methods="4" coveredmethods="4"/>
        <line num="2" count="3" type="stmt"/>
        <line num="3" count="3" type="stmt"/>
        <line num="4" count="3" type="stmt"/>
        <line num="6" count="3" type="stmt"/>
        <line num="9" count="14" type="stmt"/>
        <line num="17" count="3" type="stmt"/>
        <line num="33" count="14" type="stmt"/>
      </file>
    </package>
  </project>
</coverage>
