{"/Users/wangy/IT/vue/vue3-json-schema-form/lib/SchemaForm.tsx": {"path":"/Users/wangy/IT/vue/vue3-json-schema-form/lib/SchemaForm.tsx","statementMap":{"0":{"start":{"line":13,"column":0},"end":{"line":13,"column":null}},"1":{"start":{"line":14,"column":0},"end":{"line":14,"column":null}},"2":{"start":{"line":16,"column":0},"end":{"line":16,"column":null}},"3":{"start":{"line":17,"column":0},"end":{"line":17,"column":null}},"4":{"start":{"line":31,"column":35},"end":{"line":31,"column":null}},"5":{"start":{"line":35,"column":15},"end":{"line":35,"column":31}},"6":{"start":{"line":67,"column":21},"end":{"line":69,"column":null}},"7":{"start":{"line":68,"column":6},"end":{"line":68,"column":11}},"8":{"start":{"line":71,"column":39},"end":{"line":71,"column":null}},"9":{"start":{"line":72,"column":45},"end":{"line":72,"column":56}},"10":{"start":{"line":73,"column":4},"end":{"line":73,"column":16}},"11":{"start":{"line":74,"column":6},"end":{"line":74,"column":18}},"12":{"start":{"line":79,"column":6},"end":{"line":86,"column":null}},"13":{"start":{"line":80,"column":30},"end":{"line":82,"column":13}},"14":{"start":{"line":83,"column":8},"end":{"line":83,"column":21}},"15":{"start":{"line":84,"column":10},"end":{"line":84,"column":22}},"16":{"start":{"line":88,"column":31},"end":{"line":88,"column":null}},"17":{"start":{"line":89,"column":26},"end":{"line":89,"column":30}},"18":{"start":{"line":92,"column":21},"end":{"line":92,"column":null}},"19":{"start":{"line":93,"column":21},"end":{"line":93,"column":null}},"20":{"start":{"line":100,"column":6},"end":{"line":102,"column":null}},"21":{"start":{"line":101,"column":8},"end":{"line":101,"column":null}},"22":{"start":{"line":103,"column":6},"end":{"line":103,"column":20}},"23":{"start":{"line":105,"column":6},"end":{"line":105,"column":24}},"24":{"start":{"line":106,"column":6},"end":{"line":106,"column":24}},"25":{"start":{"line":108,"column":4},"end":{"line":108,"column":null}},"26":{"start":{"line":109,"column":12},"end":{"line":109,"column":null}},"27":{"start":{"line":111,"column":8},"end":{"line":113,"column":null}},"28":{"start":{"line":112,"column":10},"end":{"line":112,"column":null}},"29":{"start":{"line":117,"column":4},"end":{"line":117,"column":null}},"30":{"start":{"line":118,"column":12},"end":{"line":118,"column":null}},"31":{"start":{"line":120,"column":8},"end":{"line":130,"column":null}},"32":{"start":{"line":121,"column":10},"end":{"line":121,"column":17}},"33":{"start":{"line":122,"column":10},"end":{"line":122,"column":15}},"34":{"start":{"line":124,"column":14},"end":{"line":124,"column":21}},"35":{"start":{"line":125,"column":16},"end":{"line":125,"column":34}},"36":{"start":{"line":126,"column":16},"end":{"line":126,"column":null}},"37":{"start":{"line":137,"column":25},"end":{"line":137,"column":34}},"38":{"start":{"line":139,"column":6},"end":{"line":147,"column":null}},"39":{"start":{"line":140,"column":30},"end":{"line":142,"column":13}},"40":{"start":{"line":143,"column":8},"end":{"line":143,"column":15}},"41":{"start":{"line":144,"column":10},"end":{"line":144,"column":16}},"42":{"start":{"line":145,"column":10},"end":{"line":145,"column":17}},"43":{"start":{"line":149,"column":25},"end":{"line":149,"column":null}},"44":{"start":{"line":153,"column":4},"end":{"line":153,"column":12}},"45":{"start":{"line":154,"column":4},"end":{"line":154,"column":11}},"46":{"start":{"line":155,"column":42},"end":{"line":155,"column":null}},"47":{"start":{"line":156,"column":6},"end":{"line":156,"column":null}}},"fnMap":{"0":{"name":"(anonymous_0)","decl":{"start":{"line":66,"column":2},"end":{"line":66,"column":7}},"loc":{"start":{"line":66,"column":13},"end":{"line":167,"column":null}}},"1":{"name":"(anonymous_1)","decl":{"start":{"line":67,"column":21},"end":{"line":67,"column":30}},"loc":{"start":{"line":67,"column":36},"end":{"line":69,"column":null}}},"2":{"name":"(anonymous_2)","decl":{"start":{"line":73,"column":16},"end":{"line":73,"column":21}},"loc":{"start":{"line":73,"column":21},"end":{"line":87,"column":null}}},"3":{"name":"(anonymous_3)","decl":{"start":{"line":83,"column":31},"end":{"line":83,"column":41}},"loc":{"start":{"line":83,"column":41},"end":{"line":85,"column":null}}},"4":{"name":"doValidate","decl":{"start":{"line":91,"column":19},"end":{"line":91,"column":29}},"loc":{"start":{"line":91,"column":29},"end":{"line":107,"column":null}}},"5":{"name":"(anonymous_5)","decl":{"start":{"line":109,"column":6},"end":{"line":109,"column":12}},"loc":{"start":{"line":109,"column":12},"end":{"line":109,"column":null}}},"6":{"name":"(anonymous_6)","decl":{"start":{"line":110,"column":6},"end":{"line":110,"column":11}},"loc":{"start":{"line":110,"column":11},"end":{"line":114,"column":null}}},"7":{"name":"(anonymous_7)","decl":{"start":{"line":118,"column":6},"end":{"line":118,"column":12}},"loc":{"start":{"line":118,"column":12},"end":{"line":118,"column":null}}},"8":{"name":"(anonymous_8)","decl":{"start":{"line":119,"column":6},"end":{"line":119,"column":11}},"loc":{"start":{"line":119,"column":11},"end":{"line":131,"column":null}}},"9":{"name":"(anonymous_9)","decl":{"start":{"line":123,"column":12},"end":{"line":123,"column":18}},"loc":{"start":{"line":123,"column":28},"end":{"line":128,"column":null}}},"10":{"name":"(anonymous_10)","decl":{"start":{"line":124,"column":34},"end":{"line":124,"column":45}},"loc":{"start":{"line":124,"column":45},"end":{"line":127,"column":null}}},"11":{"name":"(anonymous_11)","decl":{"start":{"line":137,"column":34},"end":{"line":137,"column":39}},"loc":{"start":{"line":137,"column":39},"end":{"line":148,"column":null}}},"12":{"name":"(anonymous_12)","decl":{"start":{"line":143,"column":36},"end":{"line":143,"column":37}},"loc":{"start":{"line":143,"column":55},"end":{"line":146,"column":11}}},"13":{"name":"(anonymous_13)","decl":{"start":{"line":154,"column":11},"end":{"line":154,"column":16}},"loc":{"start":{"line":154,"column":16},"end":{"line":166,"column":null}}}},"branchMap":{"0":{"loc":{"start":{"line":79,"column":6},"end":{"line":86,"column":null}},"type":"if","locations":[{"start":{"line":79,"column":6},"end":{"line":86,"column":null}},{"start":{"line":79,"column":6},"end":{"line":86,"column":null}}]},"1":{"loc":{"start":{"line":81,"column":12},"end":{"line":81,"column":null}},"type":"cond-expr","locations":[{"start":{"line":81,"column":12},"end":{"line":81,"column":null}},{"start":{"line":82,"column":12},"end":{"line":82,"column":13}}]},"2":{"loc":{"start":{"line":100,"column":6},"end":{"line":102,"column":null}},"type":"if","locations":[{"start":{"line":100,"column":6},"end":{"line":102,"column":null}},{"start":{"line":100,"column":6},"end":{"line":102,"column":null}}]},"3":{"loc":{"start":{"line":111,"column":8},"end":{"line":113,"column":null}},"type":"if","locations":[{"start":{"line":111,"column":8},"end":{"line":113,"column":null}},{"start":{"line":111,"column":8},"end":{"line":113,"column":null}}]},"4":{"loc":{"start":{"line":120,"column":8},"end":{"line":130,"column":null}},"type":"if","locations":[{"start":{"line":120,"column":8},"end":{"line":130,"column":null}},{"start":{"line":120,"column":8},"end":{"line":130,"column":null}}]},"5":{"loc":{"start":{"line":139,"column":6},"end":{"line":147,"column":null}},"type":"if","locations":[{"start":{"line":139,"column":6},"end":{"line":147,"column":null}},{"start":{"line":139,"column":6},"end":{"line":147,"column":null}}]},"6":{"loc":{"start":{"line":141,"column":12},"end":{"line":141,"column":null}},"type":"cond-expr","locations":[{"start":{"line":141,"column":12},"end":{"line":141,"column":null}},{"start":{"line":142,"column":12},"end":{"line":142,"column":13}}]},"7":{"loc":{"start":{"line":158,"column":20},"end":{"line":158,"column":28}},"type":"binary-expr","locations":[{"start":{"line":158,"column":20},"end":{"line":158,"column":28}},{"start":{"line":158,"column":32},"end":{"line":158,"column":null}}]},"8":{"loc":{"start":{"line":159,"column":23},"end":{"line":159,"column":47}},"type":"binary-expr","locations":[{"start":{"line":159,"column":23},"end":{"line":159,"column":47}},{"start":{"line":159,"column":47},"end":{"line":159,"column":null}}]}},"s":{"0":3,"1":3,"2":3,"3":3,"4":3,"5":3,"6":7,"7":5,"8":7,"9":7,"10":7,"11":7,"12":7,"13":0,"14":0,"15":0,"16":7,"17":7,"18":0,"19":0,"20":0,"21":0,"22":0,"23":0,"24":0,"25":7,"26":8,"27":1,"28":0,"29":7,"30":7,"31":7,"32":0,"33":0,"34":0,"35":0,"36":0,"37":7,"38":0,"39":0,"40":0,"41":0,"42":0,"43":7,"44":7,"45":7,"46":7,"47":7},"f":{"0":7,"1":5,"2":7,"3":0,"4":0,"5":8,"6":1,"7":7,"8":7,"9":0,"10":0,"11":0,"12":0,"13":7},"b":{"0":[0,7],"1":[0,0],"2":[0,0],"3":[0,1],"4":[0,7],"5":[0,0],"6":[0,0],"7":[7,7],"8":[7,0]}}
,"/Users/wangy/IT/vue/vue3-json-schema-form/lib/SchemaItem.tsx": {"path":"/Users/wangy/IT/vue/vue3-json-schema-form/lib/SchemaItem.tsx","statementMap":{"0":{"start":{"line":2,"column":0},"end":{"line":2,"column":null}},"1":{"start":{"line":3,"column":0},"end":{"line":3,"column":null}},"2":{"start":{"line":4,"column":0},"end":{"line":4,"column":null}},"3":{"start":{"line":5,"column":0},"end":{"line":5,"column":null}},"4":{"start":{"line":6,"column":0},"end":{"line":6,"column":null}},"5":{"start":{"line":7,"column":0},"end":{"line":7,"column":null}},"6":{"start":{"line":8,"column":15},"end":{"line":8,"column":31}},"7":{"start":{"line":13,"column":31},"end":{"line":13,"column":40}},"8":{"start":{"line":14,"column":44},"end":{"line":14,"column":null}},"9":{"start":{"line":15,"column":6},"end":{"line":15,"column":13}},"10":{"start":{"line":17,"column":4},"end":{"line":17,"column":11}},"11":{"start":{"line":18,"column":25},"end":{"line":18,"column":null}},"12":{"start":{"line":19,"column":30},"end":{"line":19,"column":null}},"13":{"start":{"line":20,"column":19},"end":{"line":20,"column":null}},"14":{"start":{"line":22,"column":6},"end":{"line":22,"column":14}},"15":{"start":{"line":24,"column":10},"end":{"line":24,"column":19}},"16":{"start":{"line":25,"column":10},"end":{"line":25,"column":null}},"17":{"start":{"line":28,"column":10},"end":{"line":28,"column":19}},"18":{"start":{"line":29,"column":10},"end":{"line":29,"column":null}},"19":{"start":{"line":32,"column":10},"end":{"line":32,"column":19}},"20":{"start":{"line":33,"column":10},"end":{"line":33,"column":null}},"21":{"start":{"line":36,"column":10},"end":{"line":36,"column":19}},"22":{"start":{"line":39,"column":6},"end":{"line":39,"column":28}}},"fnMap":{"0":{"name":"(anonymous_0)","decl":{"start":{"line":11,"column":2},"end":{"line":11,"column":7}},"loc":{"start":{"line":11,"column":13},"end":{"line":41,"column":null}}},"1":{"name":"(anonymous_1)","decl":{"start":{"line":13,"column":40},"end":{"line":13,"column":45}},"loc":{"start":{"line":13,"column":45},"end":{"line":16,"column":null}}},"2":{"name":"(anonymous_2)","decl":{"start":{"line":17,"column":11},"end":{"line":17,"column":16}},"loc":{"start":{"line":17,"column":16},"end":{"line":40,"column":null}}}},"branchMap":{"0":{"loc":{"start":{"line":23,"column":8},"end":{"line":26,"column":null}},"type":"switch","locations":[{"start":{"line":23,"column":8},"end":{"line":26,"column":null}},{"start":{"line":27,"column":8},"end":{"line":30,"column":null}},{"start":{"line":31,"column":8},"end":{"line":34,"column":null}},{"start":{"line":35,"column":8},"end":{"line":37,"column":null}}]}},"s":{"0":3,"1":3,"2":3,"3":3,"4":3,"5":3,"6":3,"7":17,"8":19,"9":19,"10":17,"11":19,"12":19,"13":19,"14":19,"15":7,"16":7,"17":6,"18":6,"19":3,"20":3,"21":3,"22":19},"f":{"0":17,"1":19,"2":19},"b":{"0":[7,6,3,3]}}
,"/Users/wangy/IT/vue/vue3-json-schema-form/lib/ThemeProvider.tsx": {"path":"/Users/wangy/IT/vue/vue3-json-schema-form/lib/ThemeProvider.tsx","statementMap":{"0":{"start":{"line":18,"column":0},"end":{"line":18,"column":null}},"1":{"start":{"line":19,"column":0},"end":{"line":19,"column":null}},"2":{"start":{"line":20,"column":19},"end":{"line":20,"column":null}},"3":{"start":{"line":21,"column":15},"end":{"line":21,"column":31}},"4":{"start":{"line":30,"column":21},"end":{"line":30,"column":30}},"5":{"start":{"line":30,"column":36},"end":{"line":30,"column":null}},"6":{"start":{"line":31,"column":4},"end":{"line":31,"column":12}},"7":{"start":{"line":32,"column":4},"end":{"line":32,"column":11}},"8":{"start":{"line":33,"column":6},"end":{"line":33,"column":19}},"9":{"start":{"line":43,"column":27},"end":{"line":43,"column":null}},"10":{"start":{"line":44,"column":2},"end":{"line":54,"column":null}},"11":{"start":{"line":45,"column":33},"end":{"line":45,"column":null}},"12":{"start":{"line":46,"column":4},"end":{"line":50,"column":null}},"13":{"start":{"line":47,"column":6},"end":{"line":49,"column":null}},"14":{"start":{"line":48,"column":8},"end":{"line":48,"column":15}},"15":{"start":{"line":51,"column":4},"end":{"line":53,"column":null}},"16":{"start":{"line":52,"column":6},"end":{"line":52,"column":13}},"17":{"start":{"line":56,"column":50},"end":{"line":56,"column":null}},"18":{"start":{"line":59,"column":2},"end":{"line":61,"column":null}},"19":{"start":{"line":60,"column":4},"end":{"line":60,"column":10}},"20":{"start":{"line":62,"column":2},"end":{"line":62,"column":9}},"21":{"start":{"line":62,"column":24},"end":{"line":62,"column":31}}},"fnMap":{"0":{"name":"(anonymous_0)","decl":{"start":{"line":29,"column":2},"end":{"line":29,"column":7}},"loc":{"start":{"line":29,"column":24},"end":{"line":35,"column":null}}},"1":{"name":"(anonymous_1)","decl":{"start":{"line":30,"column":30},"end":{"line":30,"column":36}},"loc":{"start":{"line":30,"column":36},"end":{"line":30,"column":null}}},"2":{"name":"(anonymous_2)","decl":{"start":{"line":32,"column":11},"end":{"line":32,"column":16}},"loc":{"start":{"line":32,"column":16},"end":{"line":34,"column":null}}},"3":{"name":"getWidgets","decl":{"start":{"line":39,"column":16},"end":{"line":39,"column":null}},"loc":{"start":{"line":41,"column":52},"end":{"line":63,"column":null}}},"4":{"name":"(anonymous_4)","decl":{"start":{"line":62,"column":18},"end":{"line":62,"column":24}},"loc":{"start":{"line":62,"column":24},"end":{"line":62,"column":31}}}},"branchMap":{"0":{"loc":{"start":{"line":33,"column":19},"end":{"line":33,"column":36}},"type":"binary-expr","locations":[{"start":{"line":33,"column":19},"end":{"line":33,"column":36}},{"start":{"line":33,"column":36},"end":{"line":33,"column":41}}]},"1":{"loc":{"start":{"line":44,"column":2},"end":{"line":54,"column":null}},"type":"if","locations":[{"start":{"line":44,"column":2},"end":{"line":54,"column":null}},{"start":{"line":44,"column":2},"end":{"line":54,"column":null}}]},"2":{"loc":{"start":{"line":46,"column":4},"end":{"line":50,"column":null}},"type":"if","locations":[{"start":{"line":46,"column":4},"end":{"line":50,"column":null}},{"start":{"line":46,"column":4},"end":{"line":50,"column":null}}]},"3":{"loc":{"start":{"line":47,"column":6},"end":{"line":49,"column":null}},"type":"if","locations":[{"start":{"line":47,"column":6},"end":{"line":49,"column":null}},{"start":{"line":47,"column":6},"end":{"line":49,"column":null}}]},"4":{"loc":{"start":{"line":51,"column":4},"end":{"line":53,"column":null}},"type":"if","locations":[{"start":{"line":51,"column":4},"end":{"line":53,"column":null}},{"start":{"line":51,"column":4},"end":{"line":53,"column":null}}]},"5":{"loc":{"start":{"line":51,"column":8},"end":{"line":51,"column":18}},"type":"binary-expr","locations":[{"start":{"line":51,"column":8},"end":{"line":51,"column":18}},{"start":{"line":51,"column":8},"end":{"line":51,"column":18}},{"start":{"line":51,"column":8},"end":{"line":51,"column":28}},{"start":{"line":51,"column":28},"end":{"line":51,"column":37}}]},"6":{"loc":{"start":{"line":59,"column":2},"end":{"line":61,"column":null}},"type":"if","locations":[{"start":{"line":59,"column":2},"end":{"line":61,"column":null}},{"start":{"line":59,"column":2},"end":{"line":61,"column":null}}]}},"s":{"0":3,"1":3,"2":3,"3":3,"4":7,"5":7,"6":7,"7":7,"8":7,"9":15,"10":15,"11":7,"12":7,"13":0,"14":0,"15":7,"16":0,"17":15,"18":15,"19":0,"20":15,"21":15},"f":{"0":7,"1":7,"2":7,"3":15,"4":15},"b":{"0":[7,7],"1":[7,8],"2":[0,7],"3":[0,0],"4":[0,7],"5":[7,7,7,0],"6":[0,15]}}
,"/Users/wangy/IT/vue/vue3-json-schema-form/lib/context.ts": {"path":"/Users/wangy/IT/vue/vue3-json-schema-form/lib/context.ts","statementMap":{"0":{"start":{"line":2,"column":0},"end":{"line":2,"column":null}},"1":{"start":{"line":3,"column":33},"end":{"line":3,"column":null}},"2":{"start":{"line":11,"column":18},"end":{"line":11,"column":25}},"3":{"start":{"line":12,"column":2},"end":{"line":14,"column":null}},"4":{"start":{"line":13,"column":4},"end":{"line":13,"column":10}},"5":{"start":{"line":15,"column":2},"end":{"line":15,"column":9}}},"fnMap":{"0":{"name":"useVJSFCContext","decl":{"start":{"line":5,"column":16},"end":{"line":5,"column":31}},"loc":{"start":{"line":5,"column":31},"end":{"line":16,"column":null}}}},"branchMap":{"0":{"loc":{"start":{"line":12,"column":2},"end":{"line":14,"column":null}},"type":"if","locations":[{"start":{"line":12,"column":2},"end":{"line":14,"column":null}},{"start":{"line":12,"column":2},"end":{"line":14,"column":null}}]},"1":{"loc":{"start":{"line":12,"column":7},"end":{"line":12,"column":6}},"type":"binary-expr","locations":[{"start":{"line":12,"column":7},"end":{"line":12,"column":6}},{"start":{"line":12,"column":7},"end":{"line":12,"column":6}},{"start":{"line":12,"column":7},"end":{"line":12,"column":28}}]}},"s":{"0":3,"1":3,"2":21,"3":21,"4":0,"5":21},"f":{"0":21},"b":{"0":[0,21],"1":[21,21,21]}}
,"/Users/wangy/IT/vue/vue3-json-schema-form/lib/index.ts": {"path":"/Users/wangy/IT/vue/vue3-json-schema-form/lib/index.ts","statementMap":{"0":{"start":{"line":1,"column":0},"end":{"line":1,"column":null}},"1":{"start":{"line":2,"column":0},"end":{"line":2,"column":null}},"2":{"start":{"line":3,"column":0},"end":{"line":3,"column":null}},"3":{"start":{"line":4,"column":0},"end":{"line":4,"column":null}},"4":{"start":{"line":5,"column":0},"end":{"line":5,"column":null}},"5":{"start":{"line":6,"column":0},"end":{"line":6,"column":null}},"6":{"start":{"line":7,"column":15},"end":{"line":7,"column":null}}},"fnMap":{"0":{"name":"(anonymous_4)","decl":{"start":{"line":6,"column":0},"end":{"line":6,"column":null}},"loc":{"start":{"line":6,"column":0},"end":{"line":6,"column":null}}}},"branchMap":{"0":{"loc":{"start":{"line":6,"column":0},"end":{"line":6,"column":null}},"type":"if","locations":[{"start":{"line":6,"column":0},"end":{"line":6,"column":null}},{"start":{"line":6,"column":0},"end":{"line":6,"column":null}}]}},"s":{"0":3,"1":3,"2":3,"3":3,"4":3,"5":78,"6":3},"f":{"0":18},"b":{"0":[36,72]}}
,"/Users/wangy/IT/vue/vue3-json-schema-form/lib/types.ts": {"path":"/Users/wangy/IT/vue/vue3-json-schema-form/lib/types.ts","statementMap":{"0":{"start":{"line":4,"column":0},"end":{"line":4,"column":12}},"1":{"start":{"line":5,"column":2},"end":{"line":5,"column":null}},"2":{"start":{"line":6,"column":2},"end":{"line":6,"column":null}},"3":{"start":{"line":7,"column":2},"end":{"line":7,"column":null}},"4":{"start":{"line":8,"column":2},"end":{"line":8,"column":null}},"5":{"start":{"line":9,"column":2},"end":{"line":9,"column":null}},"6":{"start":{"line":10,"column":2},"end":{"line":10,"column":null}},"7":{"start":{"line":38,"column":33},"end":{"line":38,"column":null}},"8":{"start":{"line":66,"column":32},"end":{"line":66,"column":null}},"9":{"start":{"line":86,"column":35},"end":{"line":86,"column":null}},"10":{"start":{"line":105,"column":0},"end":{"line":105,"column":12}},"11":{"start":{"line":106,"column":2},"end":{"line":106,"column":null}},"12":{"start":{"line":109,"column":0},"end":{"line":109,"column":12}},"13":{"start":{"line":110,"column":2},"end":{"line":110,"column":null}},"14":{"start":{"line":111,"column":2},"end":{"line":111,"column":null}}},"fnMap":{"0":{"name":"(anonymous_0)","decl":{"start":{"line":4,"column":0},"end":{"line":4,"column":12}},"loc":{"start":{"line":4,"column":23},"end":{"line":11,"column":null}}},"1":{"name":"(anonymous_1)","decl":{"start":{"line":105,"column":0},"end":{"line":105,"column":12}},"loc":{"start":{"line":105,"column":29},"end":{"line":107,"column":null}}},"2":{"name":"(anonymous_2)","decl":{"start":{"line":109,"column":0},"end":{"line":109,"column":12}},"loc":{"start":{"line":109,"column":29},"end":{"line":112,"column":null}}}},"branchMap":{"0":{"loc":{"start":{"line":4,"column":12},"end":{"line":4,"column":23}},"type":"binary-expr","locations":[{"start":{"line":4,"column":12},"end":{"line":4,"column":23}},{"start":{"line":4,"column":23},"end":{"line":4,"column":null}}]},"1":{"loc":{"start":{"line":105,"column":12},"end":{"line":105,"column":29}},"type":"binary-expr","locations":[{"start":{"line":105,"column":12},"end":{"line":105,"column":29}},{"start":{"line":105,"column":29},"end":{"line":105,"column":null}}]},"2":{"loc":{"start":{"line":109,"column":12},"end":{"line":109,"column":29}},"type":"binary-expr","locations":[{"start":{"line":109,"column":12},"end":{"line":109,"column":29}},{"start":{"line":109,"column":29},"end":{"line":109,"column":null}}]}},"s":{"0":3,"1":3,"2":3,"3":3,"4":3,"5":3,"6":3,"7":3,"8":3,"9":3,"10":3,"11":3,"12":3,"13":3,"14":3},"f":{"0":3,"1":3,"2":3},"b":{"0":[3,3],"1":[3,3],"2":[3,3]}}
,"/Users/wangy/IT/vue/vue3-json-schema-form/lib/utils.ts": {"path":"/Users/wangy/IT/vue/vue3-json-schema-form/lib/utils.ts","statementMap":{"0":{"start":{"line":1,"column":0},"end":{"line":1,"column":null}},"1":{"start":{"line":5,"column":0},"end":{"line":5,"column":null}},"2":{"start":{"line":6,"column":0},"end":{"line":6,"column":null}},"3":{"start":{"line":7,"column":0},"end":{"line":7,"column":null}},"4":{"start":{"line":10,"column":2},"end":{"line":10,"column":9}},"5":{"start":{"line":14,"column":2},"end":{"line":14,"column":9}},"6":{"start":{"line":22,"column":2},"end":{"line":22,"column":9}},"7":{"start":{"line":29,"column":24},"end":{"line":29,"column":28}},"8":{"start":{"line":31,"column":16},"end":{"line":31,"column":31}},"9":{"start":{"line":32,"column":2},"end":{"line":32,"column":9}},"10":{"start":{"line":40,"column":2},"end":{"line":55,"column":null}},"11":{"start":{"line":41,"column":4},"end":{"line":41,"column":11}},"12":{"start":{"line":42,"column":9},"end":{"line":55,"column":null}},"13":{"start":{"line":43,"column":27},"end":{"line":43,"column":47}},"14":{"start":{"line":44,"column":4},"end":{"line":44,"column":11}},"15":{"start":{"line":45,"column":9},"end":{"line":55,"column":null}},"16":{"start":{"line":46,"column":4},"end":{"line":46,"column":11}},"17":{"start":{"line":49,"column":8},"end":{"line":49,"column":23}},"18":{"start":{"line":54,"column":4},"end":{"line":54,"column":11}},"19":{"start":{"line":63,"column":2},"end":{"line":65,"column":null}},"20":{"start":{"line":64,"column":4},"end":{"line":64,"column":11}},"21":{"start":{"line":66,"column":23},"end":{"line":66,"column":37}},"22":{"start":{"line":69,"column":2},"end":{"line":81,"column":null}},"23":{"start":{"line":70,"column":4},"end":{"line":80,"column":null}},"24":{"start":{"line":71,"column":6},"end":{"line":71,"column":20}},"25":{"start":{"line":77,"column":6},"end":{"line":77,"column":13}},"26":{"start":{"line":78,"column":55},"end":{"line":78,"column":null}},"27":{"start":{"line":79,"column":6},"end":{"line":79,"column":13}},"28":{"start":{"line":83,"column":4},"end":{"line":84,"column":null}},"29":{"start":{"line":85,"column":2},"end":{"line":92,"column":null}},"30":{"start":{"line":87,"column":4},"end":{"line":87,"column":11}},"31":{"start":{"line":93,"column":2},"end":{"line":93,"column":9}},"32":{"start":{"line":96,"column":40},"end":{"line":96,"column":null}},"33":{"start":{"line":104,"column":2},"end":{"line":104,"column":8}},"34":{"start":{"line":109,"column":2},"end":{"line":109,"column":8}},"35":{"start":{"line":110,"column":4},"end":{"line":113,"column":null}},"36":{"start":{"line":112,"column":6},"end":{"line":112,"column":null}},"37":{"start":{"line":116,"column":4},"end":{"line":126,"column":null}},"38":{"start":{"line":117,"column":6},"end":{"line":117,"column":26}},"39":{"start":{"line":122,"column":11},"end":{"line":126,"column":null}},"40":{"start":{"line":123,"column":6},"end":{"line":123,"column":26}},"41":{"start":{"line":125,"column":6},"end":{"line":125,"column":26}},"42":{"start":{"line":129,"column":6},"end":{"line":129,"column":20}},"43":{"start":{"line":131,"column":6},"end":{"line":131,"column":20}},"44":{"start":{"line":134,"column":2},"end":{"line":134,"column":9}},"45":{"start":{"line":152,"column":21},"end":{"line":152,"column":42}},"46":{"start":{"line":154,"column":35},"end":{"line":154,"column":null}},"47":{"start":{"line":156,"column":2},"end":{"line":156,"column":9}},"48":{"start":{"line":160,"column":18},"end":{"line":160,"column":null}},"49":{"start":{"line":161,"column":2},"end":{"line":166,"column":null}},"50":{"start":{"line":163,"column":4},"end":{"line":163,"column":8}},"51":{"start":{"line":165,"column":4},"end":{"line":165,"column":10}},"52":{"start":{"line":167,"column":18},"end":{"line":167,"column":30}},"53":{"start":{"line":168,"column":2},"end":{"line":170,"column":null}},"54":{"start":{"line":169,"column":4},"end":{"line":169,"column":10}},"55":{"start":{"line":171,"column":2},"end":{"line":174,"column":null}},"56":{"start":{"line":173,"column":4},"end":{"line":173,"column":11}},"57":{"start":{"line":175,"column":2},"end":{"line":175,"column":9}},"58":{"start":{"line":184,"column":49},"end":{"line":184,"column":56}},"59":{"start":{"line":185,"column":2},"end":{"line":195,"column":null}},"60":{"start":{"line":186,"column":4},"end":{"line":186,"column":18}},"61":{"start":{"line":190,"column":9},"end":{"line":195,"column":null}},"62":{"start":{"line":191,"column":4},"end":{"line":191,"column":18}},"63":{"start":{"line":196,"column":2},"end":{"line":196,"column":9}},"64":{"start":{"line":205,"column":2},"end":{"line":238,"column":null}},"65":{"start":{"line":207,"column":4},"end":{"line":209,"column":null}},"66":{"start":{"line":208,"column":6},"end":{"line":208,"column":null}},"67":{"start":{"line":211,"column":4},"end":{"line":216,"column":null}},"68":{"start":{"line":215,"column":6},"end":{"line":215,"column":null}},"69":{"start":{"line":220,"column":8},"end":{"line":220,"column":null}},"70":{"start":{"line":221,"column":4},"end":{"line":231,"column":null}},"71":{"start":{"line":222,"column":6},"end":{"line":222,"column":20}},"72":{"start":{"line":223,"column":11},"end":{"line":231,"column":null}},"73":{"start":{"line":224,"column":6},"end":{"line":224,"column":20}},"74":{"start":{"line":232,"column":4},"end":{"line":232,"column":11}},"75":{"start":{"line":239,"column":2},"end":{"line":239,"column":9}},"76":{"start":{"line":243,"column":2},"end":{"line":245,"column":null}},"77":{"start":{"line":244,"column":4},"end":{"line":244,"column":11}},"78":{"start":{"line":246,"column":19},"end":{"line":248,"column":null}},"79":{"start":{"line":249,"column":2},"end":{"line":249,"column":9}},"80":{"start":{"line":260,"column":40},"end":{"line":260,"column":null}},"81":{"start":{"line":265,"column":2},"end":{"line":265,"column":8}},"82":{"start":{"line":267,"column":2},"end":{"line":271,"column":null}},"83":{"start":{"line":268,"column":4},"end":{"line":268,"column":11}},"84":{"start":{"line":269,"column":9},"end":{"line":271,"column":null}},"85":{"start":{"line":270,"column":4},"end":{"line":270,"column":10}},"86":{"start":{"line":273,"column":24},"end":{"line":273,"column":29}},"87":{"start":{"line":274,"column":4},"end":{"line":276,"column":null}},"88":{"start":{"line":278,"column":2},"end":{"line":278,"column":9}},"89":{"start":{"line":294,"column":26},"end":{"line":294,"column":31}},"90":{"start":{"line":295,"column":4},"end":{"line":297,"column":null}},"91":{"start":{"line":296,"column":6},"end":{"line":296,"column":13}},"92":{"start":{"line":298,"column":57},"end":{"line":298,"column":null}},"93":{"start":{"line":299,"column":4},"end":{"line":309,"column":null}},"94":{"start":{"line":300,"column":30},"end":{"line":300,"column":null}},"95":{"start":{"line":307,"column":25},"end":{"line":307,"column":38}},"96":{"start":{"line":308,"column":6},"end":{"line":308,"column":13}},"97":{"start":{"line":311,"column":2},"end":{"line":316,"column":null}},"98":{"start":{"line":312,"column":4},"end":{"line":312,"column":11}},"99":{"start":{"line":315,"column":4},"end":{"line":315,"column":11}},"100":{"start":{"line":318,"column":20},"end":{"line":318,"column":36}},"101":{"start":{"line":322,"column":6},"end":{"line":322,"column":null}},"102":{"start":{"line":323,"column":26},"end":{"line":323,"column":28}},"103":{"start":{"line":324,"column":2},"end":{"line":324,"column":9}},"104":{"start":{"line":337,"column":14},"end":{"line":337,"column":20}},"105":{"start":{"line":338,"column":2},"end":{"line":338,"column":9}},"106":{"start":{"line":339,"column":17},"end":{"line":339,"column":null}},"107":{"start":{"line":340,"column":14},"end":{"line":340,"column":19}},"108":{"start":{"line":341,"column":4},"end":{"line":356,"column":null}},"109":{"start":{"line":342,"column":6},"end":{"line":342,"column":9}},"110":{"start":{"line":343,"column":11},"end":{"line":356,"column":null}},"111":{"start":{"line":353,"column":6},"end":{"line":353,"column":9}},"112":{"start":{"line":355,"column":6},"end":{"line":355,"column":9}},"113":{"start":{"line":357,"column":4},"end":{"line":357,"column":11}},"114":{"start":{"line":371,"column":19},"end":{"line":371,"column":null}},"115":{"start":{"line":373,"column":2},"end":{"line":375,"column":null}},"116":{"start":{"line":374,"column":4},"end":{"line":374,"column":11}},"117":{"start":{"line":377,"column":2},"end":{"line":379,"column":null}},"118":{"start":{"line":378,"column":4},"end":{"line":378,"column":11}},"119":{"start":{"line":381,"column":2},"end":{"line":383,"column":null}},"120":{"start":{"line":382,"column":4},"end":{"line":382,"column":11}},"121":{"start":{"line":385,"column":17},"end":{"line":385,"column":null}},"122":{"start":{"line":386,"column":2},"end":{"line":388,"column":null}},"123":{"start":{"line":387,"column":4},"end":{"line":387,"column":11}},"124":{"start":{"line":387,"column":28},"end":{"line":387,"column":null}},"125":{"start":{"line":390,"column":2},"end":{"line":390,"column":9}},"126":{"start":{"line":419,"column":25},"end":{"line":435,"column":null}},"127":{"start":{"line":420,"column":2},"end":{"line":432,"column":null}},"128":{"start":{"line":421,"column":4},"end":{"line":421,"column":11}},"129":{"start":{"line":422,"column":9},"end":{"line":432,"column":null}},"130":{"start":{"line":423,"column":4},"end":{"line":423,"column":11}},"131":{"start":{"line":424,"column":9},"end":{"line":432,"column":null}},"132":{"start":{"line":425,"column":4},"end":{"line":425,"column":11}},"133":{"start":{"line":426,"column":9},"end":{"line":432,"column":null}},"134":{"start":{"line":427,"column":4},"end":{"line":427,"column":11}},"135":{"start":{"line":428,"column":9},"end":{"line":432,"column":null}},"136":{"start":{"line":429,"column":4},"end":{"line":429,"column":11}},"137":{"start":{"line":430,"column":9},"end":{"line":432,"column":null}},"138":{"start":{"line":431,"column":4},"end":{"line":431,"column":11}},"139":{"start":{"line":434,"column":2},"end":{"line":434,"column":9}},"140":{"start":{"line":438,"column":2},"end":{"line":438,"column":null}},"141":{"start":{"line":445,"column":17},"end":{"line":445,"column":32}},"142":{"start":{"line":446,"column":21},"end":{"line":446,"column":null}},"143":{"start":{"line":447,"column":2},"end":{"line":451,"column":null}},"144":{"start":{"line":448,"column":4},"end":{"line":448,"column":11}},"145":{"start":{"line":449,"column":9},"end":{"line":451,"column":null}},"146":{"start":{"line":450,"column":4},"end":{"line":450,"column":11}},"147":{"start":{"line":450,"column":44},"end":{"line":450,"column":55}},"148":{"start":{"line":452,"column":2},"end":{"line":452,"column":9}},"149":{"start":{"line":456,"column":2},"end":{"line":458,"column":null}},"150":{"start":{"line":457,"column":4},"end":{"line":457,"column":11}},"151":{"start":{"line":459,"column":2},"end":{"line":459,"column":9}},"152":{"start":{"line":468,"column":2},"end":{"line":518,"column":null}},"153":{"start":{"line":468,"column":15},"end":{"line":468,"column":18}},"154":{"start":{"line":469,"column":19},"end":{"line":469,"column":27}},"155":{"start":{"line":478,"column":4},"end":{"line":517,"column":null}},"156":{"start":{"line":481,"column":28},"end":{"line":481,"column":null}},"157":{"start":{"line":482,"column":60},"end":{"line":482,"column":null}},"158":{"start":{"line":490,"column":6},"end":{"line":506,"column":null}},"159":{"start":{"line":492,"column":36},"end":{"line":492,"column":null}},"160":{"start":{"line":494,"column":8},"end":{"line":499,"column":null}},"161":{"start":{"line":495,"column":10},"end":{"line":495,"column":22}},"162":{"start":{"line":498,"column":10},"end":{"line":498,"column":22}},"163":{"start":{"line":501,"column":8},"end":{"line":501,"column":20}},"164":{"start":{"line":503,"column":8},"end":{"line":503,"column":23}},"165":{"start":{"line":505,"column":8},"end":{"line":505,"column":23}},"166":{"start":{"line":510,"column":6},"end":{"line":510,"column":13}},"167":{"start":{"line":512,"column":6},"end":{"line":514,"column":null}},"168":{"start":{"line":513,"column":8},"end":{"line":513,"column":15}},"169":{"start":{"line":515,"column":11},"end":{"line":517,"column":null}},"170":{"start":{"line":516,"column":6},"end":{"line":516,"column":13}},"171":{"start":{"line":519,"column":2},"end":{"line":519,"column":9}},"172":{"start":{"line":523,"column":2},"end":{"line":544,"column":null}},"173":{"start":{"line":524,"column":4},"end":{"line":526,"column":null}},"174":{"start":{"line":525,"column":6},"end":{"line":525,"column":14}},"175":{"start":{"line":527,"column":4},"end":{"line":527,"column":11}},"176":{"start":{"line":528,"column":6},"end":{"line":530,"column":null}},"177":{"start":{"line":529,"column":8},"end":{"line":529,"column":15}},"178":{"start":{"line":531,"column":6},"end":{"line":531,"column":13}},"179":{"start":{"line":533,"column":9},"end":{"line":544,"column":null}},"180":{"start":{"line":534,"column":16},"end":{"line":534,"column":22}},"181":{"start":{"line":535,"column":4},"end":{"line":535,"column":11}},"182":{"start":{"line":536,"column":6},"end":{"line":536,"column":9}},"183":{"start":{"line":540,"column":6},"end":{"line":540,"column":13}},"184":{"start":{"line":543,"column":4},"end":{"line":543,"column":11}},"185":{"start":{"line":553,"column":2},"end":{"line":555,"column":null}},"186":{"start":{"line":554,"column":4},"end":{"line":554,"column":10}},"187":{"start":{"line":557,"column":19},"end":{"line":557,"column":null}},"188":{"start":{"line":566,"column":2},"end":{"line":569,"column":null}},"189":{"start":{"line":568,"column":4},"end":{"line":568,"column":11}},"190":{"start":{"line":570,"column":2},"end":{"line":572,"column":null}},"191":{"start":{"line":571,"column":4},"end":{"line":571,"column":11}},"192":{"start":{"line":573,"column":2},"end":{"line":575,"column":null}},"193":{"start":{"line":574,"column":4},"end":{"line":574,"column":11}},"194":{"start":{"line":576,"column":2},"end":{"line":576,"column":9}}},"fnMap":{"0":{"name":"isObject","decl":{"start":{"line":9,"column":16},"end":{"line":9,"column":25}},"loc":{"start":{"line":9,"column":35},"end":{"line":11,"column":null}}},"1":{"name":"isEmptyObject","decl":{"start":{"line":13,"column":16},"end":{"line":13,"column":30}},"loc":{"start":{"line":13,"column":40},"end":{"line":15,"column":null}}},"2":{"name":"hasOwnProperty","decl":{"start":{"line":17,"column":16},"end":{"line":17,"column":31}},"loc":{"start":{"line":17,"column":52},"end":{"line":23,"column":null}}},"3":{"name":"validateData","decl":{"start":{"line":30,"column":16},"end":{"line":30,"column":29}},"loc":{"start":{"line":30,"column":51},"end":{"line":36,"column":null}}},"4":{"name":"resolveSchema","decl":{"start":{"line":39,"column":16},"end":{"line":39,"column":30}},"loc":{"start":{"line":39,"column":76},"end":{"line":56,"column":null}}},"5":{"name":"(anonymous_5)","decl":{"start":{"line":48,"column":31},"end":{"line":48,"column":null}},"loc":{"start":{"line":49,"column":8},"end":{"line":49,"column":23}}},"6":{"name":"retrieveSchema","decl":{"start":{"line":58,"column":16},"end":{"line":58,"column":null}},"loc":{"start":{"line":61,"column":20},"end":{"line":94,"column":null}}},"7":{"name":"stubExistingAdditionalProperties","decl":{"start":{"line":98,"column":16},"end":{"line":98,"column":null}},"loc":{"start":{"line":101,"column":20},"end":{"line":135,"column":null}}},"8":{"name":"(anonymous_8)","decl":{"start":{"line":109,"column":33},"end":{"line":109,"column":40}},"loc":{"start":{"line":109,"column":40},"end":{"line":132,"column":null}}},"9":{"name":"resolveReference","decl":{"start":{"line":150,"column":9},"end":{"line":150,"column":26}},"loc":{"start":{"line":150,"column":69},"end":{"line":157,"column":null}}},"10":{"name":"findSchemaDefinition","decl":{"start":{"line":159,"column":16},"end":{"line":159,"column":37}},"loc":{"start":{"line":159,"column":66},"end":{"line":176,"column":null}}},"11":{"name":"resolveDependencies","decl":{"start":{"line":178,"column":9},"end":{"line":178,"column":null}},"loc":{"start":{"line":181,"column":15},"end":{"line":197,"column":null}}},"12":{"name":"processDependencies","decl":{"start":{"line":198,"column":9},"end":{"line":198,"column":null}},"loc":{"start":{"line":202,"column":15},"end":{"line":240,"column":null}}},"13":{"name":"withDependentProperties","decl":{"start":{"line":242,"column":9},"end":{"line":242,"column":33}},"loc":{"start":{"line":242,"column":71},"end":{"line":250,"column":null}}},"14":{"name":"withDependentSchema","decl":{"start":{"line":252,"column":9},"end":{"line":252,"column":null}},"loc":{"start":{"line":257,"column":22},"end":{"line":285,"column":null}}},"15":{"name":"(anonymous_15)","decl":{"start":{"line":273,"column":35},"end":{"line":273,"column":null}},"loc":{"start":{"line":274,"column":4},"end":{"line":276,"column":null}}},"16":{"name":"withExactlyOneSubschema","decl":{"start":{"line":287,"column":9},"end":{"line":287,"column":null}},"loc":{"start":{"line":292,"column":12},"end":{"line":329,"column":null}}},"17":{"name":"(anonymous_17)","decl":{"start":{"line":294,"column":40},"end":{"line":294,"column":58}},"loc":{"start":{"line":294,"column":58},"end":{"line":310,"column":null}}},"18":{"name":"mergeSchemas","decl":{"start":{"line":336,"column":16},"end":{"line":336,"column":29}},"loc":{"start":{"line":336,"column":49},"end":{"line":359,"column":null}}},"19":{"name":"(anonymous_19)","decl":{"start":{"line":338,"column":34},"end":{"line":338,"column":35}},"loc":{"start":{"line":338,"column":47},"end":{"line":358,"column":5}}},"20":{"name":"getSchemaType","decl":{"start":{"line":370,"column":16},"end":{"line":370,"column":30}},"loc":{"start":{"line":370,"column":44},"end":{"line":415,"column":null}}},"21":{"name":"(anonymous_21)","decl":{"start":{"line":387,"column":19},"end":{"line":387,"column":28}},"loc":{"start":{"line":387,"column":28},"end":{"line":387,"column":null}}},"22":{"name":"guessType","decl":{"start":{"line":419,"column":34},"end":{"line":419,"column":44}},"loc":{"start":{"line":419,"column":54},"end":{"line":435,"column":null}}},"23":{"name":"isConstant","decl":{"start":{"line":437,"column":16},"end":{"line":437,"column":27}},"loc":{"start":{"line":437,"column":41},"end":{"line":442,"column":null}}},"24":{"name":"isSelect","decl":{"start":{"line":444,"column":16},"end":{"line":444,"column":25}},"loc":{"start":{"line":444,"column":62},"end":{"line":453,"column":null}}},"25":{"name":"(anonymous_25)","decl":{"start":{"line":450,"column":29},"end":{"line":450,"column":44}},"loc":{"start":{"line":450,"column":44},"end":{"line":450,"column":55}}},"26":{"name":"isMultiSelect","decl":{"start":{"line":455,"column":16},"end":{"line":455,"column":30}},"loc":{"start":{"line":455,"column":69},"end":{"line":460,"column":null}}},"27":{"name":"getMatchingOption","decl":{"start":{"line":463,"column":16},"end":{"line":463,"column":null}},"loc":{"start":{"line":466,"column":49},"end":{"line":520,"column":null}}},"28":{"name":"(anonymous_28)","decl":{"start":{"line":482,"column":51},"end":{"line":482,"column":60}},"loc":{"start":{"line":482,"column":60},"end":{"line":482,"column":null}}},"29":{"name":"mergeDefaultsWithFormData","decl":{"start":{"line":522,"column":16},"end":{"line":522,"column":42}},"loc":{"start":{"line":522,"column":70},"end":{"line":545,"column":null}}},"30":{"name":"(anonymous_30)","decl":{"start":{"line":527,"column":24},"end":{"line":527,"column":25}},"loc":{"start":{"line":527,"column":39},"end":{"line":532,"column":null}}},"31":{"name":"(anonymous_31)","decl":{"start":{"line":535,"column":40},"end":{"line":535,"column":41}},"loc":{"start":{"line":535,"column":53},"end":{"line":541,"column":7}}},"32":{"name":"getDefaultFormState","decl":{"start":{"line":547,"column":16},"end":{"line":547,"column":null}},"loc":{"start":{"line":549,"column":15},"end":{"line":577,"column":null}}}},"branchMap":{"0":{"loc":{"start":{"line":10,"column":9},"end":{"line":10,"column":38}},"type":"binary-expr","locations":[{"start":{"line":10,"column":9},"end":{"line":10,"column":38}},{"start":{"line":10,"column":38},"end":{"line":10,"column":56}},{"start":{"line":10,"column":56},"end":{"line":10,"column":62}}]},"1":{"loc":{"start":{"line":14,"column":9},"end":{"line":14,"column":18}},"type":"binary-expr","locations":[{"start":{"line":14,"column":9},"end":{"line":14,"column":18}},{"start":{"line":14,"column":28},"end":{"line":14,"column":null}}]},"2":{"loc":{"start":{"line":39,"column":59},"end":{"line":39,"column":63}},"type":"default-arg","locations":[{"start":{"line":39,"column":59},"end":{"line":39,"column":63}}]},"3":{"loc":{"start":{"line":39,"column":74},"end":{"line":39,"column":76}},"type":"default-arg","locations":[{"start":{"line":39,"column":74},"end":{"line":39,"column":76}}]},"4":{"loc":{"start":{"line":40,"column":2},"end":{"line":55,"column":null}},"type":"if","locations":[{"start":{"line":40,"column":2},"end":{"line":55,"column":null}},{"start":{"line":40,"column":2},"end":{"line":55,"column":null}}]},"5":{"loc":{"start":{"line":42,"column":9},"end":{"line":55,"column":null}},"type":"if","locations":[{"start":{"line":42,"column":9},"end":{"line":55,"column":null}},{"start":{"line":42,"column":9},"end":{"line":55,"column":null}}]},"6":{"loc":{"start":{"line":45,"column":9},"end":{"line":55,"column":null}},"type":"if","locations":[{"start":{"line":45,"column":9},"end":{"line":55,"column":null}},{"start":{"line":45,"column":9},"end":{"line":55,"column":null}}]},"7":{"loc":{"start":{"line":45,"column":13},"end":{"line":45,"column":28}},"type":"binary-expr","locations":[{"start":{"line":45,"column":13},"end":{"line":45,"column":28}},{"start":{"line":45,"column":48},"end":{"line":45,"column":53}}]},"8":{"loc":{"start":{"line":60,"column":15},"end":{"line":60,"column":null}},"type":"default-arg","locations":[{"start":{"line":60,"column":15},"end":{"line":60,"column":null}}]},"9":{"loc":{"start":{"line":61,"column":18},"end":{"line":61,"column":20}},"type":"default-arg","locations":[{"start":{"line":61,"column":18},"end":{"line":61,"column":20}}]},"10":{"loc":{"start":{"line":63,"column":2},"end":{"line":65,"column":null}},"type":"if","locations":[{"start":{"line":63,"column":2},"end":{"line":65,"column":null}},{"start":{"line":63,"column":2},"end":{"line":65,"column":null}}]},"11":{"loc":{"start":{"line":69,"column":2},"end":{"line":81,"column":null}},"type":"if","locations":[{"start":{"line":69,"column":2},"end":{"line":81,"column":null}},{"start":{"line":69,"column":2},"end":{"line":81,"column":null}}]},"12":{"loc":{"start":{"line":83,"column":4},"end":{"line":83,"column":18}},"type":"binary-expr","locations":[{"start":{"line":83,"column":4},"end":{"line":83,"column":18}},{"start":{"line":84,"column":4},"end":{"line":84,"column":null}}]},"13":{"loc":{"start":{"line":85,"column":2},"end":{"line":92,"column":null}},"type":"if","locations":[{"start":{"line":85,"column":2},"end":{"line":92,"column":null}},{"start":{"line":85,"column":2},"end":{"line":92,"column":null}}]},"14":{"loc":{"start":{"line":100,"column":23},"end":{"line":100,"column":null}},"type":"default-arg","locations":[{"start":{"line":100,"column":23},"end":{"line":100,"column":null}}]},"15":{"loc":{"start":{"line":101,"column":18},"end":{"line":101,"column":20}},"type":"default-arg","locations":[{"start":{"line":101,"column":18},"end":{"line":101,"column":20}}]},"16":{"loc":{"start":{"line":110,"column":4},"end":{"line":113,"column":null}},"type":"if","locations":[{"start":{"line":110,"column":4},"end":{"line":113,"column":null}},{"start":{"line":110,"column":4},"end":{"line":113,"column":null}}]},"17":{"loc":{"start":{"line":116,"column":4},"end":{"line":126,"column":null}},"type":"if","locations":[{"start":{"line":116,"column":4},"end":{"line":126,"column":null}},{"start":{"line":116,"column":4},"end":{"line":126,"column":null}}]},"18":{"loc":{"start":{"line":122,"column":11},"end":{"line":126,"column":null}},"type":"if","locations":[{"start":{"line":122,"column":11},"end":{"line":126,"column":null}},{"start":{"line":122,"column":11},"end":{"line":126,"column":null}}]},"19":{"loc":{"start":{"line":159,"column":64},"end":{"line":159,"column":66}},"type":"default-arg","locations":[{"start":{"line":159,"column":64},"end":{"line":159,"column":66}}]},"20":{"loc":{"start":{"line":161,"column":2},"end":{"line":166,"column":null}},"type":"if","locations":[{"start":{"line":161,"column":2},"end":{"line":166,"column":null}},{"start":{"line":161,"column":2},"end":{"line":166,"column":null}}]},"21":{"loc":{"start":{"line":168,"column":2},"end":{"line":170,"column":null}},"type":"if","locations":[{"start":{"line":168,"column":2},"end":{"line":170,"column":null}},{"start":{"line":168,"column":2},"end":{"line":170,"column":null}}]},"22":{"loc":{"start":{"line":171,"column":2},"end":{"line":174,"column":null}},"type":"if","locations":[{"start":{"line":171,"column":2},"end":{"line":174,"column":null}},{"start":{"line":171,"column":2},"end":{"line":174,"column":null}}]},"23":{"loc":{"start":{"line":184,"column":23},"end":{"line":184,"column":27}},"type":"default-arg","locations":[{"start":{"line":184,"column":23},"end":{"line":184,"column":27}}]},"24":{"loc":{"start":{"line":185,"column":2},"end":{"line":195,"column":null}},"type":"if","locations":[{"start":{"line":185,"column":2},"end":{"line":195,"column":null}},{"start":{"line":185,"column":2},"end":{"line":195,"column":null}}]},"25":{"loc":{"start":{"line":190,"column":9},"end":{"line":195,"column":null}},"type":"if","locations":[{"start":{"line":190,"column":9},"end":{"line":195,"column":null}},{"start":{"line":190,"column":9},"end":{"line":195,"column":null}}]},"26":{"loc":{"start":{"line":207,"column":4},"end":{"line":209,"column":null}},"type":"if","locations":[{"start":{"line":207,"column":4},"end":{"line":209,"column":null}},{"start":{"line":207,"column":4},"end":{"line":209,"column":null}}]},"27":{"loc":{"start":{"line":211,"column":4},"end":{"line":216,"column":null}},"type":"if","locations":[{"start":{"line":211,"column":4},"end":{"line":216,"column":null}},{"start":{"line":211,"column":4},"end":{"line":216,"column":null}}]},"28":{"loc":{"start":{"line":212,"column":6},"end":{"line":212,"column":null}},"type":"binary-expr","locations":[{"start":{"line":212,"column":6},"end":{"line":212,"column":null}},{"start":{"line":213,"column":6},"end":{"line":213,"column":8}}]},"29":{"loc":{"start":{"line":221,"column":4},"end":{"line":231,"column":null}},"type":"if","locations":[{"start":{"line":221,"column":4},"end":{"line":231,"column":null}},{"start":{"line":221,"column":4},"end":{"line":231,"column":null}}]},"30":{"loc":{"start":{"line":223,"column":11},"end":{"line":231,"column":null}},"type":"if","locations":[{"start":{"line":223,"column":11},"end":{"line":231,"column":null}},{"start":{"line":223,"column":11},"end":{"line":231,"column":null}}]},"31":{"loc":{"start":{"line":243,"column":2},"end":{"line":245,"column":null}},"type":"if","locations":[{"start":{"line":243,"column":2},"end":{"line":245,"column":null}},{"start":{"line":243,"column":2},"end":{"line":245,"column":null}}]},"32":{"loc":{"start":{"line":247,"column":6},"end":{"line":247,"column":11}},"type":"cond-expr","locations":[{"start":{"line":247,"column":6},"end":{"line":247,"column":11}},{"start":{"line":248,"column":6},"end":{"line":248,"column":null}}]},"33":{"loc":{"start":{"line":267,"column":2},"end":{"line":271,"column":null}},"type":"if","locations":[{"start":{"line":267,"column":2},"end":{"line":271,"column":null}},{"start":{"line":267,"column":2},"end":{"line":271,"column":null}}]},"34":{"loc":{"start":{"line":269,"column":9},"end":{"line":271,"column":null}},"type":"if","locations":[{"start":{"line":269,"column":9},"end":{"line":271,"column":null}},{"start":{"line":269,"column":9},"end":{"line":271,"column":null}}]},"35":{"loc":{"start":{"line":275,"column":8},"end":{"line":275,"column":25}},"type":"cond-expr","locations":[{"start":{"line":275,"column":8},"end":{"line":275,"column":25}},{"start":{"line":276,"column":8},"end":{"line":276,"column":null}}]},"36":{"loc":{"start":{"line":295,"column":4},"end":{"line":297,"column":null}},"type":"if","locations":[{"start":{"line":295,"column":4},"end":{"line":297,"column":null}},{"start":{"line":295,"column":4},"end":{"line":297,"column":null}}]},"37":{"loc":{"start":{"line":299,"column":4},"end":{"line":309,"column":null}},"type":"if","locations":[{"start":{"line":299,"column":4},"end":{"line":309,"column":null}},{"start":{"line":299,"column":4},"end":{"line":309,"column":null}}]},"38":{"loc":{"start":{"line":308,"column":13},"end":{"line":308,"column":24}},"type":"binary-expr","locations":[{"start":{"line":308,"column":13},"end":{"line":308,"column":24}},{"start":{"line":308,"column":24},"end":{"line":308,"column":null}}]},"39":{"loc":{"start":{"line":311,"column":2},"end":{"line":316,"column":null}},"type":"if","locations":[{"start":{"line":311,"column":2},"end":{"line":316,"column":null}},{"start":{"line":311,"column":2},"end":{"line":316,"column":null}}]},"40":{"loc":{"start":{"line":339,"column":24},"end":{"line":339,"column":29}},"type":"cond-expr","locations":[{"start":{"line":339,"column":24},"end":{"line":339,"column":29}},{"start":{"line":339,"column":36},"end":{"line":339,"column":null}}]},"41":{"loc":{"start":{"line":341,"column":4},"end":{"line":356,"column":null}},"type":"if","locations":[{"start":{"line":341,"column":4},"end":{"line":356,"column":null}},{"start":{"line":341,"column":4},"end":{"line":356,"column":null}}]},"42":{"loc":{"start":{"line":341,"column":8},"end":{"line":341,"column":12}},"type":"binary-expr","locations":[{"start":{"line":341,"column":8},"end":{"line":341,"column":12}},{"start":{"line":341,"column":16},"end":{"line":341,"column":31}},{"start":{"line":341,"column":45},"end":{"line":341,"column":54}}]},"43":{"loc":{"start":{"line":343,"column":11},"end":{"line":356,"column":null}},"type":"if","locations":[{"start":{"line":343,"column":11},"end":{"line":356,"column":null}},{"start":{"line":343,"column":11},"end":{"line":356,"column":null}}]},"44":{"loc":{"start":{"line":344,"column":6},"end":{"line":344,"column":10}},"type":"binary-expr","locations":[{"start":{"line":344,"column":6},"end":{"line":344,"column":10}},{"start":{"line":345,"column":6},"end":{"line":345,"column":null}},{"start":{"line":346,"column":7},"end":{"line":346,"column":43}},{"start":{"line":346,"column":43},"end":{"line":346,"column":null}},{"start":{"line":347,"column":6},"end":{"line":347,"column":null}},{"start":{"line":348,"column":6},"end":{"line":348,"column":11}},{"start":{"line":349,"column":6},"end":{"line":349,"column":11}}]},"45":{"loc":{"start":{"line":373,"column":2},"end":{"line":375,"column":null}},"type":"if","locations":[{"start":{"line":373,"column":2},"end":{"line":375,"column":null}},{"start":{"line":373,"column":2},"end":{"line":375,"column":null}}]},"46":{"loc":{"start":{"line":373,"column":6},"end":{"line":373,"column":15}},"type":"binary-expr","locations":[{"start":{"line":373,"column":6},"end":{"line":373,"column":15}},{"start":{"line":373,"column":15},"end":{"line":373,"column":29}}]},"47":{"loc":{"start":{"line":377,"column":2},"end":{"line":379,"column":null}},"type":"if","locations":[{"start":{"line":377,"column":2},"end":{"line":379,"column":null}},{"start":{"line":377,"column":2},"end":{"line":379,"column":null}}]},"48":{"loc":{"start":{"line":377,"column":6},"end":{"line":377,"column":15}},"type":"binary-expr","locations":[{"start":{"line":377,"column":6},"end":{"line":377,"column":15}},{"start":{"line":377,"column":15},"end":{"line":377,"column":28}}]},"49":{"loc":{"start":{"line":381,"column":2},"end":{"line":383,"column":null}},"type":"if","locations":[{"start":{"line":381,"column":2},"end":{"line":383,"column":null}},{"start":{"line":381,"column":2},"end":{"line":383,"column":null}}]},"50":{"loc":{"start":{"line":381,"column":6},"end":{"line":381,"column":16}},"type":"binary-expr","locations":[{"start":{"line":381,"column":6},"end":{"line":381,"column":16}},{"start":{"line":381,"column":16},"end":{"line":381,"column":37}},{"start":{"line":381,"column":37},"end":{"line":381,"column":67}}]},"51":{"loc":{"start":{"line":386,"column":2},"end":{"line":388,"column":null}},"type":"if","locations":[{"start":{"line":386,"column":2},"end":{"line":388,"column":null}},{"start":{"line":386,"column":2},"end":{"line":388,"column":null}}]},"52":{"loc":{"start":{"line":386,"column":6},"end":{"line":386,"column":28}},"type":"binary-expr","locations":[{"start":{"line":386,"column":6},"end":{"line":386,"column":28}},{"start":{"line":386,"column":28},"end":{"line":386,"column":46}},{"start":{"line":386,"column":46},"end":{"line":386,"column":47}}]},"53":{"loc":{"start":{"line":420,"column":2},"end":{"line":432,"column":null}},"type":"if","locations":[{"start":{"line":420,"column":2},"end":{"line":432,"column":null}},{"start":{"line":420,"column":2},"end":{"line":432,"column":null}}]},"54":{"loc":{"start":{"line":422,"column":9},"end":{"line":432,"column":null}},"type":"if","locations":[{"start":{"line":422,"column":9},"end":{"line":432,"column":null}},{"start":{"line":422,"column":9},"end":{"line":432,"column":null}}]},"55":{"loc":{"start":{"line":424,"column":9},"end":{"line":432,"column":null}},"type":"if","locations":[{"start":{"line":424,"column":9},"end":{"line":432,"column":null}},{"start":{"line":424,"column":9},"end":{"line":432,"column":null}}]},"56":{"loc":{"start":{"line":426,"column":9},"end":{"line":432,"column":null}},"type":"if","locations":[{"start":{"line":426,"column":9},"end":{"line":432,"column":null}},{"start":{"line":426,"column":9},"end":{"line":432,"column":null}}]},"57":{"loc":{"start":{"line":428,"column":9},"end":{"line":432,"column":null}},"type":"if","locations":[{"start":{"line":428,"column":9},"end":{"line":432,"column":null}},{"start":{"line":428,"column":9},"end":{"line":432,"column":null}}]},"58":{"loc":{"start":{"line":430,"column":9},"end":{"line":432,"column":null}},"type":"if","locations":[{"start":{"line":430,"column":9},"end":{"line":432,"column":null}},{"start":{"line":430,"column":9},"end":{"line":432,"column":null}}]},"59":{"loc":{"start":{"line":439,"column":5},"end":{"line":439,"column":10}},"type":"binary-expr","locations":[{"start":{"line":439,"column":5},"end":{"line":439,"column":10}},{"start":{"line":439,"column":35},"end":{"line":439,"column":null}},{"start":{"line":440,"column":4},"end":{"line":440,"column":10}}]},"60":{"loc":{"start":{"line":444,"column":60},"end":{"line":444,"column":62}},"type":"default-arg","locations":[{"start":{"line":444,"column":60},"end":{"line":444,"column":62}}]},"61":{"loc":{"start":{"line":446,"column":21},"end":{"line":446,"column":37}},"type":"binary-expr","locations":[{"start":{"line":446,"column":21},"end":{"line":446,"column":37}},{"start":{"line":446,"column":37},"end":{"line":446,"column":null}}]},"62":{"loc":{"start":{"line":447,"column":2},"end":{"line":451,"column":null}},"type":"if","locations":[{"start":{"line":447,"column":2},"end":{"line":451,"column":null}},{"start":{"line":447,"column":2},"end":{"line":451,"column":null}}]},"63":{"loc":{"start":{"line":449,"column":9},"end":{"line":451,"column":null}},"type":"if","locations":[{"start":{"line":449,"column":9},"end":{"line":451,"column":null}},{"start":{"line":449,"column":9},"end":{"line":451,"column":null}}]},"64":{"loc":{"start":{"line":455,"column":67},"end":{"line":455,"column":69}},"type":"default-arg","locations":[{"start":{"line":455,"column":67},"end":{"line":455,"column":69}}]},"65":{"loc":{"start":{"line":456,"column":2},"end":{"line":458,"column":null}},"type":"if","locations":[{"start":{"line":456,"column":2},"end":{"line":458,"column":null}},{"start":{"line":456,"column":2},"end":{"line":458,"column":null}}]},"66":{"loc":{"start":{"line":456,"column":6},"end":{"line":456,"column":29}},"type":"binary-expr","locations":[{"start":{"line":456,"column":6},"end":{"line":456,"column":29}},{"start":{"line":456,"column":29},"end":{"line":456,"column":44}}]},"67":{"loc":{"start":{"line":478,"column":4},"end":{"line":517,"column":null}},"type":"if","locations":[{"start":{"line":478,"column":4},"end":{"line":517,"column":null}},{"start":{"line":478,"column":4},"end":{"line":517,"column":null}}]},"68":{"loc":{"start":{"line":490,"column":6},"end":{"line":506,"column":null}},"type":"if","locations":[{"start":{"line":490,"column":6},"end":{"line":506,"column":null}},{"start":{"line":490,"column":6},"end":{"line":506,"column":null}}]},"69":{"loc":{"start":{"line":494,"column":8},"end":{"line":499,"column":null}},"type":"if","locations":[{"start":{"line":494,"column":8},"end":{"line":499,"column":null}},{"start":{"line":494,"column":8},"end":{"line":499,"column":null}}]},"70":{"loc":{"start":{"line":512,"column":6},"end":{"line":514,"column":null}},"type":"if","locations":[{"start":{"line":512,"column":6},"end":{"line":514,"column":null}},{"start":{"line":512,"column":6},"end":{"line":514,"column":null}}]},"71":{"loc":{"start":{"line":515,"column":11},"end":{"line":517,"column":null}},"type":"if","locations":[{"start":{"line":515,"column":11},"end":{"line":517,"column":null}},{"start":{"line":515,"column":11},"end":{"line":517,"column":null}}]},"72":{"loc":{"start":{"line":523,"column":2},"end":{"line":544,"column":null}},"type":"if","locations":[{"start":{"line":523,"column":2},"end":{"line":544,"column":null}},{"start":{"line":523,"column":2},"end":{"line":544,"column":null}}]},"73":{"loc":{"start":{"line":524,"column":4},"end":{"line":526,"column":null}},"type":"if","locations":[{"start":{"line":524,"column":4},"end":{"line":526,"column":null}},{"start":{"line":524,"column":4},"end":{"line":526,"column":null}}]},"74":{"loc":{"start":{"line":528,"column":6},"end":{"line":530,"column":null}},"type":"if","locations":[{"start":{"line":528,"column":6},"end":{"line":530,"column":null}},{"start":{"line":528,"column":6},"end":{"line":530,"column":null}}]},"75":{"loc":{"start":{"line":533,"column":9},"end":{"line":544,"column":null}},"type":"if","locations":[{"start":{"line":533,"column":9},"end":{"line":544,"column":null}},{"start":{"line":533,"column":9},"end":{"line":544,"column":null}}]},"76":{"loc":{"start":{"line":537,"column":19},"end":{"line":537,"column":28}},"type":"cond-expr","locations":[{"start":{"line":537,"column":19},"end":{"line":537,"column":28}},{"start":{"line":537,"column":35},"end":{"line":537,"column":null}}]},"77":{"loc":{"start":{"line":553,"column":2},"end":{"line":555,"column":null}},"type":"if","locations":[{"start":{"line":553,"column":2},"end":{"line":555,"column":null}},{"start":{"line":553,"column":2},"end":{"line":555,"column":null}}]},"78":{"loc":{"start":{"line":566,"column":2},"end":{"line":569,"column":null}},"type":"if","locations":[{"start":{"line":566,"column":2},"end":{"line":569,"column":null}},{"start":{"line":566,"column":2},"end":{"line":569,"column":null}}]},"79":{"loc":{"start":{"line":570,"column":2},"end":{"line":572,"column":null}},"type":"if","locations":[{"start":{"line":570,"column":2},"end":{"line":572,"column":null}},{"start":{"line":570,"column":2},"end":{"line":572,"column":null}}]},"80":{"loc":{"start":{"line":570,"column":6},"end":{"line":570,"column":15}},"type":"binary-expr","locations":[{"start":{"line":570,"column":6},"end":{"line":570,"column":15}},{"start":{"line":570,"column":28},"end":{"line":570,"column":33}}]},"81":{"loc":{"start":{"line":573,"column":2},"end":{"line":575,"column":null}},"type":"if","locations":[{"start":{"line":573,"column":2},"end":{"line":575,"column":null}},{"start":{"line":573,"column":2},"end":{"line":575,"column":null}}]},"82":{"loc":{"start":{"line":573,"column":6},"end":{"line":573,"column":24}},"type":"binary-expr","locations":[{"start":{"line":573,"column":6},"end":{"line":573,"column":24}},{"start":{"line":573,"column":24},"end":{"line":573,"column":46}},{"start":{"line":573,"column":46},"end":{"line":573,"column":63}}]},"83":{"loc":{"start":{"line":576,"column":9},"end":{"line":576,"column":17}},"type":"binary-expr","locations":[{"start":{"line":576,"column":9},"end":{"line":576,"column":17}},{"start":{"line":576,"column":21},"end":{"line":576,"column":null}}]}},"s":{"0":3,"1":3,"2":3,"3":3,"4":27,"5":0,"6":57,"7":3,"8":0,"9":0,"10":19,"11":0,"12":19,"13":0,"14":0,"15":19,"16":0,"17":0,"18":19,"19":19,"20":0,"21":19,"22":19,"23":0,"24":0,"25":0,"26":0,"27":0,"28":19,"29":19,"30":0,"31":19,"32":3,"33":0,"34":0,"35":0,"36":0,"37":0,"38":0,"39":0,"40":0,"41":0,"42":0,"43":0,"44":0,"45":0,"46":0,"47":0,"48":0,"49":0,"50":0,"51":0,"52":0,"53":0,"54":0,"55":0,"56":0,"57":0,"58":0,"59":0,"60":0,"61":0,"62":0,"63":0,"64":0,"65":0,"66":0,"67":0,"68":0,"69":0,"70":0,"71":0,"72":0,"73":0,"74":0,"75":0,"76":0,"77":0,"78":0,"79":0,"80":0,"81":0,"82":0,"83":0,"84":0,"85":0,"86":0,"87":0,"88":0,"89":0,"90":0,"91":0,"92":0,"93":0,"94":0,"95":0,"96":0,"97":0,"98":0,"99":0,"100":0,"101":0,"102":0,"103":0,"104":0,"105":0,"106":0,"107":0,"108":0,"109":0,"110":0,"111":0,"112":0,"113":0,"114":0,"115":0,"116":0,"117":0,"118":0,"119":0,"120":0,"121":0,"122":0,"123":0,"124":0,"125":0,"126":3,"127":0,"128":0,"129":0,"130":0,"131":0,"132":0,"133":0,"134":0,"135":0,"136":0,"137":0,"138":0,"139":0,"140":0,"141":0,"142":0,"143":0,"144":0,"145":0,"146":0,"147":0,"148":0,"149":0,"150":0,"151":0,"152":0,"153":0,"154":0,"155":0,"156":0,"157":0,"158":0,"159":0,"160":0,"161":0,"162":0,"163":0,"164":0,"165":0,"166":0,"167":0,"168":0,"169":0,"170":0,"171":0,"172":0,"173":0,"174":0,"175":0,"176":0,"177":0,"178":0,"179":0,"180":0,"181":0,"182":0,"183":0,"184":0,"185":0,"186":0,"187":0,"188":0,"189":0,"190":0,"191":0,"192":0,"193":0,"194":0},"f":{"0":27,"1":0,"2":57,"3":0,"4":19,"5":0,"6":19,"7":0,"8":0,"9":0,"10":0,"11":0,"12":0,"13":0,"14":0,"15":0,"16":0,"17":0,"18":0,"19":0,"20":0,"21":0,"22":0,"23":0,"24":0,"25":0,"26":0,"27":0,"28":0,"29":0,"30":0,"31":0,"32":0},"b":{"0":[27,24,24],"1":[0,0],"2":[0],"3":[0],"4":[0,19],"5":[0,19],"6":[0,19],"7":[19,0],"8":[0],"9":[9],"10":[0,19],"11":[0,19],"12":[19,0],"13":[0,19],"14":[0],"15":[0],"16":[0,0],"17":[0,0],"18":[0,0],"19":[0],"20":[0,0],"21":[0,0],"22":[0,0],"23":[0],"24":[0,0],"25":[0,0],"26":[0,0],"27":[0,0],"28":[0,0],"29":[0,0],"30":[0,0],"31":[0,0],"32":[0,0],"33":[0,0],"34":[0,0],"35":[0,0],"36":[0,0],"37":[0,0],"38":[0,0],"39":[0,0],"40":[0,0],"41":[0,0],"42":[0,0,0],"43":[0,0],"44":[0,0,0,0,0,0,0],"45":[0,0],"46":[0,0],"47":[0,0],"48":[0,0],"49":[0,0],"50":[0,0,0],"51":[0,0],"52":[0,0,0],"53":[0,0],"54":[0,0],"55":[0,0],"56":[0,0],"57":[0,0],"58":[0,0],"59":[0,0,0],"60":[0],"61":[0,0],"62":[0,0],"63":[0,0],"64":[0],"65":[0,0],"66":[0,0],"67":[0,0],"68":[0,0],"69":[0,0],"70":[0,0],"71":[0,0],"72":[0,0],"73":[0,0],"74":[0,0],"75":[0,0],"76":[0,0],"77":[0,0],"78":[0,0],"79":[0,0],"80":[0,0],"81":[0,0],"82":[0,0,0],"83":[0,0]}}
,"/Users/wangy/IT/vue/vue3-json-schema-form/lib/validator.ts": {"path":"/Users/wangy/IT/vue/vue3-json-schema-form/lib/validator.ts","statementMap":{"0":{"start":{"line":3,"column":0},"end":{"line":3,"column":null}},"1":{"start":{"line":4,"column":0},"end":{"line":4,"column":null}},"2":{"start":{"line":6,"column":13},"end":{"line":6,"column":21}},"3":{"start":{"line":18,"column":2},"end":{"line":18,"column":54}},"4":{"start":{"line":18,"column":47},"end":{"line":18,"column":54}},"5":{"start":{"line":19,"column":2},"end":{"line":19,"column":9}},"6":{"start":{"line":20,"column":4},"end":{"line":20,"column":11}},"7":{"start":{"line":37,"column":24},"end":{"line":37,"column":null}},"8":{"start":{"line":38,"column":2},"end":{"line":44,"column":null}},"9":{"start":{"line":39,"column":4},"end":{"line":39,"column":11}},"10":{"start":{"line":40,"column":4},"end":{"line":40,"column":13}},"11":{"start":{"line":42,"column":4},"end":{"line":42,"column":11}},"12":{"start":{"line":43,"column":4},"end":{"line":43,"column":19}},"13":{"start":{"line":45,"column":2},"end":{"line":45,"column":6}},"14":{"start":{"line":46,"column":2},"end":{"line":46,"column":9}},"15":{"start":{"line":47,"column":15},"end":{"line":47,"column":31}},"16":{"start":{"line":48,"column":2},"end":{"line":48,"column":9}},"17":{"start":{"line":49,"column":2},"end":{"line":56,"column":null}},"18":{"start":{"line":50,"column":4},"end":{"line":50,"column":10}},"19":{"start":{"line":57,"column":2},"end":{"line":57,"column":9}},"20":{"start":{"line":58,"column":22},"end":{"line":58,"column":36}},"21":{"start":{"line":59,"column":2},"end":{"line":59,"column":9}},"22":{"start":{"line":60,"column":2},"end":{"line":66,"column":null}},"23":{"start":{"line":61,"column":4},"end":{"line":61,"column":11}},"24":{"start":{"line":67,"column":16},"end":{"line":67,"column":null}},"25":{"start":{"line":68,"column":2},"end":{"line":68,"column":8}},"26":{"start":{"line":69,"column":25},"end":{"line":69,"column":38}},"27":{"start":{"line":70,"column":2},"end":{"line":70,"column":9}},"28":{"start":{"line":79,"column":14},"end":{"line":79,"column":null}},"29":{"start":{"line":80,"column":2},"end":{"line":80,"column":9}},"30":{"start":{"line":82,"column":6},"end":{"line":91,"column":null}},"31":{"start":{"line":83,"column":8},"end":{"line":83,"column":15}},"32":{"start":{"line":84,"column":27},"end":{"line":84,"column":34}},"33":{"start":{"line":85,"column":10},"end":{"line":89,"column":null}},"34":{"start":{"line":86,"column":12},"end":{"line":86,"column":20}},"35":{"start":{"line":88,"column":14},"end":{"line":88,"column":28}},"36":{"start":{"line":92,"column":18},"end":{"line":92,"column":25}},"37":{"start":{"line":93,"column":6},"end":{"line":97,"column":null}},"38":{"start":{"line":94,"column":23},"end":{"line":94,"column":null}},"39":{"start":{"line":95,"column":10},"end":{"line":95,"column":24}},"40":{"start":{"line":96,"column":8},"end":{"line":96,"column":15}},"41":{"start":{"line":98,"column":6},"end":{"line":98,"column":13}},"42":{"start":{"line":106,"column":14},"end":{"line":106,"column":20}},"43":{"start":{"line":107,"column":2},"end":{"line":107,"column":9}},"44":{"start":{"line":108,"column":17},"end":{"line":108,"column":null}},"45":{"start":{"line":109,"column":14},"end":{"line":109,"column":19}},"46":{"start":{"line":110,"column":4},"end":{"line":116,"column":null}},"47":{"start":{"line":111,"column":6},"end":{"line":111,"column":9}},"48":{"start":{"line":112,"column":11},"end":{"line":116,"column":null}},"49":{"start":{"line":113,"column":6},"end":{"line":113,"column":9}},"50":{"start":{"line":115,"column":6},"end":{"line":115,"column":9}},"51":{"start":{"line":117,"column":4},"end":{"line":117,"column":11}},"52":{"start":{"line":129,"column":2},"end":{"line":129,"column":32}},"53":{"start":{"line":129,"column":25},"end":{"line":129,"column":32}},"54":{"start":{"line":130,"column":2},"end":{"line":130,"column":9}},"55":{"start":{"line":131,"column":34},"end":{"line":131,"column":null}},"56":{"start":{"line":132,"column":17},"end":{"line":132,"column":24}},"57":{"start":{"line":133,"column":17},"end":{"line":133,"column":null}},"58":{"start":{"line":134,"column":4},"end":{"line":136,"column":null}},"59":{"start":{"line":135,"column":6},"end":{"line":135,"column":10}},"60":{"start":{"line":137,"column":4},"end":{"line":142,"column":null}},"61":{"start":{"line":138,"column":6},"end":{"line":140,"column":null}},"62":{"start":{"line":139,"column":10},"end":{"line":139,"column":24}},"63":{"start":{"line":141,"column":6},"end":{"line":141,"column":12}},"64":{"start":{"line":144,"column":4},"end":{"line":151,"column":null}},"65":{"start":{"line":145,"column":6},"end":{"line":145,"column":12}},"66":{"start":{"line":147,"column":6},"end":{"line":147,"column":12}},"67":{"start":{"line":148,"column":6},"end":{"line":150,"column":null}},"68":{"start":{"line":149,"column":8},"end":{"line":149,"column":14}},"69":{"start":{"line":152,"column":4},"end":{"line":152,"column":11}}},"fnMap":{"0":{"name":"transformErrors","decl":{"start":{"line":15,"column":9},"end":{"line":15,"column":null}},"loc":{"start":{"line":16,"column":46},"end":{"line":28,"column":null}}},"1":{"name":"(anonymous_1)","decl":{"start":{"line":19,"column":21},"end":{"line":19,"column":30}},"loc":{"start":{"line":19,"column":30},"end":{"line":27,"column":null}}},"2":{"name":"validateFormData","decl":{"start":{"line":30,"column":22},"end":{"line":30,"column":null}},"loc":{"start":{"line":35,"column":51},"end":{"line":75,"column":null}}},"3":{"name":"createErrorProxy","decl":{"start":{"line":78,"column":9},"end":{"line":78,"column":25}},"loc":{"start":{"line":78,"column":25},"end":{"line":101,"column":null}}},"4":{"name":"(anonymous_4)","decl":{"start":{"line":81,"column":4},"end":{"line":81,"column":7}},"loc":{"start":{"line":81,"column":28},"end":{"line":99,"column":null}}},"5":{"name":"(anonymous_5)","decl":{"start":{"line":83,"column":16},"end":{"line":83,"column":31}},"loc":{"start":{"line":83,"column":31},"end":{"line":90,"column":null}}},"6":{"name":"mergeObjects","decl":{"start":{"line":104,"column":16},"end":{"line":104,"column":29}},"loc":{"start":{"line":104,"column":71},"end":{"line":119,"column":null}}},"7":{"name":"(anonymous_7)","decl":{"start":{"line":107,"column":34},"end":{"line":107,"column":35}},"loc":{"start":{"line":107,"column":47},"end":{"line":118,"column":5}}},"8":{"name":"toErrorSchema","decl":{"start":{"line":128,"column":9},"end":{"line":128,"column":23}},"loc":{"start":{"line":128,"column":55},"end":{"line":154,"column":null}}},"9":{"name":"(anonymous_9)","decl":{"start":{"line":130,"column":23},"end":{"line":130,"column":24}},"loc":{"start":{"line":130,"column":46},"end":{"line":153,"column":5}}}},"branchMap":{"0":{"loc":{"start":{"line":18,"column":2},"end":{"line":18,"column":54}},"type":"if","locations":[{"start":{"line":18,"column":2},"end":{"line":18,"column":54}},{"start":{"line":18,"column":2},"end":{"line":18,"column":54}}]},"1":{"loc":{"start":{"line":18,"column":6},"end":{"line":18,"column":30}},"type":"binary-expr","locations":[{"start":{"line":18,"column":6},"end":{"line":18,"column":30}},{"start":{"line":18,"column":30},"end":{"line":18,"column":47}}]},"2":{"loc":{"start":{"line":49,"column":2},"end":{"line":56,"column":null}},"type":"if","locations":[{"start":{"line":49,"column":2},"end":{"line":56,"column":null}},{"start":{"line":49,"column":2},"end":{"line":56,"column":null}}]},"3":{"loc":{"start":{"line":60,"column":2},"end":{"line":66,"column":null}},"type":"if","locations":[{"start":{"line":60,"column":2},"end":{"line":66,"column":null}},{"start":{"line":60,"column":2},"end":{"line":66,"column":null}}]},"4":{"loc":{"start":{"line":82,"column":6},"end":{"line":91,"column":null}},"type":"if","locations":[{"start":{"line":82,"column":6},"end":{"line":91,"column":null}},{"start":{"line":82,"column":6},"end":{"line":91,"column":null}}]},"5":{"loc":{"start":{"line":85,"column":10},"end":{"line":89,"column":null}},"type":"if","locations":[{"start":{"line":85,"column":10},"end":{"line":89,"column":null}},{"start":{"line":85,"column":10},"end":{"line":89,"column":null}}]},"6":{"loc":{"start":{"line":85,"column":14},"end":{"line":85,"column":22}},"type":"binary-expr","locations":[{"start":{"line":85,"column":14},"end":{"line":85,"column":22}},{"start":{"line":85,"column":26},"end":{"line":85,"column":31}}]},"7":{"loc":{"start":{"line":93,"column":6},"end":{"line":97,"column":null}},"type":"if","locations":[{"start":{"line":93,"column":6},"end":{"line":97,"column":null}},{"start":{"line":93,"column":6},"end":{"line":97,"column":null}}]},"8":{"loc":{"start":{"line":104,"column":66},"end":{"line":104,"column":71}},"type":"default-arg","locations":[{"start":{"line":104,"column":66},"end":{"line":104,"column":71}}]},"9":{"loc":{"start":{"line":108,"column":24},"end":{"line":108,"column":29}},"type":"cond-expr","locations":[{"start":{"line":108,"column":24},"end":{"line":108,"column":29}},{"start":{"line":108,"column":36},"end":{"line":108,"column":null}}]},"10":{"loc":{"start":{"line":110,"column":4},"end":{"line":116,"column":null}},"type":"if","locations":[{"start":{"line":110,"column":4},"end":{"line":116,"column":null}},{"start":{"line":110,"column":4},"end":{"line":116,"column":null}}]},"11":{"loc":{"start":{"line":110,"column":8},"end":{"line":110,"column":12}},"type":"binary-expr","locations":[{"start":{"line":110,"column":8},"end":{"line":110,"column":12}},{"start":{"line":110,"column":16},"end":{"line":110,"column":20}},{"start":{"line":110,"column":44},"end":{"line":110,"column":53}}]},"12":{"loc":{"start":{"line":112,"column":11},"end":{"line":116,"column":null}},"type":"if","locations":[{"start":{"line":112,"column":11},"end":{"line":116,"column":null}},{"start":{"line":112,"column":11},"end":{"line":116,"column":null}}]},"13":{"loc":{"start":{"line":112,"column":15},"end":{"line":112,"column":27}},"type":"binary-expr","locations":[{"start":{"line":112,"column":15},"end":{"line":112,"column":27}},{"start":{"line":112,"column":31},"end":{"line":112,"column":36}},{"start":{"line":112,"column":54},"end":{"line":112,"column":59}}]},"14":{"loc":{"start":{"line":129,"column":2},"end":{"line":129,"column":32}},"type":"if","locations":[{"start":{"line":129,"column":2},"end":{"line":129,"column":32}},{"start":{"line":129,"column":2},"end":{"line":129,"column":32}}]},"15":{"loc":{"start":{"line":134,"column":4},"end":{"line":136,"column":null}},"type":"if","locations":[{"start":{"line":134,"column":4},"end":{"line":136,"column":null}},{"start":{"line":134,"column":4},"end":{"line":136,"column":null}}]},"16":{"loc":{"start":{"line":134,"column":8},"end":{"line":134,"column":27}},"type":"binary-expr","locations":[{"start":{"line":134,"column":8},"end":{"line":134,"column":27}},{"start":{"line":134,"column":27},"end":{"line":134,"column":43}}]},"17":{"loc":{"start":{"line":138,"column":6},"end":{"line":140,"column":null}},"type":"if","locations":[{"start":{"line":138,"column":6},"end":{"line":140,"column":null}},{"start":{"line":138,"column":6},"end":{"line":140,"column":null}}]},"18":{"loc":{"start":{"line":144,"column":4},"end":{"line":151,"column":null}},"type":"if","locations":[{"start":{"line":144,"column":4},"end":{"line":151,"column":null}},{"start":{"line":144,"column":4},"end":{"line":151,"column":null}}]},"19":{"loc":{"start":{"line":145,"column":47},"end":{"line":145,"column":54}},"type":"binary-expr","locations":[{"start":{"line":145,"column":47},"end":{"line":145,"column":54}},{"start":{"line":145,"column":58},"end":{"line":145,"column":null}}]},"20":{"loc":{"start":{"line":148,"column":6},"end":{"line":150,"column":null}},"type":"if","locations":[{"start":{"line":148,"column":6},"end":{"line":150,"column":null}},{"start":{"line":148,"column":6},"end":{"line":150,"column":null}}]}},"s":{"0":3,"1":3,"2":3,"3":0,"4":0,"5":0,"6":0,"7":0,"8":0,"9":0,"10":0,"11":0,"12":0,"13":0,"14":0,"15":0,"16":0,"17":0,"18":0,"19":0,"20":0,"21":0,"22":0,"23":0,"24":0,"25":0,"26":0,"27":0,"28":0,"29":0,"30":0,"31":0,"32":0,"33":0,"34":0,"35":0,"36":0,"37":0,"38":0,"39":0,"40":0,"41":0,"42":0,"43":0,"44":0,"45":0,"46":0,"47":0,"48":0,"49":0,"50":0,"51":0,"52":0,"53":0,"54":0,"55":0,"56":0,"57":0,"58":0,"59":0,"60":0,"61":0,"62":0,"63":0,"64":0,"65":0,"66":0,"67":0,"68":0,"69":0},"f":{"0":0,"1":0,"2":0,"3":0,"4":0,"5":0,"6":0,"7":0,"8":0,"9":0},"b":{"0":[0,0],"1":[0,0],"2":[0,0],"3":[0,0],"4":[0,0],"5":[0,0],"6":[0,0],"7":[0,0],"8":[0],"9":[0,0],"10":[0,0],"11":[0,0,0],"12":[0,0],"13":[0,0,0],"14":[0,0],"15":[0,0],"16":[0,0],"17":[0,0],"18":[0,0],"19":[0,0],"20":[0,0]}}
,"/Users/wangy/IT/vue/vue3-json-schema-form/lib/fileds/ArrayField.tsx": {"path":"/Users/wangy/IT/vue/vue3-json-schema-form/lib/fileds/ArrayField.tsx","statementMap":{"0":{"start":{"line":2,"column":0},"end":{"line":2,"column":null}},"1":{"start":{"line":3,"column":0},"end":{"line":3,"column":null}},"2":{"start":{"line":4,"column":0},"end":{"line":4,"column":null}},"3":{"start":{"line":5,"column":0},"end":{"line":5,"column":null}},"4":{"start":{"line":7,"column":15},"end":{"line":7,"column":31}},"5":{"start":{"line":27,"column":23},"end":{"line":27,"column":39}},"6":{"start":{"line":52,"column":21},"end":{"line":52,"column":null}},"7":{"start":{"line":53,"column":4},"end":{"line":53,"column":11}},"8":{"start":{"line":54,"column":22},"end":{"line":54,"column":null}},"9":{"start":{"line":55,"column":6},"end":{"line":55,"column":null}},"10":{"start":{"line":60,"column":29},"end":{"line":60,"column":34}},"11":{"start":{"line":66,"column":29},"end":{"line":66,"column":34}},"12":{"start":{"line":72,"column":29},"end":{"line":72,"column":34}},"13":{"start":{"line":78,"column":29},"end":{"line":78,"column":34}},"14":{"start":{"line":90,"column":15},"end":{"line":90,"column":31}},"15":{"start":{"line":94,"column":20},"end":{"line":94,"column":null}},"16":{"start":{"line":96,"column":24},"end":{"line":96,"column":null}},"17":{"start":{"line":97,"column":18},"end":{"line":97,"column":null}},"18":{"start":{"line":98,"column":6},"end":{"line":98,"column":9}},"19":{"start":{"line":99,"column":6},"end":{"line":99,"column":11}},"20":{"start":{"line":103,"column":24},"end":{"line":103,"column":null}},"21":{"start":{"line":104,"column":18},"end":{"line":104,"column":null}},"22":{"start":{"line":105,"column":6},"end":{"line":105,"column":9}},"23":{"start":{"line":106,"column":6},"end":{"line":106,"column":11}},"24":{"start":{"line":110,"column":24},"end":{"line":110,"column":null}},"25":{"start":{"line":111,"column":18},"end":{"line":111,"column":null}},"26":{"start":{"line":112,"column":6},"end":{"line":112,"column":9}},"27":{"start":{"line":113,"column":6},"end":{"line":113,"column":11}},"28":{"start":{"line":117,"column":6},"end":{"line":117,"column":null}},"29":{"start":{"line":117,"column":23},"end":{"line":117,"column":null}},"30":{"start":{"line":118,"column":24},"end":{"line":118,"column":null}},"31":{"start":{"line":119,"column":18},"end":{"line":119,"column":null}},"32":{"start":{"line":120,"column":19},"end":{"line":120,"column":22}},"33":{"start":{"line":121,"column":6},"end":{"line":121,"column":9}},"34":{"start":{"line":122,"column":6},"end":{"line":122,"column":11}},"35":{"start":{"line":126,"column":24},"end":{"line":126,"column":null}},"36":{"start":{"line":127,"column":18},"end":{"line":127,"column":null}},"37":{"start":{"line":128,"column":6},"end":{"line":128,"column":null}},"38":{"start":{"line":128,"column":32},"end":{"line":128,"column":null}},"39":{"start":{"line":129,"column":19},"end":{"line":129,"column":22}},"40":{"start":{"line":130,"column":6},"end":{"line":130,"column":9}},"41":{"start":{"line":131,"column":6},"end":{"line":131,"column":11}},"42":{"start":{"line":133,"column":25},"end":{"line":133,"column":36}},"43":{"start":{"line":134,"column":4},"end":{"line":134,"column":11}},"44":{"start":{"line":135,"column"
[...]
,"/Users/wangy/IT/vue/vue3-json-schema-form/lib/fileds/ObjectField.tsx": {"path":"/Users/wangy/IT/vue/vue3-json-schema-form/lib/fileds/ObjectField.tsx","statementMap":{"0":{"start":{"line":2,"column":0},"end":{"line":2,"column":null}},"1":{"start":{"line":3,"column":0},"end":{"line":3,"column":null}},"2":{"start":{"line":4,"column":0},"end":{"line":4,"column":null}},"3":{"start":{"line":6,"column":15},"end":{"line":6,"column":31}},"4":{"start":{"line":10,"column":20},"end":{"line":10,"column":null}},"5":{"start":{"line":12,"column":25},"end":{"line":12,"column":null}},"6":{"start":{"line":13,"column":6},"end":{"line":17,"column":null}},"7":{"start":{"line":14,"column":8},"end":{"line":14,"column":15}},"8":{"start":{"line":16,"column":8},"end":{"line":16,"column":13}},"9":{"start":{"line":18,"column":6},"end":{"line":18,"column":11}},"10":{"start":{"line":20,"column":4},"end":{"line":20,"column":11}},"11":{"start":{"line":21,"column":29},"end":{"line":21,"column":null}},"12":{"start":{"line":22,"column":67},"end":{"line":22,"column":null}},"13":{"start":{"line":23,"column":25},"end":{"line":23,"column":null}},"14":{"start":{"line":24,"column":32},"end":{"line":24,"column":null}},"15":{"start":{"line":25,"column":6},"end":{"line":25,"column":13}},"16":{"start":{"line":26,"column":8},"end":{"line":26,"column":null}},"17":{"start":{"line":34,"column":34},"end":{"line":34,"column":47}}},"fnMap":{"0":{"name":"(anonymous_0)","decl":{"start":{"line":9,"column":2},"end":{"line":9,"column":7}},"loc":{"start":{"line":9,"column":13},"end":{"line":39,"column":null}}},"1":{"name":"handleChange","decl":{"start":{"line":11,"column":13},"end":{"line":11,"column":26}},"loc":{"start":{"line":11,"column":43},"end":{"line":19,"column":null}}},"2":{"name":"(anonymous_2)","decl":{"start":{"line":20,"column":11},"end":{"line":20,"column":16}},"loc":{"start":{"line":20,"column":16},"end":{"line":38,"column":null}}},"3":{"name":"(anonymous_3)","decl":{"start":{"line":25,"column":41},"end":{"line":25,"column":42}},"loc":{"start":{"line":25,"column":72},"end":{"line":37,"column":null}}},"4":{"name":"(anonymous_4)","decl":{"start":{"line":34,"column":23},"end":{"line":34,"column":34}},"loc":{"start":{"line":34,"column":34},"end":{"line":34,"column":47}}}},"branchMap":{"0":{"loc":{"start":{"line":12,"column":49},"end":{"line":12,"column":63}},"type":"cond-expr","locations":[{"start":{"line":12,"column":49},"end":{"line":12,"column":63}},{"start":{"line":12,"column":63},"end":{"line":12,"column":null}}]},"1":{"loc":{"start":{"line":13,"column":6},"end":{"line":17,"column":null}},"type":"if","locations":[{"start":{"line":13,"column":6},"end":{"line":17,"column":null}},{"start":{"line":13,"column":6},"end":{"line":17,"column":null}}]},"2":{"loc":{"start":{"line":23,"column":25},"end":{"line":23,"column":46}},"type":"binary-expr","locations":[{"start":{"line":23,"column":25},"end":{"line":23,"column":46}},{"start":{"line":23,"column":46},"end":{"line":23,"column":null}}]},"3":{"loc":{"start":{"line":24,"column":50},"end":{"line":24,"column":58}},"type":"cond-expr","locations":[{"start":{"line":24,"column":50},"end":{"line":24,"column":58}},{"start":{"line":24,"column":58},"end":{"line":24,"column":null}}]},"4":{"loc":{"start":{"line":28,"column":44},"end":{"line":28,"column":77}},"type":"cond-expr","locations":[{"start":{"line":28,"column":44},"end":{"line":28,"column":77}},{"start":{"line":28,"column":77},"end":{"line":28,"column":null}}]},"5":{"loc":{"start":{"line":28,"column":44},"end":{"line":28,"column":52}},"type":"binary-expr","locations":[{"start":{"line":28,"column":44},"end":{"line":28,"column":52}},{"start":{"line":28,"column":72},"end":{"line":28,"column":77}}]},"6":{"loc":{"start":{"line":29,"column":25},"end":{"line":29,"column":37}},"type":"binary-expr","locations":[{"start":{"line":29,"column":25},"end":{"line":29,"column":37}},{"start":{"line":29,"column":45},"end":{"line":29,"column":null}}]}},"s":{"0":3,"1":3,"2":3,"3":3,"4":3,"5":4,"6":4,"7":2,"8":2,"9":4,"10":3,"11":4,"12":4,"13":4,"14":4,"15":4,"16":8,"17":4},"f":{"0":3,"1":4,"2":4,"3":8,"4":4},"b":{"0":[2,2],"1":[2,2],"2":[4,0],"3":[3,1],"4":[0,8],"5":[0,0],"6":[8,8]}}
,"/Users/wangy/IT/vue/vue3-json-schema-form/lib/fileds/StringField.tsx": {"path":"/Users/wangy/IT/vue/vue3-json-schema-form/lib/fileds/StringField.tsx","statementMap":{"0":{"start":{"line":2,"column":0},"end":{"line":2,"column":null}},"1":{"start":{"line":3,"column":0},"end":{"line":3,"column":null}},"2":{"start":{"line":4,"column":15},"end":{"line":4,"column":31}},"3":{"start":{"line":8,"column":26},"end":{"line":8,"column":35}},"4":{"start":{"line":9,"column":24},"end":{"line":9,"column":35}},"5":{"start":{"line":10,"column":6},"end":{"line":10,"column":13}},"6":{"start":{"line":12,"column":26},"end":{"line":14,"column":null}},"7":{"start":{"line":13,"column":6},"end":{"line":13,"column":11}},"8":{"start":{"line":15,"column":29},"end":{"line":15,"column":38}},"9":{"start":{"line":16,"column":56},"end":{"line":16,"column":null}},"10":{"start":{"line":17,"column":6},"end":{"line":17,"column":13}},"11":{"start":{"line":19,"column":4},"end":{"line":19,"column":11}},"12":{"start":{"line":20,"column":39},"end":{"line":20,"column":null}},"13":{"start":{"line":21,"column":25},"end":{"line":21,"column":null}},"14":{"start":{"line":22,"column":6},"end":{"line":22,"column":null}}},"fnMap":{"0":{"name":"(anonymous_0)","decl":{"start":{"line":7,"column":2},"end":{"line":7,"column":7}},"loc":{"start":{"line":7,"column":13},"end":{"line":33,"column":null}}},"1":{"name":"(anonymous_1)","decl":{"start":{"line":8,"column":35},"end":{"line":8,"column":40}},"loc":{"start":{"line":8,"column":40},"end":{"line":11,"column":null}}},"2":{"name":"(anonymous_2)","decl":{"start":{"line":12,"column":26},"end":{"line":12,"column":39}},"loc":{"start":{"line":12,"column":39},"end":{"line":14,"column":null}}},"3":{"name":"(anonymous_3)","decl":{"start":{"line":15,"column":38},"end":{"line":15,"column":43}},"loc":{"start":{"line":15,"column":43},"end":{"line":18,"column":null}}},"4":{"name":"(anonymous_4)","decl":{"start":{"line":19,"column":11},"end":{"line":19,"column":16}},"loc":{"start":{"line":19,"column":16},"end":{"line":32,"column":null}}}},"branchMap":{"0":{"loc":{"start":{"line":28,"column":20},"end":{"line":28,"column":44}},"type":"binary-expr","locations":[{"start":{"line":28,"column":20},"end":{"line":28,"column":44}},{"start":{"line":28,"column":44},"end":{"line":28,"column":null}}]}},"s":{"0":3,"1":3,"2":3,"3":6,"4":7,"5":7,"6":6,"7":0,"8":6,"9":7,"10":7,"11":6,"12":7,"13":7,"14":7},"f":{"0":6,"1":7,"2":0,"3":7,"4":7},"b":{"0":[7,7]}}
,"/Users/wangy/IT/vue/vue3-json-schema-form/lib/theme-default/NumberWidget.tsx": {"path":"/Users/wangy/IT/vue/vue3-json-schema-form/lib/theme-default/NumberWidget.tsx","statementMap":{"0":{"start":{"line":2,"column":0},"end":{"line":2,"column":null}},"1":{"start":{"line":3,"column":0},"end":{"line":3,"column":null}},"2":{"start":{"line":5,"column":39},"end":{"line":5,"column":null}},"3":{"start":{"line":10,"column":28},"end":{"line":14,"column":null}},"4":{"start":{"line":11,"column":22},"end":{"line":11,"column":null}},"5":{"start":{"line":12,"column":8},"end":{"line":12,"column":9}},"6":{"start":{"line":13,"column":8},"end":{"line":13,"column":13}},"7":{"start":{"line":15,"column":6},"end":{"line":15,"column":13}},"8":{"start":{"line":15,"column":13},"end":{"line":15,"column":null}},"9":{"start":{"line":26,"column":15},"end":{"line":26,"column":null}}},"fnMap":{"0":{"name":"(anonymous_0)","decl":{"start":{"line":9,"column":4},"end":{"line":9,"column":9}},"loc":{"start":{"line":9,"column":15},"end":{"line":22,"column":null}}},"1":{"name":"(anonymous_1)","decl":{"start":{"line":10,"column":28},"end":{"line":10,"column":38}},"loc":{"start":{"line":10,"column":38},"end":{"line":14,"column":null}}},"2":{"name":"(anonymous_2)","decl":{"start":{"line":15,"column":13},"end":{"line":15,"column":null}},"loc":{"start":{"line":15,"column":13},"end":{"line":15,"column":null}}}},"branchMap":{},"s":{"0":3,"1":3,"2":3,"3":5,"4":1,"5":1,"6":1,"7":5,"8":6,"9":3},"f":{"0":5,"1":1,"2":6},"b":{}}
,"/Users/wangy/IT/vue/vue3-json-schema-form/lib/theme-default/SelectionWidget.tsx": {"path":"/Users/wangy/IT/vue/vue3-json-schema-form/lib/theme-default/SelectionWidget.tsx","statementMap":{"0":{"start":{"line":2,"column":0},"end":{"line":2,"column":null}},"1":{"start":{"line":3,"column":0},"end":{"line":3,"column":null}},"2":{"start":{"line":4,"column":44},"end":{"line":4,"column":null}},"3":{"start":{"line":8,"column":23},"end":{"line":8,"column":27}},"4":{"start":{"line":10,"column":6},"end":{"line":10,"column":12}},"5":{"start":{"line":11,"column":8},"end":{"line":11,"column":13}},"6":{"start":{"line":14,"column":6},"end":{"line":14,"column":null}},"7":{"start":{"line":15,"column":14},"end":{"line":15,"column":null}},"8":{"start":{"line":17,"column":10},"end":{"line":17,"column":18}},"9":{"start":{"line":20,"column":6},"end":{"line":20,"column":13}},"10":{"start":{"line":21,"column":8},"end":{"line":21,"column":null}},"11":{"start":{"line":22,"column":27},"end":{"line":21,"column":null}},"12":{"start":{"line":24,"column":14},"end":{"line":24,"column":36}},"13":{"start":{"line":33,"column":15},"end":{"line":33,"column":null}}},"fnMap":{"0":{"name":"(anonymous_0)","decl":{"start":{"line":7,"column":4},"end":{"line":7,"column":9}},"loc":{"start":{"line":7,"column":15},"end":{"line":29,"column":null}}},"1":{"name":"(anonymous_1)","decl":{"start":{"line":10,"column":23},"end":{"line":10,"column":33}},"loc":{"start":{"line":10,"column":33},"end":{"line":12,"column":null}}},"2":{"name":"(anonymous_2)","decl":{"start":{"line":15,"column":8},"end":{"line":15,"column":14}},"loc":{"start":{"line":15,"column":14},"end":{"line":15,"column":null}}},"3":{"name":"(anonymous_3)","decl":{"start":{"line":16,"column":9},"end":{"line":16,"column":19}},"loc":{"start":{"line":16,"column":19},"end":{"line":18,"column":null}}},"4":{"name":"(anonymous_4)","decl":{"start":{"line":20,"column":13},"end":{"line":20,"column":18}},"loc":{"start":{"line":20,"column":18},"end":{"line":28,"column":null}}},"5":{"name":"(anonymous_5)","decl":{"start":{"line":21,"column":8},"end":{"line":21,"column":null}},"loc":{"start":{"line":22,"column":27},"end":{"line":21,"column":null}}},"6":{"name":"(anonymous_6)","decl":{"start":{"line":23,"column":32},"end":{"line":23,"column":39}},"loc":{"start":{"line":23,"column":39},"end":{"line":25,"column":null}}}},"branchMap":{},"s":{"0":3,"1":3,"2":3,"3":1,"4":1,"5":0,"6":1,"7":1,"8":0,"9":1,"10":1,"11":0,"12":2,"13":3},"f":{"0":1,"1":0,"2":1,"3":0,"4":1,"5":0,"6":2},"b":{}}
,"/Users/wangy/IT/vue/vue3-json-schema-form/lib/theme-default/TextWidget.tsx": {"path":"/Users/wangy/IT/vue/vue3-json-schema-form/lib/theme-default/TextWidget.tsx","statementMap":{"0":{"start":{"line":2,"column":0},"end":{"line":2,"column":null}},"1":{"start":{"line":3,"column":0},"end":{"line":3,"column":null}},"2":{"start":{"line":4,"column":39},"end":{"line":4,"column":null}},"3":{"start":{"line":9,"column":28},"end":{"line":13,"column":null}},"4":{"start":{"line":10,"column":22},"end":{"line":10,"column":null}},"5":{"start":{"line":11,"column":8},"end":{"line":11,"column":9}},"6":{"start":{"line":12,"column":8},"end":{"line":12,"column":13}},"7":{"start":{"line":14,"column":23},"end":{"line":14,"column":32}},"8":{"start":{"line":15,"column":8},"end":{"line":15,"column":15}},"9":{"start":{"line":17,"column":6},"end":{"line":17,"column":13}},"10":{"start":{"line":18,"column":8},"end":{"line":18,"column":null}},"11":{"start":{"line":32,"column":15},"end":{"line":32,"column":null}}},"fnMap":{"0":{"name":"(anonymous_0)","decl":{"start":{"line":8,"column":4},"end":{"line":8,"column":9}},"loc":{"start":{"line":8,"column":15},"end":{"line":28,"column":null}}},"1":{"name":"(anonymous_1)","decl":{"start":{"line":9,"column":28},"end":{"line":9,"column":38}},"loc":{"start":{"line":9,"column":38},"end":{"line":13,"column":null}}},"2":{"name":"(anonymous_2)","decl":{"start":{"line":14,"column":32},"end":{"line":14,"column":37}},"loc":{"start":{"line":14,"column":37},"end":{"line":16,"column":null}}},"3":{"name":"(anonymous_3)","decl":{"start":{"line":17,"column":13},"end":{"line":17,"column":18}},"loc":{"start":{"line":17,"column":18},"end":{"line":27,"column":null}}}},"branchMap":{"0":{"loc":{"start":{"line":15,"column":25},"end":{"line":15,"column":42}},"type":"binary-expr","locations":[{"start":{"line":15,"column":25},"end":{"line":15,"column":42}},{"start":{"line":15,"column":42},"end":{"line":15,"column":66}},{"start":{"line":15,"column":66},"end":{"line":15,"column":null}}]}},"s":{"0":3,"1":3,"2":3,"3":6,"4":0,"5":0,"6":0,"7":6,"8":7,"9":6,"10":7,"11":3},"f":{"0":6,"1":0,"2":7,"3":7},"b":{"0":[7,7,7]}}
,"/Users/wangy/IT/vue/vue3-json-schema-form/lib/theme-default/formItem.tsx": {"path":"/Users/wangy/IT/vue/vue3-json-schema-form/lib/theme-default/formItem.tsx","statementMap":{"0":{"start":{"line":2,"column":0},"end":{"line":2,"column":null}},"1":{"start":{"line":3,"column":0},"end":{"line":3,"column":null}},"2":{"start":{"line":4,"column":17},"end":{"line":4,"column":33}},"3":{"start":{"line":8,"column":19},"end":{"line":8,"column":35}},"4":{"start":{"line":22,"column":22},"end":{"line":22,"column":null}},"5":{"start":{"line":23,"column":4},"end":{"line":23,"column":11}},"6":{"start":{"line":24,"column":33},"end":{"line":24,"column":null}},"7":{"start":{"line":25,"column":6},"end":{"line":25,"column":null}},"8":{"start":{"line":32,"column":16},"end":{"line":32,"column":28}},"9":{"start":{"line":41,"column":15},"end":{"line":41,"column":null}},"10":{"start":{"line":43,"column":2},"end":{"line":43,"column":9}},"11":{"start":{"line":47,"column":6},"end":{"line":47,"column":13}},"12":{"start":{"line":48,"column":8},"end":{"line":48,"column":null}}},"fnMap":{"0":{"name":"(anonymous_0)","decl":{"start":{"line":7,"column":2},"end":{"line":7,"column":7}},"loc":{"start":{"line":7,"column":24},"end":{"line":39,"column":null}}},"1":{"name":"(anonymous_1)","decl":{"start":{"line":23,"column":11},"end":{"line":23,"column":16}},"loc":{"start":{"line":23,"column":16},"end":{"line":38,"column":null}}},"2":{"name":"(anonymous_2)","decl":{"start":{"line":31,"column":28},"end":{"line":31,"column":35}},"loc":{"start":{"line":31,"column":35},"end":{"line":33,"column":null}}},"3":{"name":"withFormItem","decl":{"start":{"line":42,"column":16},"end":{"line":42,"column":29}},"loc":{"start":{"line":42,"column":40},"end":{"line":56,"column":null}}},"4":{"name":"(anonymous_4)","decl":{"start":{"line":46,"column":4},"end":{"line":46,"column":9}},"loc":{"start":{"line":46,"column":26},"end":{"line":54,"column":null}}},"5":{"name":"(anonymous_5)","decl":{"start":{"line":47,"column":13},"end":{"line":47,"column":18}},"loc":{"start":{"line":47,"column":18},"end":{"line":53,"column":null}}},"6":{"name":"(anonymous_6)","decl":{"start":{"line":48,"column":8},"end":{"line":48,"column":null}},"loc":{"start":{"line":48,"column":8},"end":{"line":48,"column":null}}}},"branchMap":{"0":{"loc":{"start":{"line":28,"column":16},"end":{"line":28,"column":33}},"type":"binary-expr","locations":[{"start":{"line":28,"column":16},"end":{"line":28,"column":33}},{"start":{"line":28,"column":33},"end":{"line":28,"column":38}}]},"1":{"loc":{"start":{"line":25,"column":6},"end":{"line":25,"column":null}},"type":"cond-expr","locations":[{"start":{"line":25,"column":6},"end":{"line":25,"column":null}},{"start":{"line":31,"column":15},"end":{"line":31,"column":21}}]},"2":{"loc":{"start":{"line":31,"column":15},"end":{"line":25,"column":null}},"type":"binary-expr","locations":[{"start":{"line":31,"column":15},"end":{"line":25,"column":null}},{"start":{"line":31,"column":15},"end":{"line":25,"column":null}}]}},"s":{"0":3,"1":3,"2":3,"3":12,"4":12,"5":12,"6":14,"7":14,"8":0,"9":3,"10":9,"11":12,"12":28},"f":{"0":12,"1":14,"2":0,"3":9,"4":12,"5":14,"6":14},"b":{"0":[14,14],"1":[1,13],"2":[14,14]}}
,"/Users/wangy/IT/vue/vue3-json-schema-form/lib/theme-default/index.tsx": {"path":"/Users/wangy/IT/vue/vue3-json-schema-form/lib/theme-default/index.tsx","statementMap":{"0":{"start":{"line":1,"column":0},"end":{"line":1,"column":null}},"1":{"start":{"line":2,"column":0},"end":{"line":2,"column":null}},"2":{"start":{"line":3,"column":0},"end":{"line":3,"column":null}},"3":{"start":{"line":4,"column":0},"end":{"line":4,"column":null}},"4":{"start":{"line":5,"column":0},"end":{"line":5,"column":null}},"5":{"start":{"line":6,"column":41},"end":{"line":6,"column":57}},"6":{"start":{"line":10,"column":4},"end":{"line":10,"column":11}},"7":{"start":{"line":10,"column":17},"end":{"line":10,"column":null}},"8":{"start":{"line":13,"column":15},"end":{"line":13,"column":null}}},"fnMap":{"0":{"name":"(anonymous_0)","decl":{"start":{"line":9,"column":2},"end":{"line":9,"column":7}},"loc":{"start":{"line":9,"column":7},"end":{"line":11,"column":null}}},"1":{"name":"(anonymous_1)","decl":{"start":{"line":10,"column":11},"end":{"line":10,"column":17}},"loc":{"start":{"line":10,"column":17},"end":{"line":10,"column":null}}}},"branchMap":{},"s":{"0":3,"1":3,"2":3,"3":3,"4":3,"5":3,"6":0,"7":0,"8":3},"f":{"0":0,"1":0},"b":{}}
,"/Users/wangy/IT/vue/vue3-json-schema-form/tests/unit/utils/TestComponent.tsx": {"path":"/Users/wangy/IT/vue/vue3-json-schema-form/tests/unit/utils/TestComponent.tsx","statementMap":{"0":{"start":{"line":2,"column":0},"end":{"line":2,"column":null}},"1":{"start":{"line":3,"column":0},"end":{"line":3,"column":null}},"2":{"start":{"line":4,"column":0},"end":{"line":4,"column":null}},"3":{"start":{"line":6,"column":29},"end":{"line":6,"column":45}},"4":{"start":{"line":9,"column":4},"end":{"line":9,"column":11}},"5":{"start":{"line":9,"column":11},"end":{"line":9,"column":null}},"6":{"start":{"line":17,"column":15},"end":{"line":17,"column":31}},"7":{"start":{"line":33,"column":4},"end":{"line":33,"column":11}},"8":{"start":{"line":33,"column":11},"end":{"line":33,"column":null}}},"fnMap":{"0":{"name":"(anonymous_0)","decl":{"start":{"line":8,"column":2},"end":{"line":8,"column":7}},"loc":{"start":{"line":8,"column":24},"end":{"line":14,"column":null}}},"1":{"name":"(anonymous_1)","decl":{"start":{"line":9,"column":11},"end":{"line":9,"column":null}},"loc":{"start":{"line":9,"column":11},"end":{"line":9,"column":null}}},"2":{"name":"(anonymous_3)","decl":{"start":{"line":32,"column":2},"end":{"line":32,"column":7}},"loc":{"start":{"line":32,"column":13},"end":{"line":38,"column":null}}},"3":{"name":"(anonymous_4)","decl":{"start":{"line":33,"column":11},"end":{"line":33,"column":null}},"loc":{"start":{"line":33,"column":11},"end":{"line":33,"column":null}}}},"branchMap":{"0":{"loc":{"start":{"line":11,"column":9},"end":{"line":11,"column":26}},"type":"binary-expr","locations":[{"start":{"line":11,"column":9},"end":{"line":11,"column":26}},{"start":{"line":11,"column":26},"end":{"line":11,"column":31}}]}},"s":{"0":3,"1":3,"2":3,"3":3,"4":7,"5":14,"6":3,"7":7,"8":14},"f":{"0":7,"1":14,"2":7,"3":14},"b":{"0":[7,7]}}
}
