TN:
SF:/Users/wangy/IT/vue/vue3-json-schema-form/lib/SchemaForm.tsx
FN:66,(anonymous_0)
FN:67,(anonymous_1)
FN:73,(anonymous_2)
FN:83,(anonymous_3)
FN:91,doValidate
FN:109,(anonymous_5)
FN:110,(anonymous_6)
FN:118,(anonymous_7)
FN:119,(anonymous_8)
FN:123,(anonymous_9)
FN:124,(anonymous_10)
FN:137,(anonymous_11)
FN:143,(anonymous_12)
FN:154,(anonymous_13)
FNF:14
FNH:8
FNDA:7,(anonymous_0)
FNDA:5,(anonymous_1)
FNDA:7,(anonymous_2)
FNDA:0,(anonymous_3)
FNDA:0,doValidate
FNDA:8,(anonymous_5)
FNDA:1,(anonymous_6)
FNDA:7,(anonymous_7)
FNDA:7,(anonymous_8)
FNDA:0,(anonymous_9)
FNDA:0,(anonymous_10)
FNDA:0,(anonymous_11)
FNDA:0,(anonymous_12)
FNDA:7,(anonymous_13)
DA:13,3
DA:14,3
DA:16,3
DA:17,3
DA:31,3
DA:35,3
DA:67,7
DA:68,5
DA:71,7
DA:72,7
DA:73,7
DA:74,7
DA:79,7
DA:80,0
DA:83,0
DA:84,0
DA:88,7
DA:89,7
DA:92,0
DA:93,0
DA:100,0
DA:101,0
DA:103,0
DA:105,0
DA:106,0
DA:108,7
DA:109,8
DA:111,1
DA:112,0
DA:117,7
DA:118,7
DA:120,7
DA:121,0
DA:122,0
DA:124,0
DA:125,0
DA:126,0
DA:137,7
DA:139,0
DA:140,0
DA:143,0
DA:144,0
DA:145,0
DA:149,7
DA:153,7
DA:154,7
DA:155,7
DA:156,7
LF:48
LH:27
BRDA:79,0,0,0
BRDA:79,0,1,7
BRDA:81,1,0,0
BRDA:81,1,1,0
BRDA:100,2,0,0
BRDA:100,2,1,0
BRDA:111,3,0,0
BRDA:111,3,1,1
BRDA:120,4,0,0
BRDA:120,4,1,7
BRDA:139,5,0,0
BRDA:139,5,1,0
BRDA:141,6,0,0
BRDA:141,6,1,0
BRDA:158,7,0,7
BRDA:158,7,1,7
BRDA:159,8,0,7
BRDA:159,8,1,0
BRF:18
BRH:6
end_of_record
TN:
SF:/Users/wangy/IT/vue/vue3-json-schema-form/lib/SchemaItem.tsx
FN:11,(anonymous_0)
FN:13,(anonymous_1)
FN:17,(anonymous_2)
FNF:3
FNH:3
FNDA:17,(anonymous_0)
FNDA:19,(anonymous_1)
FNDA:19,(anonymous_2)
DA:2,3
DA:3,3
DA:4,3
DA:5,3
DA:6,3
DA:7,3
DA:8,3
DA:13,17
DA:14,19
DA:15,19
DA:17,17
DA:18,19
DA:19,19
DA:20,19
DA:22,19
DA:24,7
DA:25,7
DA:28,6
DA:29,6
DA:32,3
DA:33,3
DA:36,3
DA:39,19
LF:23
LH:23
BRDA:23,0,0,7
BRDA:23,0,1,6
BRDA:23,0,2,3
BRDA:23,0,3,3
BRF:4
BRH:4
end_of_record
TN:
SF:/Users/wangy/IT/vue/vue3-json-schema-form/lib/ThemeProvider.tsx
FN:29,(anonymous_0)
FN:30,(anonymous_1)
FN:32,(anonymous_2)
FN:39,getWidgets
FN:62,(anonymous_4)
FNF:5
FNH:5
FNDA:7,(anonymous_0)
FNDA:7,(anonymous_1)
FNDA:7,(anonymous_2)
FNDA:15,getWidgets
FNDA:15,(anonymous_4)
DA:18,3
DA:19,3
DA:20,3
DA:21,3
DA:30,7
DA:31,7
DA:32,7
DA:33,7
DA:43,15
DA:44,15
DA:45,7
DA:46,7
DA:47,0
DA:48,0
DA:51,7
DA:52,0
DA:56,15
DA:59,15
DA:60,0
DA:62,15
LF:20
LH:16
BRDA:33,0,0,7
BRDA:33,0,1,7
BRDA:44,1,0,7
BRDA:44,1,1,8
BRDA:46,2,0,0
BRDA:46,2,1,7
BRDA:47,3,0,0
BRDA:47,3,1,0
BRDA:51,4,0,0
BRDA:51,4,1,7
BRDA:51,5,0,7
BRDA:51,5,1,7
BRDA:51,5,2,7
BRDA:51,5,3,0
BRDA:59,6,0,0
BRDA:59,6,1,15
BRF:16
BRH:10
end_of_record
TN:
SF:/Users/wangy/IT/vue/vue3-json-schema-form/lib/context.ts
FN:5,useVJSFCContext
FNF:1
FNH:1
FNDA:21,useVJSFCContext
DA:2,3
DA:3,3
DA:11,21
DA:12,21
DA:13,0
DA:15,21
LF:6
LH:5
BRDA:12,0,0,0
BRDA:12,0,1,21
BRDA:12,1,0,21
BRDA:12,1,1,21
BRDA:12,1,2,21
BRF:5
BRH:4
end_of_record
TN:
SF:/Users/wangy/IT/vue/vue3-json-schema-form/lib/index.ts
FN:6,(anonymous_4)
FNF:1
FNH:1
FNDA:18,(anonymous_4)
DA:1,3
DA:2,3
DA:3,3
DA:4,3
DA:5,3
DA:6,78
DA:7,3
LF:7
LH:7
BRDA:6,0,0,36
BRDA:6,0,1,72
BRF:2
BRH:2
end_of_record
TN:
SF:/Users/wangy/IT/vue/vue3-json-schema-form/lib/types.ts
FN:4,(anonymous_0)
FN:105,(anonymous_1)
FN:109,(anonymous_2)
FNF:3
FNH:3
FNDA:3,(anonymous_0)
FNDA:3,(anonymous_1)
FNDA:3,(anonymous_2)
DA:4,3
DA:5,3
DA:6,3
DA:7,3
DA:8,3
DA:9,3
DA:10,3
DA:38,3
DA:66,3
DA:86,3
DA:105,3
DA:106,3
DA:109,3
DA:110,3
DA:111,3
LF:15
LH:15
BRDA:4,0,0,3
BRDA:4,0,1,3
BRDA:105,1,0,3
BRDA:105,1,1,3
BRDA:109,2,0,3
BRDA:109,2,1,3
BRF:6
BRH:6
end_of_record
TN:
SF:/Users/wangy/IT/vue/vue3-json-schema-form/lib/utils.ts
FN:9,isObject
FN:13,isEmptyObject
FN:17,hasOwnProperty
FN:30,validateData
FN:39,resolveSchema
FN:48,(anonymous_5)
FN:58,retrieveSchema
FN:98,stubExistingAdditionalProperties
FN:109,(anonymous_8)
FN:150,resolveReference
FN:159,findSchemaDefinition
FN:178,resolveDependencies
FN:198,processDependencies
FN:242,withDependentProperties
FN:252,withDependentSchema
FN:273,(anonymous_15)
FN:287,withExactlyOneSubschema
FN:294,(anonymous_17)
FN:336,mergeSchemas
FN:338,(anonymous_19)
FN:370,getSchemaType
FN:387,(anonymous_21)
FN:419,guessType
FN:437,isConstant
FN:444,isSelect
FN:450,(anonymous_25)
FN:455,isMultiSelect
FN:463,getMatchingOption
FN:482,(anonymous_28)
FN:522,mergeDefaultsWithFormData
FN:527,(anonymous_30)
FN:535,(anonymous_31)
FN:547,getDefaultFormState
FNF:33
FNH:4
FNDA:27,isObject
FNDA:0,isEmptyObject
FNDA:57,hasOwnProperty
FNDA:0,validateData
FNDA:19,resolveSchema
FNDA:0,(anonymous_5)
FNDA:19,retrieveSchema
FNDA:0,stubExistingAdditionalProperties
FNDA:0,(anonymous_8)
FNDA:0,resolveReference
FNDA:0,findSchemaDefinition
FNDA:0,resolveDependencies
FNDA:0,processDependencies
FNDA:0,withDependentProperties
FNDA:0,withDependentSchema
FNDA:0,(anonymous_15)
FNDA:0,withExactlyOneSubschema
FNDA:0,(anonymous_17)
FNDA:0,mergeSchemas
FNDA:0,(anonymous_19)
FNDA:0,getSchemaType
FNDA:0,(anonymous_21)
FNDA:0,guessType
FNDA:0,isConstant
FNDA:0,isSelect
FNDA:0,(anonymous_25)
FNDA:0,isMultiSelect
FNDA:0,getMatchingOption
FNDA:0,(anonymous_28)
FNDA:0,mergeDefaultsWithFormData
FNDA:0,(anonymous_30)
FNDA:0,(anonymous_31)
FNDA:0,getDefaultFormState
DA:1,3
DA:5,3
DA:6,3
DA:7,3
DA:10,27
DA:14,0
DA:22,57
DA:29,3
DA:31,0
DA:32,0
DA:40,19
DA:41,0
DA:42,19
DA:43,0
DA:44,0
DA:45,19
DA:46,0
DA:49,0
DA:54,19
DA:63,19
DA:64,0
DA:66,19
DA:69,19
DA:70,0
DA:71,0
DA:77,0
DA:78,0
DA:79,0
DA:83,19
DA:85,19
DA:87,0
DA:93,19
DA:96,3
DA:104,0
DA:109,0
DA:110,0
DA:112,0
DA:116,0
DA:117,0
DA:122,0
DA:123,0
DA:125,0
DA:129,0
DA:131,0
DA:134,0
DA:152,0
DA:154,0
DA:156,0
DA:160,0
DA:161,0
DA:163,0
DA:165,0
DA:167,0
DA:168,0
DA:169,0
DA:171,0
DA:173,0
DA:175,0
DA:184,0
DA:185,0
DA:186,0
DA:190,0
DA:191,0
DA:196,0
DA:205,0
DA:207,0
DA:208,0
DA:211,0
DA:215,0
DA:220,0
DA:221,0
DA:222,0
DA:223,0
DA:224,0
DA:232,0
DA:239,0
DA:243,0
DA:244,0
DA:246,0
DA:249,0
DA:260,0
DA:265,0
DA:267,0
DA:268,0
DA:269,0
DA:270,0
DA:273,0
DA:274,0
DA:278,0
DA:294,0
DA:295,0
DA:296,0
DA:298,0
DA:299,0
DA:300,0
DA:307,0
DA:308,0
DA:311,0
DA:312,0
DA:315,0
DA:318,0
DA:322,0
DA:323,0
DA:324,0
DA:337,0
DA:338,0
DA:339,0
DA:340,0
DA:341,0
DA:342,0
DA:343,0
DA:353,0
DA:355,0
DA:357,0
DA:371,0
DA:373,0
DA:374,0
DA:377,0
DA:378,0
DA:381,0
DA:382,0
DA:385,0
DA:386,0
DA:387,0
DA:390,0
DA:419,3
DA:420,0
DA:421,0
DA:422,0
DA:423,0
DA:424,0
DA:425,0
DA:426,0
DA:427,0
DA:428,0
DA:429,0
DA:430,0
DA:431,0
DA:434,0
DA:438,0
DA:445,0
DA:446,0
DA:447,0
DA:448,0
DA:449,0
DA:450,0
DA:452,0
DA:456,0
DA:457,0
DA:459,0
DA:468,0
DA:469,0
DA:478,0
DA:481,0
DA:482,0
DA:490,0
DA:492,0
DA:494,0
DA:495,0
DA:498,0
DA:501,0
DA:503,0
DA:505,0
DA:510,0
DA:512,0
DA:513,0
DA:515,0
DA:516,0
DA:519,0
DA:523,0
DA:524,0
DA:525,0
DA:527,0
DA:528,0
DA:529,0
DA:531,0
DA:533,0
DA:534,0
DA:535,0
DA:536,0
DA:540,0
DA:543,0
DA:553,0
DA:554,0
DA:557,0
DA:566,0
DA:568,0
DA:570,0
DA:571,0
DA:573,0
DA:574,0
DA:576,0
LF:192
LH:19
BRDA:10,0,0,27
BRDA:10,0,1,24
BRDA:10,0,2,24
BRDA:14,1,0,0
BRDA:14,1,1,0
BRDA:39,2,0,0
BRDA:39,3,0,0
BRDA:40,4,0,0
BRDA:40,4,1,19
BRDA:42,5,0,0
BRDA:42,5,1,19
BRDA:45,6,0,0
BRDA:45,6,1,19
BRDA:45,7,0,19
BRDA:45,7,1,0
BRDA:60,8,0,0
BRDA:61,9,0,9
BRDA:63,10,0,0
BRDA:63,10,1,19
BRDA:69,11,0,0
BRDA:69,11,1,19
BRDA:83,12,0,19
BRDA:83,12,1,0
BRDA:85,13,0,0
BRDA:85,13,1,19
BRDA:100,14,0,0
BRDA:101,15,0,0
BRDA:110,16,0,0
BRDA:110,16,1,0
BRDA:116,17,0,0
BRDA:116,17,1,0
BRDA:122,18,0,0
BRDA:122,18,1,0
BRDA:159,19,0,0
BRDA:161,20,0,0
BRDA:161,20,1,0
BRDA:168,21,0,0
BRDA:168,21,1,0
BRDA:171,22,0,0
BRDA:171,22,1,0
BRDA:184,23,0,0
BRDA:185,24,0,0
BRDA:185,24,1,0
BRDA:190,25,0,0
BRDA:190,25,1,0
BRDA:207,26,0,0
BRDA:207,26,1,0
BRDA:211,27,0,0
BRDA:211,27,1,0
BRDA:212,28,0,0
BRDA:212,28,1,0
BRDA:221,29,0,0
BRDA:221,29,1,0
BRDA:223,30,0,0
BRDA:223,30,1,0
BRDA:243,31,0,0
BRDA:243,31,1,0
BRDA:247,32,0,0
BRDA:247,32,1,0
BRDA:267,33,0,0
BRDA:267,33,1,0
BRDA:269,34,0,0
BRDA:269,34,1,0
BRDA:275,35,0,0
BRDA:275,35,1,0
BRDA:295,36,0,0
BRDA:295,36,1,0
BRDA:299,37,0,0
BRDA:299,37,1,0
BRDA:308,38,0,0
BRDA:308,38,1,0
BRDA:311,39,0,0
BRDA:311,39,1,0
BRDA:339,40,0,0
BRDA:339,40,1,0
BRDA:341,41,0,0
BRDA:341,41,1,0
BRDA:341,42,0,0
BRDA:341,42,1,0
BRDA:341,42,2,0
BRDA:343,43,0,0
BRDA:343,43,1,0
BRDA:344,44,0,0
BRDA:344,44,1,0
BRDA:344,44,2,0
BRDA:344,44,3,0
BRDA:344,44,4,0
BRDA:344,44,5,0
BRDA:344,44,6,0
BRDA:373,45,0,0
BRDA:373,45,1,0
BRDA:373,46,0,0
BRDA:373,46,1,0
BRDA:377,47,0,0
BRDA:377,47,1,0
BRDA:377,48,0,0
BRDA:377,48,1,0
BRDA:381,49,0,0
BRDA:381,49,1,0
BRDA:381,50,0,0
BRDA:381,50,1,0
BRDA:381,50,2,0
BRDA:386,51,0,0
BRDA:386,51,1,0
BRDA:386,52,0,0
BRDA:386,52,1,0
BRDA:386,52,2,0
BRDA:420,53,0,0
BRDA:420,53,1,0
BRDA:422,54,0,0
BRDA:422,54,1,0
BRDA:424,55,0,0
BRDA:424,55,1,0
BRDA:426,56,0,0
BRDA:426,56,1,0
BRDA:428,57,0,0
BRDA:428,57,1,0
BRDA:430,58,0,0
BRDA:430,58,1,0
BRDA:439,59,0,0
BRDA:439,59,1,0
BRDA:439,59,2,0
BRDA:444,60,0,0
BRDA:446,61,0,0
BRDA:446,61,1,0
BRDA:447,62,0,0
BRDA:447,62,1,0
BRDA:449,63,0,0
BRDA:449,63,1,0
BRDA:455,64,0,0
BRDA:456,65,0,0
BRDA:456,65,1,0
BRDA:456,66,0,0
BRDA:456,66,1,0
BRDA:478,67,0,0
BRDA:478,67,1,0
BRDA:490,68,0,0
BRDA:490,68,1,0
BRDA:494,69,0,0
BRDA:494,69,1,0
BRDA:512,70,0,0
BRDA:512,70,1,0
BRDA:515,71,0,0
BRDA:515,71,1,0
BRDA:523,72,0,0
BRDA:523,72,1,0
BRDA:524,73,0,0
BRDA:524,73,1,0
BRDA:528,74,0,0
BRDA:528,74,1,0
BRDA:533,75,0,0
BRDA:533,75,1,0
BRDA:537,76,0,0
BRDA:537,76,1,0
BRDA:553,77,0,0
BRDA:553,77,1,0
BRDA:566,78,0,0
BRDA:566,78,1,0
BRDA:570,79,0,0
BRDA:570,79,1,0
BRDA:570,80,0,0
BRDA:570,80,1,0
BRDA:573,81,0,0
BRDA:573,81,1,0
BRDA:573,82,0,0
BRDA:573,82,1,0
BRDA:573,82,2,0
BRDA:576,83,0,0
BRDA:576,83,1,0
BRF:169
BRH:12
end_of_record
TN:
SF:/Users/wangy/IT/vue/vue3-json-schema-form/lib/validator.ts
FN:15,transformErrors
FN:19,(anonymous_1)
FN:30,validateFormData
FN:78,createErrorProxy
FN:81,(anonymous_4)
FN:83,(anonymous_5)
FN:104,mergeObjects
FN:107,(anonymous_7)
FN:128,toErrorSchema
FN:130,(anonymous_9)
FNF:10
FNH:0
FNDA:0,transformErrors
FNDA:0,(anonymous_1)
FNDA:0,validateFormData
FNDA:0,createErrorProxy
FNDA:0,(anonymous_4)
FNDA:0,(anonymous_5)
FNDA:0,mergeObjects
FNDA:0,(anonymous_7)
FNDA:0,toErrorSchema
FNDA:0,(anonymous_9)
DA:3,3
DA:4,3
DA:6,3
DA:18,0
DA:19,0
DA:20,0
DA:37,0
DA:38,0
DA:39,0
DA:40,0
DA:42,0
DA:43,0
DA:45,0
DA:46,0
DA:47,0
DA:48,0
DA:49,0
DA:50,0
DA:57,0
DA:58,0
DA:59,0
DA:60,0
DA:61,0
DA:67,0
DA:68,0
DA:69,0
DA:70,0
DA:79,0
DA:80,0
DA:82,0
DA:83,0
DA:84,0
DA:85,0
DA:86,0
DA:88,0
DA:92,0
DA:93,0
DA:94,0
DA:95,0
DA:96,0
DA:98,0
DA:106,0
DA:107,0
DA:108,0
DA:109,0
DA:110,0
DA:111,0
DA:112,0
DA:113,0
DA:115,0
DA:117,0
DA:129,0
DA:130,0
DA:131,0
DA:132,0
DA:133,0
DA:134,0
DA:135,0
DA:137,0
DA:138,0
DA:139,0
DA:141,0
DA:144,0
DA:145,0
DA:147,0
DA:148,0
DA:149,0
DA:152,0
LF:68
LH:3
BRDA:18,0,0,0
BRDA:18,0,1,0
BRDA:18,1,0,0
BRDA:18,1,1,0
BRDA:49,2,0,0
BRDA:49,2,1,0
BRDA:60,3,0,0
BRDA:60,3,1,0
BRDA:82,4,0,0
BRDA:82,4,1,0
BRDA:85,5,0,0
BRDA:85,5,1,0
BRDA:85,6,0,0
BRDA:85,6,1,0
BRDA:93,7,0,0
BRDA:93,7,1,0
BRDA:104,8,0,0
BRDA:108,9,0,0
BRDA:108,9,1,0
BRDA:110,10,0,0
BRDA:110,10,1,0
BRDA:110,11,0,0
BRDA:110,11,1,0
BRDA:110,11,2,0
BRDA:112,12,0,0
BRDA:112,12,1,0
BRDA:112,13,0,0
BRDA:112,13,1,0
BRDA:112,13,2,0
BRDA:129,14,0,0
BRDA:129,14,1,0
BRDA:134,15,0,0
BRDA:134,15,1,0
BRDA:134,16,0,0
BRDA:134,16,1,0
BRDA:138,17,0,0
BRDA:138,17,1,0
BRDA:144,18,0,0
BRDA:144,18,1,0
BRDA:145,19,0,0
BRDA:145,19,1,0
BRDA:148,20,0,0
BRDA:148,20,1,0
BRF:43
BRH:0
end_of_record
TN:
SF:/Users/wangy/IT/vue/vue3-json-schema-form/lib/fileds/ArrayField.tsx
FN:51,(anonymous_0)
FN:53,(anonymous_1)
FN:60,(anonymous_2)
FN:66,(anonymous_3)
FN:72,(anonymous_4)
FN:78,(anonymous_5)
FN:93,(anonymous_6)
FN:95,handleChange
FN:102,handleAdd
FN:109,handleDelete
FN:116,handleUp
FN:125,handleDown
FN:134,(anonymous_12)
FN:146,(anonymous_13)
FN:159,(anonymous_14)
FN:165,(anonymous_15)
FN:166,(anonymous_16)
FN:181,(anonymous_17)
FN:188,(anonymous_18)
FNF:19
FNH:8
FNDA:2,(anonymous_0)
FNDA:2,(anonymous_1)
FNDA:0,(anonymous_2)
FNDA:0,(anonymous_3)
FNDA:0,(anonymous_4)
FNDA:0,(anonymous_5)
FNDA:3,(anonymous_6)
FNDA:0,handleChange
FNDA:0,handleAdd
FNDA:0,handleDelete
FNDA:0,handleUp
FNDA:0,handleDown
FNDA:3,(anonymous_12)
FNDA:2,(anonymous_13)
FNDA:0,(anonymous_14)
FNDA:2,(anonymous_15)
FNDA:2,(anonymous_16)
FNDA:0,(anonymous_17)
FNDA:2,(anonymous_18)
DA:2,3
DA:3,3
DA:4,3
DA:5,3
DA:7,3
DA:27,3
DA:52,2
DA:53,2
DA:54,2
DA:55,2
DA:60,0
DA:66,0
DA:72,0
DA:78,0
DA:90,3
DA:94,3
DA:96,0
DA:97,0
DA:98,0
DA:99,0
DA:103,0
DA:104,0
DA:105,0
DA:106,0
DA:110,0
DA:111,0
DA:112,0
DA:113,0
DA:117,0
DA:118,0
DA:119,0
DA:120,0
DA:121,0
DA:122,0
DA:126,0
DA:127,0
DA:128,0
DA:129,0
DA:130,0
DA:131,0
DA:133,3
DA:134,3
DA:135,3
DA:136,3
DA:137,3
DA:138,3
DA:139,3
DA:140,3
DA:141,1
DA:142,0
DA:144,1
DA:145,1
DA:146,1
DA:147,2
DA:148,2
DA:151,2
DA:159,0
DA:163,2
DA:164,1
DA:165,1
DA:166,4
DA:181,0
DA:187,1
DA:188,1
DA:189,2
DA:194,1
LF:66
LH:35
BRDA:83,0,0,2
BRDA:83,0,1,2
BRDA:97,1,0,0
BRDA:97,1,1,0
BRDA:104,2,0,0
BRDA:104,2,1,0
BRDA:111,3,0,0
BRDA:111,3,1,0
BRDA:117,4,0,0
BRDA:117,4,1,0
BRDA:119,5,0,0
BRDA:119,5,1,0
BRDA:127,6,0,0
BRDA:127,6,1,0
BRDA:128,7,0,0
BRDA:128,7,1,0
BRDA:139,8,0,3
BRDA:139,8,1,3
BRDA:140,9,0,1
BRDA:140,9,1,2
BRDA:141,10,0,0
BRDA:141,10,1,1
BRDA:145,11,0,0
BRDA:145,11,1,1
BRDA:149,12,0,0
BRDA:149,12,1,2
BRDA:149,13,0,0
BRDA:149,13,1,0
BRDA:150,14,0,2
BRDA:150,14,1,2
BRDA:154,15,0,2
BRDA:154,15,1,2
BRDA:163,16,0,1
BRDA:163,16,1,1
BRDA:164,17,0,1
BRDA:164,17,1,0
BRDA:175,18,0,2
BRDA:175,18,1,2
BRDA:176,19,0,2
BRDA:176,19,1,2
BRF:40
BRH:20
end_of_record
TN:
SF:/Users/wangy/IT/vue/vue3-json-schema-form/lib/fileds/NumberField.tsx
FN:7,(anonymous_0)
FN:8,(anonymous_1)
FN:18,(anonymous_2)
FNF:3
FNH:3
FNDA:5,(anonymous_0)
FNDA:1,(anonymous_1)
FNDA:6,(anonymous_2)
DA:2,3
DA:3,3
DA:4,3
DA:8,5
DA:9,1
DA:10,1
DA:11,1
DA:12,0
DA:14,1
DA:17,5
DA:18,5
DA:19,6
DA:20,6
DA:21,6
LF:14
LH:13
BRDA:11,0,0,0
BRDA:11,0,1,1
BRDA:26,1,0,6
BRDA:26,1,1,6
BRF:4
BRH:3
end_of_record
TN:
SF:/Users/wangy/IT/vue/vue3-json-schema-form/lib/fileds/ObjectField.tsx
FN:9,(anonymous_0)
FN:11,handleChange
FN:20,(anonymous_2)
FN:25,(anonymous_3)
FN:34,(anonymous_4)
FNF:5
FNH:5
FNDA:3,(anonymous_0)
FNDA:4,handleChange
FNDA:4,(anonymous_2)
FNDA:8,(anonymous_3)
FNDA:4,(anonymous_4)
DA:2,3
DA:3,3
DA:4,3
DA:6,3
DA:10,3
DA:12,4
DA:13,4
DA:14,2
DA:16,2
DA:18,4
DA:20,3
DA:21,4
DA:22,4
DA:23,4
DA:24,4
DA:25,4
DA:26,8
DA:34,4
LF:18
LH:18
BRDA:12,0,0,2
BRDA:12,0,1,2
BRDA:13,1,0,2
BRDA:13,1,1,2
BRDA:23,2,0,4
BRDA:23,2,1,0
BRDA:24,3,0,3
BRDA:24,3,1,1
BRDA:28,4,0,0
BRDA:28,4,1,8
BRDA:28,5,0,0
BRDA:28,5,1,0
BRDA:29,6,0,8
BRDA:29,6,1,8
BRF:14
BRH:10
end_of_record
TN:
SF:/Users/wangy/IT/vue/vue3-json-schema-form/lib/fileds/StringField.tsx
FN:7,(anonymous_0)
FN:8,(anonymous_1)
FN:12,(anonymous_2)
FN:15,(anonymous_3)
FN:19,(anonymous_4)
FNF:5
FNH:4
FNDA:6,(anonymous_0)
FNDA:7,(anonymous_1)
FNDA:0,(anonymous_2)
FNDA:7,(anonymous_3)
FNDA:7,(anonymous_4)
DA:2,3
DA:3,3
DA:4,3
DA:8,6
DA:9,7
DA:10,7
DA:12,6
DA:13,0
DA:15,6
DA:16,7
DA:17,7
DA:19,6
DA:20,7
DA:21,7
DA:22,7
LF:15
LH:14
BRDA:28,0,0,7
BRDA:28,0,1,7
BRF:2
BRH:2
end_of_record
TN:
SF:/Users/wangy/IT/vue/vue3-json-schema-form/lib/theme-default/NumberWidget.tsx
FN:9,(anonymous_0)
FN:10,(anonymous_1)
FN:15,(anonymous_2)
FNF:3
FNH:3
FNDA:5,(anonymous_0)
FNDA:1,(anonymous_1)
FNDA:6,(anonymous_2)
DA:2,3
DA:3,3
DA:5,3
DA:10,5
DA:11,1
DA:12,1
DA:13,1
DA:15,6
DA:26,3
LF:9
LH:9
BRF:0
BRH:0
end_of_record
TN:
SF:/Users/wangy/IT/vue/vue3-json-schema-form/lib/theme-default/SelectionWidget.tsx
FN:7,(anonymous_0)
FN:10,(anonymous_1)
FN:15,(anonymous_2)
FN:16,(anonymous_3)
FN:20,(anonymous_4)
FN:21,(anonymous_5)
FN:23,(anonymous_6)
FNF:7
FNH:4
FNDA:1,(anonymous_0)
FNDA:0,(anonymous_1)
FNDA:1,(anonymous_2)
FNDA:0,(anonymous_3)
FNDA:1,(anonymous_4)
FNDA:0,(anonymous_5)
FNDA:2,(anonymous_6)
DA:2,3
DA:3,3
DA:4,3
DA:8,1
DA:10,1
DA:11,0
DA:14,1
DA:15,1
DA:17,0
DA:20,1
DA:21,1
DA:22,0
DA:24,2
DA:33,3
LF:14
LH:11
BRF:0
BRH:0
end_of_record
TN:
SF:/Users/wangy/IT/vue/vue3-json-schema-form/lib/theme-default/TextWidget.tsx
FN:8,(anonymous_0)
FN:9,(anonymous_1)
FN:14,(anonymous_2)
FN:17,(anonymous_3)
FNF:4
FNH:3
FNDA:6,(anonymous_0)
FNDA:0,(anonymous_1)
FNDA:7,(anonymous_2)
FNDA:7,(anonymous_3)
DA:2,3
DA:3,3
DA:4,3
DA:9,6
DA:10,0
DA:11,0
DA:12,0
DA:14,6
DA:15,7
DA:17,6
DA:18,7
DA:32,3
LF:12
LH:9
BRDA:15,0,0,7
BRDA:15,0,1,7
BRDA:15,0,2,7
BRF:3
BRH:3
end_of_record
TN:
SF:/Users/wangy/IT/vue/vue3-json-schema-form/lib/theme-default/formItem.tsx
FN:7,(anonymous_0)
FN:23,(anonymous_1)
FN:31,(anonymous_2)
FN:42,withFormItem
FN:46,(anonymous_4)
FN:47,(anonymous_5)
FN:48,(anonymous_6)
FNF:7
FNH:6
FNDA:12,(anonymous_0)
FNDA:14,(anonymous_1)
FNDA:0,(anonymous_2)
FNDA:9,withFormItem
FNDA:12,(anonymous_4)
FNDA:14,(anonymous_5)
FNDA:14,(anonymous_6)
DA:2,3
DA:3,3
DA:4,3
DA:8,12
DA:22,12
DA:23,12
DA:24,14
DA:25,14
DA:32,0
DA:41,3
DA:43,9
DA:47,12
DA:48,28
LF:13
LH:12
BRDA:28,0,0,14
BRDA:28,0,1,14
BRDA:25,1,0,1
BRDA:25,1,1,13
BRDA:31,2,0,14
BRDA:31,2,1,14
BRF:6
BRH:6
end_of_record
TN:
SF:/Users/wangy/IT/vue/vue3-json-schema-form/lib/theme-default/index.tsx
FN:9,(anonymous_0)
FN:10,(anonymous_1)
FNF:2
FNH:0
FNDA:0,(anonymous_0)
FNDA:0,(anonymous_1)
DA:1,3
DA:2,3
DA:3,3
DA:4,3
DA:5,3
DA:6,3
DA:10,0
DA:13,3
LF:8
LH:7
BRF:0
BRH:0
end_of_record
TN:
SF:/Users/wangy/IT/vue/vue3-json-schema-form/tests/unit/utils/TestComponent.tsx
FN:8,(anonymous_0)
FN:9,(anonymous_1)
FN:32,(anonymous_3)
FN:33,(anonymous_4)
FNF:4
FNH:4
FNDA:7,(anonymous_0)
FNDA:14,(anonymous_1)
FNDA:7,(anonymous_3)
FNDA:14,(anonymous_4)
DA:2,3
DA:3,3
DA:4,3
DA:6,3
DA:9,14
DA:17,3
DA:33,14
LF:7
LH:7
BRDA:11,0,0,7
BRDA:11,0,1,7
BRF:2
BRH:2
end_of_record
