TN:
SF:/Users/wangy/IT/vue/vue3-json-schema-form/lib/SchemaForm.tsx
FN:8,(anonymous_0)
FN:9,(anonymous_1)
FN:16,(anonymous_2)
FNF:3
FNH:3
FNDA:5,(anonymous_0)
FNDA:5,(anonymous_1)
FNDA:5,(anonymous_2)
DA:2,3
DA:3,3
DA:4,3
DA:5,3
DA:9,5
DA:10,5
DA:12,5
DA:15,5
DA:16,5
DA:17,5
DA:18,5
LF:11
LH:11
BRF:0
BRH:0
end_of_record
TN:
SF:/Users/wangy/IT/vue/vue3-json-schema-form/lib/SchemaItem.tsx
FN:11,(anonymous_0)
FN:13,(anonymous_1)
FN:17,(anonymous_2)
FNF:3
FNH:3
FNDA:13,(anonymous_0)
FNDA:15,(anonymous_1)
FNDA:15,(anonymous_2)
DA:2,3
DA:3,3
DA:4,3
DA:5,3
DA:6,3
DA:7,3
DA:8,3
DA:13,13
DA:14,15
DA:15,15
DA:17,13
DA:18,15
DA:19,15
DA:20,15
DA:22,15
DA:24,5
DA:25,5
DA:28,6
DA:29,6
DA:32,3
DA:33,3
DA:36,1
DA:39,15
LF:23
LH:23
BRDA:23,0,0,5
BRDA:23,0,1,6
BRDA:23,0,2,3
BRDA:23,0,3,1
BRF:4
BRH:4
end_of_record
TN:
SF:/Users/wangy/IT/vue/vue3-json-schema-form/lib/context.ts
FN:5,useVJSFCContext
FNF:1
FNH:1
FNDA:4,useVJSFCContext
DA:2,3
DA:3,3
DA:6,4
DA:9,4
DA:10,0
DA:12,4
LF:6
LH:5
BRDA:9,0,0,0
BRDA:9,0,1,4
BRDA:9,1,0,4
BRDA:9,1,1,4
BRDA:9,1,2,4
BRF:5
BRH:4
end_of_record
TN:
SF:/Users/wangy/IT/vue/vue3-json-schema-form/lib/index.ts
FNF:0
FNH:0
DA:1,3
DA:2,3
DA:3,3
DA:4,3
DA:5,3
LF:5
LH:5
BRF:0
BRH:0
end_of_record
TN:
SF:/Users/wangy/IT/vue/vue3-json-schema-form/lib/types.ts
FN:2,(anonymous_0)
FNF:1
FNH:1
FNDA:3,(anonymous_0)
DA:2,3
DA:3,3
DA:4,3
DA:5,3
DA:6,3
DA:7,3
DA:8,3
DA:35,3
LF:8
LH:8
BRDA:2,0,0,3
BRDA:2,0,1,3
BRF:2
BRH:2
end_of_record
TN:
SF:/Users/wangy/IT/vue/vue3-json-schema-form/lib/utils.ts
FN:9,isObject
FN:13,isEmptyObject
FN:17,hasOwnProperty
FN:30,validateData
FN:39,resolveSchema
FN:48,(anonymous_5)
FN:58,retrieveSchema
FN:98,stubExistingAdditionalProperties
FN:109,(anonymous_8)
FN:150,resolveReference
FN:159,findSchemaDefinition
FN:178,resolveDependencies
FN:198,processDependencies
FN:242,withDependentProperties
FN:252,withDependentSchema
FN:273,(anonymous_15)
FN:287,withExactlyOneSubschema
FN:294,(anonymous_17)
FN:336,mergeSchemas
FN:338,(anonymous_19)
FN:370,getSchemaType
FN:387,(anonymous_21)
FN:419,guessType
FN:437,isConstant
FN:444,isSelect
FN:450,(anonymous_25)
FN:455,isMultiSelect
FN:463,getMatchingOption
FN:482,(anonymous_28)
FN:522,mergeDefaultsWithFormData
FN:527,(anonymous_30)
FN:535,(anonymous_31)
FN:547,getDefaultFormState
FNF:33
FNH:4
FNDA:23,isObject
FNDA:0,isEmptyObject
FNDA:45,hasOwnProperty
FNDA:0,validateData
FNDA:15,resolveSchema
FNDA:0,(anonymous_5)
FNDA:15,retrieveSchema
FNDA:0,stubExistingAdditionalProperties
FNDA:0,(anonymous_8)
FNDA:0,resolveReference
FNDA:0,findSchemaDefinition
FNDA:0,resolveDependencies
FNDA:0,processDependencies
FNDA:0,withDependentProperties
FNDA:0,withDependentSchema
FNDA:0,(anonymous_15)
FNDA:0,withExactlyOneSubschema
FNDA:0,(anonymous_17)
FNDA:0,mergeSchemas
FNDA:0,(anonymous_19)
FNDA:0,getSchemaType
FNDA:0,(anonymous_21)
FNDA:0,guessType
FNDA:0,isConstant
FNDA:0,isSelect
FNDA:0,(anonymous_25)
FNDA:0,isMultiSelect
FNDA:0,getMatchingOption
FNDA:0,(anonymous_28)
FNDA:0,mergeDefaultsWithFormData
FNDA:0,(anonymous_30)
FNDA:0,(anonymous_31)
FNDA:0,getDefaultFormState
DA:1,3
DA:5,3
DA:6,3
DA:7,3
DA:10,23
DA:14,0
DA:22,45
DA:29,3
DA:31,0
DA:32,0
DA:40,15
DA:41,0
DA:42,15
DA:43,0
DA:44,0
DA:45,15
DA:46,0
DA:49,0
DA:54,15
DA:63,15
DA:64,0
DA:66,15
DA:69,15
DA:70,0
DA:71,0
DA:77,0
DA:78,0
DA:79,0
DA:83,15
DA:85,15
DA:87,0
DA:93,15
DA:96,3
DA:104,0
DA:109,0
DA:110,0
DA:112,0
DA:116,0
DA:117,0
DA:122,0
DA:123,0
DA:125,0
DA:129,0
DA:131,0
DA:134,0
DA:152,0
DA:154,0
DA:156,0
DA:160,0
DA:161,0
DA:163,0
DA:165,0
DA:167,0
DA:168,0
DA:169,0
DA:171,0
DA:173,0
DA:175,0
DA:184,0
DA:185,0
DA:186,0
DA:190,0
DA:191,0
DA:196,0
DA:205,0
DA:207,0
DA:208,0
DA:211,0
DA:215,0
DA:220,0
DA:221,0
DA:222,0
DA:223,0
DA:224,0
DA:232,0
DA:239,0
DA:243,0
DA:244,0
DA:246,0
DA:249,0
DA:260,0
DA:265,0
DA:267,0
DA:268,0
DA:269,0
DA:270,0
DA:273,0
DA:274,0
DA:278,0
DA:294,0
DA:295,0
DA:296,0
DA:298,0
DA:299,0
DA:300,0
DA:307,0
DA:308,0
DA:311,0
DA:312,0
DA:315,0
DA:318,0
DA:322,0
DA:323,0
DA:324,0
DA:337,0
DA:338,0
DA:339,0
DA:340,0
DA:341,0
DA:342,0
DA:343,0
DA:353,0
DA:355,0
DA:357,0
DA:371,0
DA:373,0
DA:374,0
DA:377,0
DA:378,0
DA:381,0
DA:382,0
DA:385,0
DA:386,0
DA:387,0
DA:390,0
DA:419,3
DA:420,0
DA:421,0
DA:422,0
DA:423,0
DA:424,0
DA:425,0
DA:426,0
DA:427,0
DA:428,0
DA:429,0
DA:430,0
DA:431,0
DA:434,0
DA:438,0
DA:445,0
DA:446,0
DA:447,0
DA:448,0
DA:449,0
DA:450,0
DA:452,0
DA:456,0
DA:457,0
DA:459,0
DA:468,0
DA:469,0
DA:478,0
DA:481,0
DA:482,0
DA:490,0
DA:492,0
DA:494,0
DA:495,0
DA:498,0
DA:501,0
DA:503,0
DA:505,0
DA:510,0
DA:512,0
DA:513,0
DA:515,0
DA:516,0
DA:519,0
DA:523,0
DA:524,0
DA:525,0
DA:527,0
DA:528,0
DA:529,0
DA:531,0
DA:533,0
DA:534,0
DA:535,0
DA:536,0
DA:540,0
DA:543,0
DA:553,0
DA:554,0
DA:557,0
DA:566,0
DA:568,0
DA:570,0
DA:571,0
DA:573,0
DA:574,0
DA:576,0
LF:192
LH:19
BRDA:10,0,0,23
BRDA:10,0,1,20
BRDA:10,0,2,20
BRDA:14,1,0,0
BRDA:14,1,1,0
BRDA:39,2,0,0
BRDA:39,3,0,0
BRDA:40,4,0,0
BRDA:40,4,1,15
BRDA:42,5,0,0
BRDA:42,5,1,15
BRDA:45,6,0,0
BRDA:45,6,1,15
BRDA:45,7,0,15
BRDA:45,7,1,0
BRDA:60,8,0,0
BRDA:61,9,0,9
BRDA:63,10,0,0
BRDA:63,10,1,15
BRDA:69,11,0,0
BRDA:69,11,1,15
BRDA:83,12,0,15
BRDA:83,12,1,0
BRDA:85,13,0,0
BRDA:85,13,1,15
BRDA:100,14,0,0
BRDA:101,15,0,0
BRDA:110,16,0,0
BRDA:110,16,1,0
BRDA:116,17,0,0
BRDA:116,17,1,0
BRDA:122,18,0,0
BRDA:122,18,1,0
BRDA:159,19,0,0
BRDA:161,20,0,0
BRDA:161,20,1,0
BRDA:168,21,0,0
BRDA:168,21,1,0
BRDA:171,22,0,0
BRDA:171,22,1,0
BRDA:184,23,0,0
BRDA:185,24,0,0
BRDA:185,24,1,0
BRDA:190,25,0,0
BRDA:190,25,1,0
BRDA:207,26,0,0
BRDA:207,26,1,0
BRDA:211,27,0,0
BRDA:211,27,1,0
BRDA:212,28,0,0
BRDA:212,28,1,0
BRDA:221,29,0,0
BRDA:221,29,1,0
BRDA:223,30,0,0
BRDA:223,30,1,0
BRDA:243,31,0,0
BRDA:243,31,1,0
BRDA:247,32,0,0
BRDA:247,32,1,0
BRDA:267,33,0,0
BRDA:267,33,1,0
BRDA:269,34,0,0
BRDA:269,34,1,0
BRDA:275,35,0,0
BRDA:275,35,1,0
BRDA:295,36,0,0
BRDA:295,36,1,0
BRDA:299,37,0,0
BRDA:299,37,1,0
BRDA:308,38,0,0
BRDA:308,38,1,0
BRDA:311,39,0,0
BRDA:311,39,1,0
BRDA:339,40,0,0
BRDA:339,40,1,0
BRDA:341,41,0,0
BRDA:341,41,1,0
BRDA:341,42,0,0
BRDA:341,42,1,0
BRDA:341,42,2,0
BRDA:343,43,0,0
BRDA:343,43,1,0
BRDA:344,44,0,0
BRDA:344,44,1,0
BRDA:344,44,2,0
BRDA:344,44,3,0
BRDA:344,44,4,0
BRDA:344,44,5,0
BRDA:344,44,6,0
BRDA:373,45,0,0
BRDA:373,45,1,0
BRDA:373,46,0,0
BRDA:373,46,1,0
BRDA:377,47,0,0
BRDA:377,47,1,0
BRDA:377,48,0,0
BRDA:377,48,1,0
BRDA:381,49,0,0
BRDA:381,49,1,0
BRDA:381,50,0,0
BRDA:381,50,1,0
BRDA:381,50,2,0
BRDA:386,51,0,0
BRDA:386,51,1,0
BRDA:386,52,0,0
BRDA:386,52,1,0
BRDA:386,52,2,0
BRDA:420,53,0,0
BRDA:420,53,1,0
BRDA:422,54,0,0
BRDA:422,54,1,0
BRDA:424,55,0,0
BRDA:424,55,1,0
BRDA:426,56,0,0
BRDA:426,56,1,0
BRDA:428,57,0,0
BRDA:428,57,1,0
BRDA:430,58,0,0
BRDA:430,58,1,0
BRDA:439,59,0,0
BRDA:439,59,1,0
BRDA:439,59,2,0
BRDA:444,60,0,0
BRDA:446,61,0,0
BRDA:446,61,1,0
BRDA:447,62,0,0
BRDA:447,62,1,0
BRDA:449,63,0,0
BRDA:449,63,1,0
BRDA:455,64,0,0
BRDA:456,65,0,0
BRDA:456,65,1,0
BRDA:456,66,0,0
BRDA:456,66,1,0
BRDA:478,67,0,0
BRDA:478,67,1,0
BRDA:490,68,0,0
BRDA:490,68,1,0
BRDA:494,69,0,0
BRDA:494,69,1,0
BRDA:512,70,0,0
BRDA:512,70,1,0
BRDA:515,71,0,0
BRDA:515,71,1,0
BRDA:523,72,0,0
BRDA:523,72,1,0
BRDA:524,73,0,0
BRDA:524,73,1,0
BRDA:528,74,0,0
BRDA:528,74,1,0
BRDA:533,75,0,0
BRDA:533,75,1,0
BRDA:537,76,0,0
BRDA:537,76,1,0
BRDA:553,77,0,0
BRDA:553,77,1,0
BRDA:566,78,0,0
BRDA:566,78,1,0
BRDA:570,79,0,0
BRDA:570,79,1,0
BRDA:570,80,0,0
BRDA:570,80,1,0
BRDA:573,81,0,0
BRDA:573,81,1,0
BRDA:573,82,0,0
BRDA:573,82,1,0
BRDA:573,82,2,0
BRDA:576,83,0,0
BRDA:576,83,1,0
BRF:169
BRH:12
end_of_record
TN:
SF:/Users/wangy/IT/vue/vue3-json-schema-form/lib/fileds/ArrayField.tsx
FN:51,(anonymous_0)
FN:53,(anonymous_1)
FN:60,(anonymous_2)
FN:66,(anonymous_3)
FN:72,(anonymous_4)
FN:78,(anonymous_5)
FN:93,(anonymous_6)
FN:95,handleChange
FN:102,handleAdd
FN:109,handleDelete
FN:116,handleUp
FN:125,handleDown
FN:134,(anonymous_12)
FN:145,(anonymous_13)
FN:152,(anonymous_14)
FN:158,(anonymous_15)
FN:159,(anonymous_16)
FN:172,(anonymous_17)
FN:179,(anonymous_18)
FNF:19
FNH:3
FNDA:0,(anonymous_0)
FNDA:0,(anonymous_1)
FNDA:0,(anonymous_2)
FNDA:0,(anonymous_3)
FNDA:0,(anonymous_4)
FNDA:0,(anonymous_5)
FNDA:1,(anonymous_6)
FNDA:0,handleChange
FNDA:0,handleAdd
FNDA:0,handleDelete
FNDA:0,handleUp
FNDA:0,handleDown
FNDA:1,(anonymous_12)
FNDA:2,(anonymous_13)
FNDA:0,(anonymous_14)
FNDA:0,(anonymous_15)
FNDA:0,(anonymous_16)
FNDA:0,(anonymous_17)
FNDA:0,(anonymous_18)
DA:2,3
DA:3,3
DA:4,3
DA:5,3
DA:7,3
DA:27,3
DA:52,0
DA:53,0
DA:54,0
DA:55,0
DA:60,0
DA:66,0
DA:72,0
DA:78,0
DA:90,3
DA:94,1
DA:96,0
DA:97,0
DA:98,0
DA:99,0
DA:103,0
DA:104,0
DA:105,0
DA:106,0
DA:110,0
DA:111,0
DA:112,0
DA:113,0
DA:117,0
DA:118,0
DA:119,0
DA:120,0
DA:121,0
DA:122,0
DA:126,0
DA:127,0
DA:128,0
DA:129,0
DA:130,0
DA:131,0
DA:134,1
DA:135,1
DA:136,1
DA:137,1
DA:138,1
DA:139,1
DA:140,1
DA:141,0
DA:143,1
DA:144,1
DA:145,1
DA:146,2
DA:152,0
DA:156,0
DA:157,0
DA:158,0
DA:159,0
DA:172,0
DA:178,0
DA:179,0
DA:180,0
DA:185,0
DA:193,0
LF:63
LH:19
BRDA:83,0,0,0
BRDA:83,0,1,0
BRDA:97,1,0,0
BRDA:97,1,1,0
BRDA:104,2,0,0
BRDA:104,2,1,0
BRDA:111,3,0,0
BRDA:111,3,1,0
BRDA:117,4,0,0
BRDA:117,4,1,0
BRDA:119,5,0,0
BRDA:119,5,1,0
BRDA:127,6,0,0
BRDA:127,6,1,0
BRDA:128,7,0,0
BRDA:128,7,1,0
BRDA:138,8,0,1
BRDA:138,8,1,1
BRDA:139,9,0,1
BRDA:139,9,1,0
BRDA:140,10,0,0
BRDA:140,10,1,1
BRDA:144,11,0,0
BRDA:144,11,1,1
BRDA:156,12,0,0
BRDA:156,12,1,0
BRDA:157,13,0,0
BRDA:157,13,1,0
BRF:28
BRH:5
end_of_record
TN:
SF:/Users/wangy/IT/vue/vue3-json-schema-form/lib/fileds/NumberField.tsx
FN:6,(anonymous_0)
FN:7,(anonymous_1)
FN:16,(anonymous_2)
FNF:3
FNH:3
FNDA:5,(anonymous_0)
FNDA:1,(anonymous_1)
FNDA:6,(anonymous_2)
DA:2,3
DA:3,3
DA:7,5
DA:8,1
DA:9,1
DA:10,1
DA:11,0
DA:13,1
DA:16,5
DA:17,6
DA:18,6
LF:11
LH:10
BRDA:10,0,0,0
BRDA:10,0,1,1
BRF:2
BRH:1
end_of_record
TN:
SF:/Users/wangy/IT/vue/vue3-json-schema-form/lib/fileds/ObjectField.tsx
FN:9,(anonymous_0)
FN:11,handleChange
FN:20,(anonymous_2)
FN:25,(anonymous_3)
FN:32,(anonymous_4)
FNF:5
FNH:5
FNDA:3,(anonymous_0)
FNDA:4,handleChange
FNDA:4,(anonymous_2)
FNDA:8,(anonymous_3)
FNDA:4,(anonymous_4)
DA:2,3
DA:3,3
DA:4,3
DA:6,3
DA:10,3
DA:12,4
DA:13,4
DA:14,2
DA:16,2
DA:18,4
DA:20,3
DA:21,4
DA:22,4
DA:23,4
DA:24,4
DA:25,4
DA:26,8
DA:32,4
LF:18
LH:18
BRDA:12,0,0,2
BRDA:12,0,1,2
BRDA:13,1,0,2
BRDA:13,1,1,2
BRDA:23,2,0,4
BRDA:23,2,1,0
BRDA:24,3,0,3
BRDA:24,3,1,1
BRF:8
BRH:7
end_of_record
TN:
SF:/Users/wangy/IT/vue/vue3-json-schema-form/lib/fileds/StringField.tsx
FN:6,(anonymous_0)
FN:7,(anonymous_1)
FNF:2
FNH:2
FNDA:4,(anonymous_0)
FNDA:5,(anonymous_1)
DA:2,3
DA:3,3
DA:7,5
LF:3
LH:3
BRF:0
BRH:0
end_of_record
TN:
SF:/Users/wangy/IT/vue/vue3-json-schema-form/lib/wegets/selection.tsx
FN:17,(anonymous_0)
FN:20,(anonymous_1)
FN:25,(anonymous_2)
FN:26,(anonymous_3)
FN:30,(anonymous_4)
FN:31,(anonymous_5)
FN:33,(anonymous_6)
FNF:7
FNH:0
FNDA:0,(anonymous_0)
FNDA:0,(anonymous_1)
FNDA:0,(anonymous_2)
FNDA:0,(anonymous_3)
FNDA:0,(anonymous_4)
FNDA:0,(anonymous_5)
FNDA:0,(anonymous_6)
DA:3,3
DA:18,0
DA:20,0
DA:21,0
DA:24,0
DA:25,0
DA:27,0
DA:30,0
DA:31,0
DA:32,0
DA:34,0
LF:11
LH:1
BRF:0
BRH:0
end_of_record
